INFO-FLOW: Workspace C:/SchoolWerk/HAC/HLSEindoefening/solution1 opened at Wed May 14 15:16:29 +0200 2025
Execute     ap_set_clock -name default -period 8 -unit ns -default=false 
INFO: [SYN 201-201] Setting up clock 'default' with a period of 8ns.
Execute     set_part xc7z020-clg400-1 
Execute       create_platform xc7z020-clg400-1 -board  
DBG:HLSDevice: Trying to load device library: C:/Xilinx/Vitis/2024.2\lib\win64.o\xv_hlsvwrap.dll
DBG:HLSDevice: first parts/arch.xml in RDI_DATADIR: C:/Xilinx/Vivado/2024.2/data/parts/arch.xml
DBG:HLSDevice: init success
INFO: [HLS 200-1611] Setting target device to 'xc7z020-clg400-1'
Command       create_platform done; 0.83 sec.
Execute       source C:/Xilinx/Vitis/2024.2/common/technology/xilinx/common/xilinx.gen 
Execute         source C:/Xilinx/Vitis/2024.2/common/technology/xilinx/interface/plb46.gen 
Execute         source C:/Xilinx/Vitis/2024.2/common/technology/xilinx/interface/axi4.gen 
Execute         source C:/Xilinx/Vitis/2024.2/common/technology/xilinx/interface/nativeAXI4.gen 
Execute           source C:/Xilinx/Vitis/2024.2/common/technology/xilinx/interface/saxilite.gen 
Execute         source C:/Xilinx/Vitis/2024.2/common/technology/xilinx/scripts/xilinxcoregen.gen 
Execute         source C:/Xilinx/Vitis/2024.2/common/technology/xilinx/interface/XilEDKCoreGen.gen 
Execute         source C:/Xilinx/Vitis/2024.2/common/technology/xilinx/ip/dds_compiler.gen 
Execute         source C:/Xilinx/Vitis/2024.2/common/technology/xilinx/ip/util.gen 
Execute         source C:/Xilinx/Vitis/2024.2/common/technology/xilinx/ip/xfft.gen 
Execute         source C:/Xilinx/Vitis/2024.2/common/technology/xilinx/ip/xfir.gen 
Execute         source C:/Xilinx/Vitis/2024.2/common/technology/xilinx/DSP48/dsp48.gen 
Execute       ap_part_info -name xc7z020-clg400-1 -data info 
Execute       config_compile -quiet -complex-mul-dsp=0 
Command     set_part done; 0.877 sec.
Execute     send_msg_by_id INFO @200-1505@%s%s  vivado 
INFO: [HLS 200-1505] Using flow_target 'vivado'
Command   open_solution done; 0.889 sec.
Execute   set_part xc7z020-clg400-1 
INFO: [HLS 200-1510] Running: set_part xc7z020-clg400-1 
Execute     create_platform xc7z020-clg400-1 -board  
Execute     source C:/Xilinx/Vitis/2024.2/common/technology/xilinx/common/xilinx.gen 
Execute       source C:/Xilinx/Vitis/2024.2/common/technology/xilinx/interface/plb46.gen 
Execute       source C:/Xilinx/Vitis/2024.2/common/technology/xilinx/interface/axi4.gen 
Execute       source C:/Xilinx/Vitis/2024.2/common/technology/xilinx/interface/nativeAXI4.gen 
Execute         source C:/Xilinx/Vitis/2024.2/common/technology/xilinx/interface/saxilite.gen 
Execute       source C:/Xilinx/Vitis/2024.2/common/technology/xilinx/scripts/xilinxcoregen.gen 
Execute       source C:/Xilinx/Vitis/2024.2/common/technology/xilinx/interface/XilEDKCoreGen.gen 
Execute       source C:/Xilinx/Vitis/2024.2/common/technology/xilinx/ip/dds_compiler.gen 
Execute       source C:/Xilinx/Vitis/2024.2/common/technology/xilinx/ip/util.gen 
Execute       source C:/Xilinx/Vitis/2024.2/common/technology/xilinx/ip/xfft.gen 
Execute       source C:/Xilinx/Vitis/2024.2/common/technology/xilinx/ip/xfir.gen 
Execute       source C:/Xilinx/Vitis/2024.2/common/technology/xilinx/DSP48/dsp48.gen 
Execute     ap_part_info -name xc7z020-clg400-1 -data info 
Execute     config_compile -quiet -complex-mul-dsp=0 
Command   set_part done; 0.121 sec.
Execute   create_clock -period 8 -name default 
INFO: [HLS 200-1510] Running: create_clock -period 8 -name default 
Execute   source ./HLSEindoefening/solution1/directives.tcl 
INFO: [HLS 200-1510] Running: source ./HLSEindoefening/solution1/directives.tcl
Execute     set_directive_top -name process_images process_images 
INFO: [HLS 200-1510] Running: set_directive_top -name process_images process_images 
WARNING: [HLS 200-484] The 'set_directive_top -name' command is deprecated and will be removed in a future release.
WARNING: [HLS 200-484] The 'set_directive_top -location' command is deprecated and will be removed in a future release.
Execute   csynth_design 
INFO: [HLS 200-1510] Running: csynth_design 
Execute     ::AP::init_summary_file csynth 
INFO-FLOW: Running SLX 'csynth' proc: ::SLX::run_csynth
Execute     elaborate -effort=medium -skip_syncheck=0 -keep_printf=0 -skip_cdt=0 -skip_transform=0 -ng=0 -g=0 -opt_fp=0 -from_csynth_design=1 
INFO: [HLS 200-111] Finished File checks and directory preparation: CPU user time: 0 seconds. CPU system time: 0 seconds. Elapsed time: 0.06 seconds; current allocated memory: 318.227 MB.
Execute       set_directive_top process_images -name=process_images 
Execute       source C:/Xilinx/Vitis/2024.2/tps/tcl/tcllib1.11.1/yaml/huddle.tcl 
Execute       source C:/Xilinx/Vitis/2024.2/tps/tcl/tcllib1.11.1/yaml/json2huddle.tcl 
Execute         source C:/Xilinx/Vitis/2024.2/tps/tcl/tcllib1.11.1/try/try.tcl 
INFO: [HLS 200-10] Analyzing design file 'HLSEindoefening/hls_process_images.c' ... 
INFO-FLOW: Compiling one TU...
INFO-FLOW: Handling HLSEindoefening/hls_process_images.c as C
Execute       ap_part_info -name xc7z020-clg400-1 -data info 
INFO-FLOW: Running: GCC PP 39
INFO-FLOW: Source preprocessing
INFO-FLOW: run_clang exec: C:/Xilinx/Vitis/2024.2/win64/tools/clang-3.9-csynth/bin/clang HLSEindoefening/hls_process_images.c -foptimization-record-file=C:/SchoolWerk/HAC/HLSEindoefening/solution1/.autopilot/db/hls_process_images.c.clang.diag.yml -mllvm -pass-remarks-missed=reflow|pasta|unroll|inline -mllvm -pass-remarks=reflow|pasta|unroll|inline -fno-limit-debug-info --sysroot C:/Xilinx/Vitis/2024.2/tps/mingw/8.3.0/win64.o/nt -fhls -fno-exceptions -insert-hls-directive=C:/SchoolWerk/HAC/HLSEindoefening/solution1/.autopilot/db/all.directive.json -E -fno-math-errno -c -emit-llvm -mllvm -disable-llvm-optzns -Werror=implicit-function-declaration -Werror=implicit-hls-streams -Werror=return-type -Wpragmas -Wunused-parameter -Wdump-hls-pragmas -Wno-error=dump-hls-pragmas -hls-clock-period=8 -std=gnu99 -fgnu89-inline -target fpga64-xilinx-mingw32 -D__VITIS_HLS__ -DAESL_SYN -D__SYNTHESIS__ -D__HLS_SYN__ -I C:/Xilinx/Vitis/2024.2/common/technology/autopilot -I C:/Xilinx/Vitis/2024.2/common/technology/autopilot/ap_sysc -include etc/autopilot_ssdm_op.h -D__DSP48E1__ -I /usr/include/x86_64-linux-gnu -o C:/SchoolWerk/HAC/HLSEindoefening/solution1/.autopilot/db/hls_process_images.pp.0.c {-hls-platform-db-name=C:/Xilinx/Vitis/2024.2\common/technology\xilinx/common/platform.db} -hls-platform-name=zynq_slow -device-resource-info=BRAM_280.000000_DSP_220.000000_FF_106400.000000_LUT_53200.000000_SLICE_13300.000000_URAM_0.000000 -device-name-info=xc7z020clg400-1 > C:/SchoolWerk/HAC/HLSEindoefening/solution1/.autopilot/db/hls_process_images.c.clang.out.log 2> C:/SchoolWerk/HAC/HLSEindoefening/solution1/.autopilot/db/hls_process_images.c.clang.err.log
INFO-FLOW: Done: GCC PP 39 time: 0.3 seconds per iteration
INFO-FLOW: Source syntax check for synthesis
INFO-FLOW: run_clang exec: C:/Xilinx/Vitis/2024.2/win64/tools/clang-3.9-csynth/bin/clang -foptimization-record-file=C:/SchoolWerk/HAC/HLSEindoefening/solution1/.autopilot/db/clang.diag.yml -mllvm -pass-remarks-missed=reflow|pasta|unroll|inline -mllvm -pass-remarks=reflow|pasta|unroll|inline -fsyntax-only -fhls -target fpga64-xilinx-linux-gnu C:/SchoolWerk/HAC/HLSEindoefening/solution1/.autopilot/db/hls_process_images.pp.0.c {-hls-platform-db-name=C:/Xilinx/Vitis/2024.2\common/technology\xilinx/common/platform.db} -hls-platform-name=zynq_slow -device-resource-info=BRAM_280.000000_DSP_220.000000_FF_106400.000000_LUT_53200.000000_SLICE_13300.000000_URAM_0.000000 -device-name-info=xc7z020clg400-1 > C:/SchoolWerk/HAC/HLSEindoefening/solution1/.autopilot/db/clang.out.log 2> C:/SchoolWerk/HAC/HLSEindoefening/solution1/.autopilot/db/clang.err.log
Execute       clang_tidy xilinx-systemc-detector -desc systemc-detector C:/SchoolWerk/HAC/HLSEindoefening/solution1/.autopilot/db/hls_process_images.pp.0.c std=gnu99 -target fpga  -directive=C:/SchoolWerk/HAC/HLSEindoefening/solution1/.autopilot/db/.systemc_flag 
INFO-FLOW: exec C:/Xilinx/Vitis/2024.2/win64/tools/clang-3.9-csynth/bin/clang-tidy -header-filter=.* --checks=-*,xilinx-systemc-detector -import-directive=C:/SchoolWerk/HAC/HLSEindoefening/solution1/.autopilot/db/.systemc_flag -fix-errors C:/SchoolWerk/HAC/HLSEindoefening/solution1/.autopilot/db/hls_process_images.pp.0.c -- -std=gnu99 -target fpga -fhls -ferror-limit=0
INFO-FLOW: Running: clang-tidy CDT preprocess 39
Execute       clang_tidy xilinx-directive2pragma -desc directive2pragma C:/SchoolWerk/HAC/HLSEindoefening/solution1/.autopilot/db/hls_process_images.pp.0.c std=gnu99 -target fpga  -directive=C:/SchoolWerk/HAC/HLSEindoefening/solution1/.autopilot/db/all.directive.json 
INFO-FLOW: exec C:/Xilinx/Vitis/2024.2/win64/tools/clang-3.9-csynth/bin/clang-tidy -header-filter=.* --checks=-*,xilinx-directive2pragma -import-directive=C:/SchoolWerk/HAC/HLSEindoefening/solution1/.autopilot/db/all.directive.json -fix-errors C:/SchoolWerk/HAC/HLSEindoefening/solution1/.autopilot/db/hls_process_images.pp.0.c -- -std=gnu99 -target fpga -fhls -ferror-limit=0
INFO-FLOW: Done: clang-tidy CDT preprocess 39 time: 0 seconds per iteration
INFO-FLOW: Calling xilinx-label-all-loops ... 
INFO-FLOW: Calling xilinx-aggregate-on-hls-vector ... 
Execute       clang_tidy -errorcheck -desc loop-label xilinx-label-all-loops,xilinx-aggregate-on-hls-vector,,xilinx-warn-mayneed-no-ctor-attribute C:/SchoolWerk/HAC/HLSEindoefening/solution1/.autopilot/db/hls_process_images.pp.0.c std=gnu99 -target fpga  
INFO-FLOW: run_clang exec: C:/Xilinx/Vitis/2024.2/win64/tools/clang-3.9-csynth/bin/clang-tidy -export-fixes=C:/SchoolWerk/HAC/HLSEindoefening/solution1/.autopilot/db/hls_process_images.pp.0.c.clang-tidy.loop-label.diag.yml -header-filter=.* --checks=-*,xilinx-label-all-loops,xilinx-aggregate-on-hls-vector,,xilinx-warn-mayneed-no-ctor-attribute -fix-errors C:/SchoolWerk/HAC/HLSEindoefening/solution1/.autopilot/db/hls_process_images.pp.0.c -- -std=gnu99 -target fpga -fhls -ferror-limit=0 > C:/SchoolWerk/HAC/HLSEindoefening/solution1/.autopilot/db/hls_process_images.pp.0.c.clang-tidy.loop-label.out.log 2> C:/SchoolWerk/HAC/HLSEindoefening/solution1/.autopilot/db/hls_process_images.pp.0.c.clang-tidy.loop-label.err.log
Execute         source C:/Xilinx/Vitis/2024.2/tps/tcl/tcllib1.11.1/yaml/yaml.tcl 
INFO-FLOW: run_clang exec: C:/Xilinx/Vitis/2024.2/win64/tools/clang-3.9-csynth/bin/xilinx-dataflow-lawyer -export-fixes=C:/SchoolWerk/HAC/HLSEindoefening/solution1/.autopilot/db/hls_process_images.pp.0.c.xilinx-dataflow-lawyer.diag.yml C:/SchoolWerk/HAC/HLSEindoefening/solution1/.autopilot/db/hls_process_images.pp.0.c -- -std=gnu99 -target fpga -fhls -ferror-limit=0 -fstrict-dataflow > C:/SchoolWerk/HAC/HLSEindoefening/solution1/.autopilot/db/hls_process_images.pp.0.c.xilinx-dataflow-lawyer.out.log 2> C:/SchoolWerk/HAC/HLSEindoefening/solution1/.autopilot/db/hls_process_images.pp.0.c.xilinx-dataflow-lawyer.err.log
Execute       ap_part_info -name xc7z020-clg400-1 -data info 
INFO-FLOW: compiling source code to llvm bc
INFO-FLOW: run_clang exec: C:/Xilinx/Vitis/2024.2/win64/tools/clang-3.9-csynth/bin/clang -foptimization-record-file=C:/SchoolWerk/HAC/HLSEindoefening/solution1/.autopilot/db/hls_process_images.pp.0.c.clang.diag.yml -mllvm -pass-remarks-missed=reflow|pasta|unroll|inline -mllvm -pass-remarks=reflow|pasta|unroll|inline -fno-limit-debug-info -fhls -flto -fno-exceptions -Wno-error=c++11-narrowing -hls-emit-hint-scope C:/SchoolWerk/HAC/HLSEindoefening/solution1/.autopilot/db/hls_process_images.pp.0.c -fno-math-errno -c -emit-llvm -mllvm -disable-llvm-optzns -Werror=implicit-function-declaration -Werror=implicit-hls-streams -Werror=return-type -Wpragmas -Wunused-parameter -Wdump-hls-pragmas -Wno-error=dump-hls-pragmas -hls-clock-period=8 -std=gnu99 -fgnu89-inline -target fpga64-xilinx-linux-gnu -D__VITIS_HLS__ -DAESL_SYN -D__SYNTHESIS__ -D__HLS_SYN__ -I C:/Xilinx/Vitis/2024.2/common/technology/autopilot -I C:/Xilinx/Vitis/2024.2/common/technology/autopilot/ap_sysc -include etc/autopilot_ssdm_op.h -D__DSP48E1__ -g -o C:/SchoolWerk/HAC/HLSEindoefening/solution1/.autopilot/db/hls_process_images.bc {-hls-platform-db-name=C:/Xilinx/Vitis/2024.2\common/technology\xilinx/common/platform.db} -hls-platform-name=zynq_slow -device-resource-info=BRAM_280.000000_DSP_220.000000_FF_106400.000000_LUT_53200.000000_SLICE_13300.000000_URAM_0.000000 -device-name-info=xc7z020clg400-1 > C:/SchoolWerk/HAC/HLSEindoefening/solution1/.autopilot/db/hls_process_images.pp.0.c.clang.out.log 2> C:/SchoolWerk/HAC/HLSEindoefening/solution1/.autopilot/db/hls_process_images.pp.0.c.clang.err.log
INFO: [HLS 200-111] Finished Source Code Analysis and Preprocessing: CPU user time: 0 seconds. CPU system time: 0 seconds. Elapsed time: 0.841 seconds; current allocated memory: 319.535 MB.
INFO-FLOW: Linking Debug ...
INFO-FLOW: Linking dut bc code.
Execute       run_link_or_opt -out C:/SchoolWerk/HAC/HLSEindoefening/solution1/.autopilot/db/a.g.ld.0.bc -args  "C:/SchoolWerk/HAC/HLSEindoefening/solution1/.autopilot/db/hls_process_images.g.bc"  
INFO-FLOW: run_clang exec: C:/Xilinx/Vitis/2024.2/win64/tools/clang-3.9-csynth/bin/llvm-link C:/SchoolWerk/HAC/HLSEindoefening/solution1/.autopilot/db/hls_process_images.g.bc -o C:/SchoolWerk/HAC/HLSEindoefening/solution1/.autopilot/db/a.g.ld.0.bc > C:/SchoolWerk/HAC/HLSEindoefening/solution1/.autopilot/db/a.g.ld.0.bc.llvm-link.out.log 2> C:/SchoolWerk/HAC/HLSEindoefening/solution1/.autopilot/db/a.g.ld.0.bc.llvm-link.err.log
Execute       run_link_or_opt -opt -out C:/SchoolWerk/HAC/HLSEindoefening/solution1/.autopilot/db/a.g.ld.1.lower.bc -args C:/SchoolWerk/HAC/HLSEindoefening/solution1/.autopilot/db/a.g.ld.0.bc -reflow-lower-math-intrinsics 
INFO-FLOW: run_clang exec: C:/Xilinx/Vitis/2024.2/win64/tools/clang-3.9-csynth/bin/opt -pass-remarks-missed=reflow|pasta|unroll|inline -pass-remarks=reflow|pasta|unroll|inline -pass-remarks-output=C:/SchoolWerk/HAC/HLSEindoefening/solution1/.autopilot/db/a.g.ld.1.lower.bc.opt.diag.yml C:/SchoolWerk/HAC/HLSEindoefening/solution1/.autopilot/db/a.g.ld.0.bc -reflow-lower-math-intrinsics -o C:/SchoolWerk/HAC/HLSEindoefening/solution1/.autopilot/db/a.g.ld.1.lower.bc > C:/SchoolWerk/HAC/HLSEindoefening/solution1/.autopilot/db/a.g.ld.1.lower.bc.opt.out.log 2> C:/SchoolWerk/HAC/HLSEindoefening/solution1/.autopilot/db/a.g.ld.1.lower.bc.opt.err.log
INFO-FLOW: Running: gen_design_size_report post-opt
INFO-FLOW: Done: gen_design_size_report post-opt time: 0 seconds per iteration
INFO-FLOW: Linking math bc lib
Execute       run_link_or_opt -out C:/SchoolWerk/HAC/HLSEindoefening/solution1/.autopilot/db/a.g.ld.2.m1.bc -args C:/SchoolWerk/HAC/HLSEindoefening/solution1/.autopilot/db/a.g.ld.1.lower.bc -only-needed C:/Xilinx/Vitis/2024.2/win64/lib/libhlsm_39.bc C:/Xilinx/Vitis/2024.2/win64/lib/libhlsmc++_39.bc 
INFO-FLOW: run_clang exec: C:/Xilinx/Vitis/2024.2/win64/tools/clang-3.9-csynth/bin/llvm-link C:/SchoolWerk/HAC/HLSEindoefening/solution1/.autopilot/db/a.g.ld.1.lower.bc -only-needed C:/Xilinx/Vitis/2024.2/win64/lib/libhlsm_39.bc C:/Xilinx/Vitis/2024.2/win64/lib/libhlsmc++_39.bc -o C:/SchoolWerk/HAC/HLSEindoefening/solution1/.autopilot/db/a.g.ld.2.m1.bc > C:/SchoolWerk/HAC/HLSEindoefening/solution1/.autopilot/db/a.g.ld.2.m1.bc.llvm-link.out.log 2> C:/SchoolWerk/HAC/HLSEindoefening/solution1/.autopilot/db/a.g.ld.2.m1.bc.llvm-link.err.log
Command       run_link_or_opt done; 1.02 sec.
Execute       run_link_or_opt -opt -out C:/SchoolWerk/HAC/HLSEindoefening/solution1/.autopilot/db/a.g.ld.3.fpc.bc -args C:/SchoolWerk/HAC/HLSEindoefening/solution1/.autopilot/db/a.g.ld.2.m1.bc -reflow-globaldce -hls-top-function-name=process_images -reflow-float-conversion 
INFO-FLOW: run_clang exec: C:/Xilinx/Vitis/2024.2/win64/tools/clang-3.9-csynth/bin/opt -pass-remarks-missed=reflow|pasta|unroll|inline -pass-remarks=reflow|pasta|unroll|inline -pass-remarks-output=C:/SchoolWerk/HAC/HLSEindoefening/solution1/.autopilot/db/a.g.ld.3.fpc.bc.opt.diag.yml C:/SchoolWerk/HAC/HLSEindoefening/solution1/.autopilot/db/a.g.ld.2.m1.bc -reflow-globaldce -hls-top-function-name=process_images -reflow-float-conversion -o C:/SchoolWerk/HAC/HLSEindoefening/solution1/.autopilot/db/a.g.ld.3.fpc.bc > C:/SchoolWerk/HAC/HLSEindoefening/solution1/.autopilot/db/a.g.ld.3.fpc.bc.opt.out.log 2> C:/SchoolWerk/HAC/HLSEindoefening/solution1/.autopilot/db/a.g.ld.3.fpc.bc.opt.err.log
INFO-FLOW: Running: gen_design_size_report post-opt
INFO-FLOW: Done: gen_design_size_report post-opt time: 0 seconds per iteration
Command       run_link_or_opt done; 0.448 sec.
Execute       run_link_or_opt -out C:/SchoolWerk/HAC/HLSEindoefening/solution1/.autopilot/db/a.g.ld.4.m2.bc -args C:/SchoolWerk/HAC/HLSEindoefening/solution1/.autopilot/db/a.g.ld.3.fpc.bc -only-needed C:/Xilinx/Vitis/2024.2/win64/lib/libfloatconversion_39.bc 
INFO-FLOW: run_clang exec: C:/Xilinx/Vitis/2024.2/win64/tools/clang-3.9-csynth/bin/llvm-link C:/SchoolWerk/HAC/HLSEindoefening/solution1/.autopilot/db/a.g.ld.3.fpc.bc -only-needed C:/Xilinx/Vitis/2024.2/win64/lib/libfloatconversion_39.bc -o C:/SchoolWerk/HAC/HLSEindoefening/solution1/.autopilot/db/a.g.ld.4.m2.bc > C:/SchoolWerk/HAC/HLSEindoefening/solution1/.autopilot/db/a.g.ld.4.m2.bc.llvm-link.out.log 2> C:/SchoolWerk/HAC/HLSEindoefening/solution1/.autopilot/db/a.g.ld.4.m2.bc.llvm-link.err.log
Execute       run_link_or_opt -opt -out C:/SchoolWerk/HAC/HLSEindoefening/solution1/.autopilot/db/a.g.ld.5.gdce.bc -args C:/SchoolWerk/HAC/HLSEindoefening/solution1/.autopilot/db/a.g.ld.4.m2.bc -reflow-globaldce -hls-top-function-name=process_images 
INFO-FLOW: run_clang exec: C:/Xilinx/Vitis/2024.2/win64/tools/clang-3.9-csynth/bin/opt -pass-remarks-missed=reflow|pasta|unroll|inline -pass-remarks=reflow|pasta|unroll|inline -pass-remarks-output=C:/SchoolWerk/HAC/HLSEindoefening/solution1/.autopilot/db/a.g.ld.5.gdce.bc.opt.diag.yml C:/SchoolWerk/HAC/HLSEindoefening/solution1/.autopilot/db/a.g.ld.4.m2.bc -reflow-globaldce -hls-top-function-name=process_images -o C:/SchoolWerk/HAC/HLSEindoefening/solution1/.autopilot/db/a.g.ld.5.gdce.bc > C:/SchoolWerk/HAC/HLSEindoefening/solution1/.autopilot/db/a.g.ld.5.gdce.bc.opt.out.log 2> C:/SchoolWerk/HAC/HLSEindoefening/solution1/.autopilot/db/a.g.ld.5.gdce.bc.opt.err.log
INFO-FLOW: Running: gen_design_size_report post-opt
INFO-FLOW: Done: gen_design_size_report post-opt time: 0 seconds per iteration
Execute       send_msg_by_id INFO @200-777@%s Vivado 
INFO: [HLS 200-777] Using interface defaults for 'Vivado' flow target.
Execute       is_m_axi_addr64 
INFO-FLOW: Doing LTO.
INFO-FLOW: run_clang (background poll_ms 5000) exec: C:/Xilinx/Vitis/2024.2/win64/tools/clang-3.9-csynth/bin/clang -foptimization-record-file=C:/SchoolWerk/HAC/HLSEindoefening/solution1/.autopilot/db/a.g.ld.0.bc.clang.reflow.diag.yml -mllvm -pass-remarks-missed=reflow|pasta|unroll|inline -mllvm -pass-remarks=reflow|pasta|unroll|inline -fhls -mllvm -hls-top-function-name=process_images -mllvm -hls-db-dir -mllvm C:/SchoolWerk/HAC/HLSEindoefening/solution1/.autopilot/db -emit-llvm -c -target fpga64-xilinx-none -mllvm -xcl-xmlinfo=C:/SchoolWerk/HAC/HLSEindoefening/solution1/.autopilot/db/kernel.internal.xml -mllvm -top-io-mapping-info=C:/SchoolWerk/HAC/HLSEindoefening/solution1/.autopilot/db/top-io-fe.xml -mllvm -hls-bitcode-version=3.1 -mllvm -reflow-enable-slave-interface-default-setting=true -mllvm -gen-kernel-xml=false -mllvm -default-maxi-offset=slave -mllvm -maxi-latency=0 -mllvm -hls-maxi-data-size-in-bits=8 -mllvm -hls-maxi-max-data-size-in-bits=1024 -mllvm -hls-max-widen-size-in-bits=0 -mllvm -xcl-kernel-max-mem-ports=0 -mllvm -maxi-read-trans=16 -mllvm -maxi-write-trans=16 -mllvm -maxi-read-burst-len=16 -mllvm -maxi-write-burst-len=16 -mllvm -reflow-enable-saxi-64bits=0 -mllvm -reflow-basic-block-instr-threshold=200000 -mllvm -reflow-auto-pipeline-threshold=64 -mllvm -reflow-enable-maxi-auto-id-channel=0 -mllvm -reflow-bdd-simplify-threshold=1048576 -mllvm -reflow-fanout-threshold=16 -mllvm -reflow-complete-threshold=4 -mllvm -reflow-array-promotion-threshold=64 -mllvm -assume-maxi-align=1 -mllvm -reflow-enable-dataflow-strict-mode-checking=1 -ftime-report -mllvm -time-passes -mllvm -reflow-auto-array-partition-mode=default -mllvm -reflow-enable-auto-small-array-partition=true -mllvm -reflow-enable-auto-array-promotion=true -mllvm -reflow-enable-auto-array-partition-for-flatten=true -mllvm -reflow-enable-auto-parallel-performance-driven=true -mllvm -reflow-enable-partition-for-automation=true -mllvm -reflow-aggregate-bitwidth-threshold=4096 -mllvm -reflow-reserved-saxilite-registers=0 -mllvm -enable-reflow-auto-loop-pipeline -mllvm -reflow-max-unroll-threshold=409600 -mllvm -auto-unroll-tripcount-threshold=0 -mllvm -reflow-assume-no-address-wrap=true -mllvm -reflow-enable-occurrence-inference=true -mllvm -reflow-emit-hint-scope=true -mllvm -reflow-enable-codegen-with-if=true -mllvm -reflow-enable-dataflow-canon=true -mllvm -reflow-enable-dataflow-canon2=true -mllvm -hls -mllvm -disable-inlined-alloca-merging=true -mllvm -default-clock-period=8 -mllvm -use_read_first_ram_in_loop=1 -mllvm -default-clock-uncertainty=2.16 -x ir C:/SchoolWerk/HAC/HLSEindoefening/solution1/.autopilot/db/a.g.ld.5.gdce.bc -o C:/SchoolWerk/HAC/HLSEindoefening/solution1/.autopilot/db/a.g.lto.bc {-hls-platform-db-name=C:/Xilinx/Vitis/2024.2\common/technology\xilinx/common/platform.db} -hls-platform-name=zynq_slow -device-resource-info=BRAM_280.000000_DSP_220.000000_FF_106400.000000_LUT_53200.000000_SLICE_13300.000000_URAM_0.000000 -device-name-info=xc7z020clg400-1 2> C:/SchoolWerk/HAC/HLSEindoefening/solution1/.autopilot/db/a.g.ld.0.bc.clang.reflow.err.log bg_poll_cmd: ::AP::poll_clang_39_closed_source
Execute       send_msg_by_id INFO @200-1995@%s%s%s 426 Compile/Link C:/SchoolWerk/HAC/HLSEindoefening/solution1/syn/report/csynth_design_size.rpt 
INFO: [HLS 200-1995] There were 426 instructions in the design after the 'Compile/Link' phase of compilation. See the Design Size Report for more details: C:/SchoolWerk/HAC/HLSEindoefening/solution1/syn/report/csynth_design_size.rpt
Execute       send_msg_by_id INFO @200-1995@%s%s%s 421 Unroll/Inline (step 1) C:/SchoolWerk/HAC/HLSEindoefening/solution1/syn/report/csynth_design_size.rpt 
INFO: [HLS 200-1995] There were 421 instructions in the design after the 'Unroll/Inline (step 1)' phase of compilation. See the Design Size Report for more details: C:/SchoolWerk/HAC/HLSEindoefening/solution1/syn/report/csynth_design_size.rpt
Execute       send_msg_by_id INFO @200-1995@%s%s%s 275 Unroll/Inline (step 2) C:/SchoolWerk/HAC/HLSEindoefening/solution1/syn/report/csynth_design_size.rpt 
INFO: [HLS 200-1995] There were 275 instructions in the design after the 'Unroll/Inline (step 2)' phase of compilation. See the Design Size Report for more details: C:/SchoolWerk/HAC/HLSEindoefening/solution1/syn/report/csynth_design_size.rpt
Execute       send_msg_by_id INFO @200-1995@%s%s%s 281 Unroll/Inline (step 3) C:/SchoolWerk/HAC/HLSEindoefening/solution1/syn/report/csynth_design_size.rpt 
INFO: [HLS 200-1995] There were 281 instructions in the design after the 'Unroll/Inline (step 3)' phase of compilation. See the Design Size Report for more details: C:/SchoolWerk/HAC/HLSEindoefening/solution1/syn/report/csynth_design_size.rpt
Execute       send_msg_by_id INFO @200-1995@%s%s%s 266 Unroll/Inline (step 4) C:/SchoolWerk/HAC/HLSEindoefening/solution1/syn/report/csynth_design_size.rpt 
INFO: [HLS 200-1995] There were 266 instructions in the design after the 'Unroll/Inline (step 4)' phase of compilation. See the Design Size Report for more details: C:/SchoolWerk/HAC/HLSEindoefening/solution1/syn/report/csynth_design_size.rpt
INFO-FLOW: background_tcl error: C:/Xilinx/Vitis/2024.2/win64/tools/clang-3.9-csynth/bin/clang exited with code 1
INFO: [HLS 214-178] Inlining function 'convolution' into 'process_images' (HLSEindoefening/hls_process_images.c:57:0)
INFO: [HLS 214-178] Inlining function 'max_pooling' into 'process_images' (HLSEindoefening/hls_process_images.c:57:0)
INFO: [HLS 214-178] Inlining function 'min_pooling' into 'process_images' (HLSEindoefening/hls_process_images.c:57:0)
INFO: [HLS 214-178] Inlining function 'average_pooling' into 'process_images' (HLSEindoefening/hls_process_images.c:57:0)
ERROR: [HLS 214-143] in function 'process_images': Arrays must be specified with a constant size (HLSEindoefening/hls_process_images.c:65:2)
ERROR: [HLS 214-143] in function 'process_images': Arrays must be specified with a constant size (HLSEindoefening/hls_process_images.c:66:5)
ERROR: [HLS 214-143] in function 'process_images': Arrays must be specified with a constant size (HLSEindoefening/hls_process_images.c:67:5)
ERROR: [HLS 214-143] in function 'process_images': Arrays must be specified with a constant size (HLSEindoefening/hls_process_images.c:68:5)
WARNING: [HLS 214-450] Ignore address on register port 'vla' (HLSEindoefening/hls_process_images.c:15:39)
WARNING: [HLS 214-450] Ignore address on register port 'vla3' (HLSEindoefening/hls_process_images.c:28:57)
WARNING: [HLS 214-450] Ignore address on register port 'vla7' (HLSEindoefening/hls_process_images.c:41:57)
WARNING: [HLS 214-450] Ignore address on register port 'vla11' (HLSEindoefening/hls_process_images.c:51:57)
WARNING: [HLS 214-450] Ignore address on register port 'vla' (HLSEindoefening/hls_process_images.c:92:35)
WARNING: [HLS 214-450] Ignore address on register port 'vla3' (HLSEindoefening/hls_process_images.c:102:37)
WARNING: [HLS 214-450] Ignore address on register port 'vla7' (HLSEindoefening/hls_process_images.c:103:48)
WARNING: [HLS 214-450] Ignore address on register port 'vla11' (HLSEindoefening/hls_process_images.c:104:48)
ERROR: [HLS 214-135] Syn check fail!
Execute       send_msg_by_id ERROR @200-1715@ 
ERROR: [HLS 200-1715] Encountered problem during source synthesis
INFO-FLOW: Error in clang_39: 
INFO-FLOW: Caught error in elaborate: Pre-synthesis failed.
    while executing
"AP::ap_link_39 [::AP::get_bc_list  $dbgInfo] $skip_transform $LLVMFlags $dbgInfo"
    (procedure "AP::compile_dut_files_39" line 60)
    invoked from within
"AP::compile_dut_files_39 $dut_files $dbgInfo $skip_cdt $skip_transform"
    (procedure "AP::compile" line 108)
    invoked from within
"AP::compile 1 $skip_cdt $skip_transform"
    (procedure "ap_internal_elaborate" line 83)
    invoked from within
"ap_internal_elaborate "
Command     elaborate done; error code: 2; 7.706 sec.
INFO-FLOW: Caught error in csynth_design: Pre-synthesis failed.
    while executing
"ap_internal_csynth_design "
Command   csynth_design done; error code: 2; 7.754 sec.
INFO: [HLS 200-2161] Finished Command csynth_design Elapsed time: 00:00:07; Allocated memory: 2.840 MB.
Command ap_source done; error code: 1; 8.793 sec.
Execute cleanup_all 
