C:\HAC\HLS_Image_Proc\HLS_Eindoefening\solution1\.autopilot\db\HLS.pp.0.c:338:5: warning: Added loop label VITIS_LOOP_5_1:   [xilinx-label-all-loops]
    for (int i = 0; i < height - 2; i++) {
    ^~~
    VITIS_LOOP_5_1: 
C:\HAC\HLS_Image_Proc\HLS_Eindoefening\solution1\.autopilot\db\HLS.pp.0.c:338:5: note: FIX-IT applied suggested code changes
C:\HAC\HLS_Image_Proc\HLS_Eindoefening\solution1\.autopilot\db\HLS.pp.0.c:339:9: warning: Added loop label VITIS_LOOP_6_2:   [xilinx-label-all-loops]
        for (int j = 0; j < width - 2; j++) {
        ^~~
        VITIS_LOOP_6_2: 
C:\HAC\HLS_Image_Proc\HLS_Eindoefening\solution1\.autopilot\db\HLS.pp.0.c:339:9: note: FIX-IT applied suggested code changes
C:\HAC\HLS_Image_Proc\HLS_Eindoefening\solution1\.autopilot\db\HLS.pp.0.c:342:13: warning: Added loop label VITIS_LOOP_9_3:   [xilinx-label-all-loops]
            for (int ki = 0; ki < 3; ki++) {
            ^~~
            VITIS_LOOP_9_3: 
C:\HAC\HLS_Image_Proc\HLS_Eindoefening\solution1\.autopilot\db\HLS.pp.0.c:342:13: note: FIX-IT applied suggested code changes
C:\HAC\HLS_Image_Proc\HLS_Eindoefening\solution1\.autopilot\db\HLS.pp.0.c:343:17: warning: Added loop label VITIS_LOOP_10_4:   [xilinx-label-all-loops]
                for (int kj = 0; kj < 3; kj++) {
                ^~~
                VITIS_LOOP_10_4: 
C:\HAC\HLS_Image_Proc\HLS_Eindoefening\solution1\.autopilot\db\HLS.pp.0.c:343:17: note: FIX-IT applied suggested code changes
C:\HAC\HLS_Image_Proc\HLS_Eindoefening\solution1\.autopilot\db\HLS.pp.0.c:353:5: warning: Added loop label VITIS_LOOP_20_1:   [xilinx-label-all-loops]
    for (int i = 0; i < height / 2; i++) {
    ^~~
    VITIS_LOOP_20_1: 
C:\HAC\HLS_Image_Proc\HLS_Eindoefening\solution1\.autopilot\db\HLS.pp.0.c:353:5: note: FIX-IT applied suggested code changes
C:\HAC\HLS_Image_Proc\HLS_Eindoefening\solution1\.autopilot\db\HLS.pp.0.c:354:9: warning: Added loop label VITIS_LOOP_21_2:   [xilinx-label-all-loops]
        for (int j = 0; j < width / 2; j++) {
        ^~~
        VITIS_LOOP_21_2: 
C:\HAC\HLS_Image_Proc\HLS_Eindoefening\solution1\.autopilot\db\HLS.pp.0.c:354:9: note: FIX-IT applied suggested code changes
C:\HAC\HLS_Image_Proc\HLS_Eindoefening\solution1\.autopilot\db\HLS.pp.0.c:357:13: warning: Added loop label VITIS_LOOP_24_3:   [xilinx-label-all-loops]
            for (int m = 0; m < 2; m++) {
            ^~~
            VITIS_LOOP_24_3: 
C:\HAC\HLS_Image_Proc\HLS_Eindoefening\solution1\.autopilot\db\HLS.pp.0.c:357:13: note: FIX-IT applied suggested code changes
C:\HAC\HLS_Image_Proc\HLS_Eindoefening\solution1\.autopilot\db\HLS.pp.0.c:358:17: warning: Added loop label VITIS_LOOP_25_4:   [xilinx-label-all-loops]
                for (int n = 0; n < 2; n++) {
                ^~~
                VITIS_LOOP_25_4: 
C:\HAC\HLS_Image_Proc\HLS_Eindoefening\solution1\.autopilot\db\HLS.pp.0.c:358:17: note: FIX-IT applied suggested code changes
C:\HAC\HLS_Image_Proc\HLS_Eindoefening\solution1\.autopilot\db\HLS.pp.0.c:369:5: warning: Added loop label VITIS_LOOP_36_1:   [xilinx-label-all-loops]
    for (int i = 0; i < height / 2; i++) {
    ^~~
    VITIS_LOOP_36_1: 
C:\HAC\HLS_Image_Proc\HLS_Eindoefening\solution1\.autopilot\db\HLS.pp.0.c:369:5: note: FIX-IT applied suggested code changes
C:\HAC\HLS_Image_Proc\HLS_Eindoefening\solution1\.autopilot\db\HLS.pp.0.c:370:9: warning: Added loop label VITIS_LOOP_37_2:   [xilinx-label-all-loops]
        for (int j = 0; j < width / 2; j++) {
        ^~~
        VITIS_LOOP_37_2: 
C:\HAC\HLS_Image_Proc\HLS_Eindoefening\solution1\.autopilot\db\HLS.pp.0.c:370:9: note: FIX-IT applied suggested code changes
C:\HAC\HLS_Image_Proc\HLS_Eindoefening\solution1\.autopilot\db\HLS.pp.0.c:373:13: warning: Added loop label VITIS_LOOP_40_3:   [xilinx-label-all-loops]
            for (int m = 0; m < 2; m++) {
            ^~~
            VITIS_LOOP_40_3: 
C:\HAC\HLS_Image_Proc\HLS_Eindoefening\solution1\.autopilot\db\HLS.pp.0.c:373:13: note: FIX-IT applied suggested code changes
C:\HAC\HLS_Image_Proc\HLS_Eindoefening\solution1\.autopilot\db\HLS.pp.0.c:374:17: warning: Added loop label VITIS_LOOP_41_4:   [xilinx-label-all-loops]
                for (int n = 0; n < 2; n++) {
                ^~~
                VITIS_LOOP_41_4: 
C:\HAC\HLS_Image_Proc\HLS_Eindoefening\solution1\.autopilot\db\HLS.pp.0.c:374:17: note: FIX-IT applied suggested code changes
C:\HAC\HLS_Image_Proc\HLS_Eindoefening\solution1\.autopilot\db\HLS.pp.0.c:385:5: warning: Added loop label VITIS_LOOP_52_1:   [xilinx-label-all-loops]
    for (int i = 0; i < height / 2; i++) {
    ^~~
    VITIS_LOOP_52_1: 
C:\HAC\HLS_Image_Proc\HLS_Eindoefening\solution1\.autopilot\db\HLS.pp.0.c:385:5: note: FIX-IT applied suggested code changes
C:\HAC\HLS_Image_Proc\HLS_Eindoefening\solution1\.autopilot\db\HLS.pp.0.c:386:9: warning: Added loop label VITIS_LOOP_53_2:   [xilinx-label-all-loops]
        for (int j = 0; j < width / 2; j++) {
        ^~~
        VITIS_LOOP_53_2: 
C:\HAC\HLS_Image_Proc\HLS_Eindoefening\solution1\.autopilot\db\HLS.pp.0.c:386:9: note: FIX-IT applied suggested code changes
C:\HAC\HLS_Image_Proc\HLS_Eindoefening\solution1\.autopilot\db\HLS.pp.0.c:389:13: warning: Added loop label VITIS_LOOP_56_3:   [xilinx-label-all-loops]
            for (int m = 0; m < 2; m++) {
            ^~~
            VITIS_LOOP_56_3: 
C:\HAC\HLS_Image_Proc\HLS_Eindoefening\solution1\.autopilot\db\HLS.pp.0.c:389:13: note: FIX-IT applied suggested code changes
C:\HAC\HLS_Image_Proc\HLS_Eindoefening\solution1\.autopilot\db\HLS.pp.0.c:390:17: warning: Added loop label VITIS_LOOP_57_4:   [xilinx-label-all-loops]
                for (int n = 0; n < 2; n++) {
                ^~~
                VITIS_LOOP_57_4: 
C:\HAC\HLS_Image_Proc\HLS_Eindoefening\solution1\.autopilot\db\HLS.pp.0.c:390:17: note: FIX-IT applied suggested code changes
