INFO-FLOW: Workspace C:/Github/HLS_Pollings/Pollings_HLS/solution1 opened at Sat May 17 18:31:04 +0200 2025
Execute     ap_set_clock -name default -period 10 -unit ns -default=false 
INFO: [SYN 201-201] Setting up clock 'default' with a period of 10ns.
Execute     set_part xc7z020-clg400-1 
Execute       create_platform xc7z020-clg400-1 -board  
DBG:HLSDevice: Trying to load device library: C:/Xilinx/Vitis_HLS/2024.1\lib\win64.o\xv_hlsvwrap.dll
DBG:HLSDevice: first parts/arch.xml in RDI_DATADIR: C:/Xilinx/Vivado/2024.1/data/parts/arch.xml
DBG:HLSDevice: init success
INFO: [HLS 200-1611] Setting target device to 'xc7z020-clg400-1'
Command       create_platform done; 1.049 sec.
Execute       source C:/Xilinx/Vitis_HLS/2024.1/common/technology/xilinx/common/xilinx.gen 
Execute         source C:/Xilinx/Vitis_HLS/2024.1/common/technology/xilinx/interface/plb46.gen 
Execute         source C:/Xilinx/Vitis_HLS/2024.1/common/technology/xilinx/interface/axi4.gen 
Execute         source C:/Xilinx/Vitis_HLS/2024.1/common/technology/xilinx/interface/nativeAXI4.gen 
Execute           source C:/Xilinx/Vitis_HLS/2024.1/common/technology/xilinx/interface/saxilite.gen 
Execute         source C:/Xilinx/Vitis_HLS/2024.1/common/technology/xilinx/scripts/xilinxcoregen.gen 
Execute         source C:/Xilinx/Vitis_HLS/2024.1/common/technology/xilinx/interface/XilEDKCoreGen.gen 
Execute         source C:/Xilinx/Vitis_HLS/2024.1/common/technology/xilinx/ip/dds_compiler.gen 
Execute         source C:/Xilinx/Vitis_HLS/2024.1/common/technology/xilinx/ip/util.gen 
Execute         source C:/Xilinx/Vitis_HLS/2024.1/common/technology/xilinx/ip/xfft.gen 
Command         ap_source done; 0.123 sec.
Execute         source C:/Xilinx/Vitis_HLS/2024.1/common/technology/xilinx/ip/xfir.gen 
Execute         source C:/Xilinx/Vitis_HLS/2024.1/common/technology/xilinx/DSP48/dsp48.gen 
Command       ap_source done; 0.172 sec.
Execute       ap_part_info -name xc7z020-clg400-1 -data info 
Execute       config_compile -quiet -complex-mul-dsp=0 
Command     set_part done; 1.244 sec.
Execute     send_msg_by_id INFO @200-1505@%s%s  vivado 
INFO: [HLS 200-1505] Using flow_target 'vivado'
Command   open_solution done; 1.288 sec.
Execute   set_part xc7z020clg400-1 
INFO: [HLS 200-1510] Running: set_part xc7z020clg400-1 
Execute     create_platform xc7z020clg400-1 -board  
Command     create_platform done; 0.261 sec.
Execute     source C:/Xilinx/Vitis_HLS/2024.1/common/technology/xilinx/common/xilinx.gen 
Execute       source C:/Xilinx/Vitis_HLS/2024.1/common/technology/xilinx/interface/plb46.gen 
Execute       source C:/Xilinx/Vitis_HLS/2024.1/common/technology/xilinx/interface/axi4.gen 
Execute       source C:/Xilinx/Vitis_HLS/2024.1/common/technology/xilinx/interface/nativeAXI4.gen 
Execute         source C:/Xilinx/Vitis_HLS/2024.1/common/technology/xilinx/interface/saxilite.gen 
Execute       source C:/Xilinx/Vitis_HLS/2024.1/common/technology/xilinx/scripts/xilinxcoregen.gen 
Execute       source C:/Xilinx/Vitis_HLS/2024.1/common/technology/xilinx/interface/XilEDKCoreGen.gen 
Execute       source C:/Xilinx/Vitis_HLS/2024.1/common/technology/xilinx/ip/dds_compiler.gen 
Execute       source C:/Xilinx/Vitis_HLS/2024.1/common/technology/xilinx/ip/util.gen 
Execute       source C:/Xilinx/Vitis_HLS/2024.1/common/technology/xilinx/ip/xfft.gen 
Command       ap_source done; 0.106 sec.
Execute       source C:/Xilinx/Vitis_HLS/2024.1/common/technology/xilinx/ip/xfir.gen 
Execute       source C:/Xilinx/Vitis_HLS/2024.1/common/technology/xilinx/DSP48/dsp48.gen 
Command     ap_source done; 0.146 sec.
Execute     ap_part_info -name xc7z020-clg400-1 -data info 
Execute     config_compile -quiet -complex-mul-dsp=0 
Command   set_part done; 0.419 sec.
Execute   create_clock -period 10 -name default 
INFO: [HLS 200-1510] Running: create_clock -period 10 -name default 
Execute   csynth_design 
INFO: [HLS 200-1510] Running: csynth_design 
INFO-FLOW: Running SLX 'csynth' proc: ::SLX::run_csynth
Execute     elaborate -effort=medium -skip_syncheck=0 -keep_printf=0 -skip_cdt=0 -skip_transform=0 -ng=0 -g=0 -opt_fp=0 -from_csynth_design=1 
INFO: [HLS 200-111] Finished File checks and directory preparation: CPU user time: 0 seconds. CPU system time: 0 seconds. Elapsed time: 0.396 seconds; current allocated memory: 177.027 MB.
Execute       set_directive_top pollings -name=pollings 
Execute       source C:/Xilinx/Vitis_HLS/2024.1/tps/tcl/tcllib1.11.1/yaml/huddle.tcl 
Execute       source C:/Xilinx/Vitis_HLS/2024.1/tps/tcl/tcllib1.11.1/yaml/json2huddle.tcl 
Execute         source C:/Xilinx/Vitis_HLS/2024.1/tps/tcl/tcllib1.11.1/try/try.tcl 
INFO: [HLS 200-10] Analyzing design file 'Include/Pollings.c' ... 
INFO-FLOW: Compiling one TU...
INFO-FLOW: Handling Include/Pollings.c as C
Execute       ap_part_info -name xc7z020-clg400-1 -data info 
INFO-FLOW: Running: GCC PP 39
INFO-FLOW: Source preprocessing
INFO-FLOW: run_clang exec: C:/Xilinx/Vitis_HLS/2024.1/win64/tools/clang-3.9-csynth/bin/clang Include/Pollings.c -foptimization-record-file=C:/Github/HLS_Pollings/Pollings_HLS/solution1/.autopilot/db/Pollings.c.clang.diag.yml -mllvm -pass-remarks-missed=reflow|pasta|unroll -mllvm -pass-remarks=reflow|pasta|unroll|inline -fno-limit-debug-info --sysroot C:/Xilinx/Vitis_HLS/2024.1/tps/mingw/8.3.0/win64.o/nt -fhls -fno-exceptions -insert-hls-directive=C:/Github/HLS_Pollings/Pollings_HLS/solution1/.autopilot/db/all.directive.json -E -fno-math-errno -c -emit-llvm -mllvm -disable-llvm-optzns -Werror=implicit-function-declaration -Werror=implicit-hls-streams -Werror=return-type -Wpragmas -Wunused-parameter -Wdump-hls-pragmas -Wno-error=dump-hls-pragmas -hls-clock-period=10 -std=gnu99 -fgnu89-inline -target fpga64-xilinx-mingw32 -D__VITIS_HLS__ -DAESL_SYN -D__SYNTHESIS__ -D__HLS_SYN__ -I C:/Xilinx/Vitis_HLS/2024.1/common/technology/autopilot -I C:/Xilinx/Vitis_HLS/2024.1/common/technology/autopilot/ap_sysc -include etc/autopilot_ssdm_op.h -D__DSP48E1__ -I /usr/include/x86_64-linux-gnu -o C:/Github/HLS_Pollings/Pollings_HLS/solution1/.autopilot/db/Pollings.pp.0.c {-hls-platform-db-name=C:/Xilinx/Vitis_HLS/2024.1\common/technology\xilinx/common/platform.db} -hls-platform-name=zynq_slow -device-resource-info=BRAM_280.000000_DSP_220.000000_FF_106400.000000_LUT_53200.000000_SLICE_13300.000000_URAM_0.000000 -device-name-info=xc7z020clg400-1 > C:/Github/HLS_Pollings/Pollings_HLS/solution1/.autopilot/db/Pollings.c.clang.out.log 2> C:/Github/HLS_Pollings/Pollings_HLS/solution1/.autopilot/db/Pollings.c.clang.err.log
INFO-FLOW: Done: GCC PP 39 time: 0.8 seconds per iteration
INFO-FLOW: Source syntax check for synthesis
INFO-FLOW: run_clang exec: C:/Xilinx/Vitis_HLS/2024.1/win64/tools/clang-3.9-csynth/bin/clang -foptimization-record-file=C:/Github/HLS_Pollings/Pollings_HLS/solution1/.autopilot/db/clang.diag.yml -mllvm -pass-remarks-missed=reflow|pasta|unroll -mllvm -pass-remarks=reflow|pasta|unroll|inline -fsyntax-only -fhls -target fpga64-xilinx-linux-gnu C:/Github/HLS_Pollings/Pollings_HLS/solution1/.autopilot/db/Pollings.pp.0.c {-hls-platform-db-name=C:/Xilinx/Vitis_HLS/2024.1\common/technology\xilinx/common/platform.db} -hls-platform-name=zynq_slow -device-resource-info=BRAM_280.000000_DSP_220.000000_FF_106400.000000_LUT_53200.000000_SLICE_13300.000000_URAM_0.000000 -device-name-info=xc7z020clg400-1 > C:/Github/HLS_Pollings/Pollings_HLS/solution1/.autopilot/db/clang.out.log 2> C:/Github/HLS_Pollings/Pollings_HLS/solution1/.autopilot/db/clang.err.log
Execute       clang_tidy xilinx-systemc-detector -desc systemc-detector C:/Github/HLS_Pollings/Pollings_HLS/solution1/.autopilot/db/Pollings.pp.0.c std=gnu99 -target fpga  -directive=C:/Github/HLS_Pollings/Pollings_HLS/solution1/.autopilot/db/.systemc_flag 
INFO-FLOW: exec C:/Xilinx/Vitis_HLS/2024.1/win64/tools/clang-3.9-csynth/bin/clang-tidy -header-filter=.* --checks=-*,xilinx-systemc-detector -import-directive=C:/Github/HLS_Pollings/Pollings_HLS/solution1/.autopilot/db/.systemc_flag -fix-errors C:/Github/HLS_Pollings/Pollings_HLS/solution1/.autopilot/db/Pollings.pp.0.c -- -std=gnu99 -target fpga -fhls -ferror-limit=0
INFO-FLOW: Running: clang-tidy CDT preprocess 39
Execute       clang_tidy xilinx-directive2pragma -desc directive2pragma C:/Github/HLS_Pollings/Pollings_HLS/solution1/.autopilot/db/Pollings.pp.0.c std=gnu99 -target fpga  -directive=C:/Github/HLS_Pollings/Pollings_HLS/solution1/.autopilot/db/all.directive.json 
INFO-FLOW: exec C:/Xilinx/Vitis_HLS/2024.1/win64/tools/clang-3.9-csynth/bin/clang-tidy -header-filter=.* --checks=-*,xilinx-directive2pragma -import-directive=C:/Github/HLS_Pollings/Pollings_HLS/solution1/.autopilot/db/all.directive.json -fix-errors C:/Github/HLS_Pollings/Pollings_HLS/solution1/.autopilot/db/Pollings.pp.0.c -- -std=gnu99 -target fpga -fhls -ferror-limit=0
Command       clang_tidy done; 0.127 sec.
INFO-FLOW: Done: clang-tidy CDT preprocess 39 time: 0.1 seconds per iteration
INFO-FLOW: Calling xilinx-label-all-loops ... 
INFO-FLOW: Calling xilinx-aggregate-on-hls-vector ... 
Execute       clang_tidy -errorcheck -desc loop-label xilinx-label-all-loops,xilinx-aggregate-on-hls-vector,,xilinx-warn-mayneed-no-ctor-attribute C:/Github/HLS_Pollings/Pollings_HLS/solution1/.autopilot/db/Pollings.pp.0.c std=gnu99 -target fpga  
INFO-FLOW: run_clang exec: C:/Xilinx/Vitis_HLS/2024.1/win64/tools/clang-3.9-csynth/bin/clang-tidy -export-fixes=C:/Github/HLS_Pollings/Pollings_HLS/solution1/.autopilot/db/Pollings.pp.0.c.clang-tidy.loop-label.diag.yml -header-filter=.* --checks=-*,xilinx-label-all-loops,xilinx-aggregate-on-hls-vector,,xilinx-warn-mayneed-no-ctor-attribute -fix-errors C:/Github/HLS_Pollings/Pollings_HLS/solution1/.autopilot/db/Pollings.pp.0.c -- -std=gnu99 -target fpga -fhls -ferror-limit=0 > C:/Github/HLS_Pollings/Pollings_HLS/solution1/.autopilot/db/Pollings.pp.0.c.clang-tidy.loop-label.out.log 2> C:/Github/HLS_Pollings/Pollings_HLS/solution1/.autopilot/db/Pollings.pp.0.c.clang-tidy.loop-label.err.log
Execute         source C:/Xilinx/Vitis_HLS/2024.1/tps/tcl/tcllib1.11.1/yaml/yaml.tcl 
Command       clang_tidy done; 0.198 sec.
INFO-FLOW: run_clang exec: C:/Xilinx/Vitis_HLS/2024.1/win64/tools/clang-3.9-csynth/bin/xilinx-dataflow-lawyer -export-fixes=C:/Github/HLS_Pollings/Pollings_HLS/solution1/.autopilot/db/Pollings.pp.0.c.xilinx-dataflow-lawyer.diag.yml C:/Github/HLS_Pollings/Pollings_HLS/solution1/.autopilot/db/Pollings.pp.0.c -- -std=gnu99 -target fpga -fhls -ferror-limit=0 -fstrict-dataflow > C:/Github/HLS_Pollings/Pollings_HLS/solution1/.autopilot/db/Pollings.pp.0.c.xilinx-dataflow-lawyer.out.log 2> C:/Github/HLS_Pollings/Pollings_HLS/solution1/.autopilot/db/Pollings.pp.0.c.xilinx-dataflow-lawyer.err.log
Execute       ap_part_info -name xc7z020-clg400-1 -data info 
INFO-FLOW: compiling source code to llvm bc
INFO-FLOW: run_clang exec: C:/Xilinx/Vitis_HLS/2024.1/win64/tools/clang-3.9-csynth/bin/clang -foptimization-record-file=C:/Github/HLS_Pollings/Pollings_HLS/solution1/.autopilot/db/Pollings.pp.0.c.clang.diag.yml -mllvm -pass-remarks-missed=reflow|pasta|unroll -mllvm -pass-remarks=reflow|pasta|unroll|inline -fno-limit-debug-info -fhls -flto -fno-exceptions -Wno-error=c++11-narrowing -hls-emit-hint-scope C:/Github/HLS_Pollings/Pollings_HLS/solution1/.autopilot/db/Pollings.pp.0.c -fno-math-errno -c -emit-llvm -mllvm -disable-llvm-optzns -Werror=implicit-function-declaration -Werror=implicit-hls-streams -Werror=return-type -Wpragmas -Wunused-parameter -Wdump-hls-pragmas -Wno-error=dump-hls-pragmas -hls-clock-period=10 -std=gnu99 -fgnu89-inline -target fpga64-xilinx-linux-gnu -D__VITIS_HLS__ -DAESL_SYN -D__SYNTHESIS__ -D__HLS_SYN__ -I C:/Xilinx/Vitis_HLS/2024.1/common/technology/autopilot -I C:/Xilinx/Vitis_HLS/2024.1/common/technology/autopilot/ap_sysc -include etc/autopilot_ssdm_op.h -D__DSP48E1__ -g -o C:/Github/HLS_Pollings/Pollings_HLS/solution1/.autopilot/db/Pollings.bc {-hls-platform-db-name=C:/Xilinx/Vitis_HLS/2024.1\common/technology\xilinx/common/platform.db} -hls-platform-name=zynq_slow -device-resource-info=BRAM_280.000000_DSP_220.000000_FF_106400.000000_LUT_53200.000000_SLICE_13300.000000_URAM_0.000000 -device-name-info=xc7z020clg400-1 > C:/Github/HLS_Pollings/Pollings_HLS/solution1/.autopilot/db/Pollings.pp.0.c.clang.out.log 2> C:/Github/HLS_Pollings/Pollings_HLS/solution1/.autopilot/db/Pollings.pp.0.c.clang.err.log
INFO: [HLS 200-111] Finished Source Code Analysis and Preprocessing: CPU user time: 0 seconds. CPU system time: 0 seconds. Elapsed time: 2.894 seconds; current allocated memory: 178.559 MB.
INFO-FLOW: Linking Debug ...
INFO-FLOW: Linking dut bc code.
Execute       run_link_or_opt -out C:/Github/HLS_Pollings/Pollings_HLS/solution1/.autopilot/db/a.g.ld.0.bc -args  "C:/Github/HLS_Pollings/Pollings_HLS/solution1/.autopilot/db/Pollings.g.bc"  
INFO-FLOW: run_clang exec: C:/Xilinx/Vitis_HLS/2024.1/win64/tools/clang-3.9-csynth/bin/llvm-link C:/Github/HLS_Pollings/Pollings_HLS/solution1/.autopilot/db/Pollings.g.bc -o C:/Github/HLS_Pollings/Pollings_HLS/solution1/.autopilot/db/a.g.ld.0.bc > C:/Github/HLS_Pollings/Pollings_HLS/solution1/.autopilot/db/a.g.ld.0.bc.llvm-link.out.log 2> C:/Github/HLS_Pollings/Pollings_HLS/solution1/.autopilot/db/a.g.ld.0.bc.llvm-link.err.log
INFO-FLOW: 
Execute       run_link_or_opt -opt -out C:/Github/HLS_Pollings/Pollings_HLS/solution1/.autopilot/db/a.g.ld.1.lower.bc -args C:/Github/HLS_Pollings/Pollings_HLS/solution1/.autopilot/db/a.g.ld.0.bc -reflow-lower-math-intrinsics 
INFO-FLOW: run_clang exec: C:/Xilinx/Vitis_HLS/2024.1/win64/tools/clang-3.9-csynth/bin/opt -pass-remarks-missed=reflow|pasta|unroll -pass-remarks=reflow|pasta|unroll|inline -pass-remarks-output=C:/Github/HLS_Pollings/Pollings_HLS/solution1/.autopilot/db/a.g.ld.1.lower.bc.opt.diag.yml C:/Github/HLS_Pollings/Pollings_HLS/solution1/.autopilot/db/a.g.ld.0.bc -reflow-lower-math-intrinsics -o C:/Github/HLS_Pollings/Pollings_HLS/solution1/.autopilot/db/a.g.ld.1.lower.bc > C:/Github/HLS_Pollings/Pollings_HLS/solution1/.autopilot/db/a.g.ld.1.lower.bc.opt.out.log 2> C:/Github/HLS_Pollings/Pollings_HLS/solution1/.autopilot/db/a.g.ld.1.lower.bc.opt.err.log
INFO-FLOW: 
INFO-FLOW: Running: gen_design_size_report post-opt
INFO-FLOW: Done: gen_design_size_report post-opt time: 0 seconds per iteration
INFO-FLOW: Linking math bc lib
Execute       run_link_or_opt -out C:/Github/HLS_Pollings/Pollings_HLS/solution1/.autopilot/db/a.g.ld.2.m1.bc -args C:/Github/HLS_Pollings/Pollings_HLS/solution1/.autopilot/db/a.g.ld.1.lower.bc -only-needed C:/Xilinx/Vitis_HLS/2024.1/win64/lib/libhlsm_39.bc C:/Xilinx/Vitis_HLS/2024.1/win64/lib/libhlsmc++_39.bc 
INFO-FLOW: run_clang exec: C:/Xilinx/Vitis_HLS/2024.1/win64/tools/clang-3.9-csynth/bin/llvm-link C:/Github/HLS_Pollings/Pollings_HLS/solution1/.autopilot/db/a.g.ld.1.lower.bc -only-needed C:/Xilinx/Vitis_HLS/2024.1/win64/lib/libhlsm_39.bc C:/Xilinx/Vitis_HLS/2024.1/win64/lib/libhlsmc++_39.bc -o C:/Github/HLS_Pollings/Pollings_HLS/solution1/.autopilot/db/a.g.ld.2.m1.bc > C:/Github/HLS_Pollings/Pollings_HLS/solution1/.autopilot/db/a.g.ld.2.m1.bc.llvm-link.out.log 2> C:/Github/HLS_Pollings/Pollings_HLS/solution1/.autopilot/db/a.g.ld.2.m1.bc.llvm-link.err.log
INFO-FLOW: 
Command       run_link_or_opt done; 3.078 sec.
Execute       run_link_or_opt -opt -out C:/Github/HLS_Pollings/Pollings_HLS/solution1/.autopilot/db/a.g.ld.3.fpc.bc -args C:/Github/HLS_Pollings/Pollings_HLS/solution1/.autopilot/db/a.g.ld.2.m1.bc -reflow-globaldce -hls-top-function-name=pollings -reflow-float-conversion 
INFO-FLOW: run_clang exec: C:/Xilinx/Vitis_HLS/2024.1/win64/tools/clang-3.9-csynth/bin/opt -pass-remarks-missed=reflow|pasta|unroll -pass-remarks=reflow|pasta|unroll|inline -pass-remarks-output=C:/Github/HLS_Pollings/Pollings_HLS/solution1/.autopilot/db/a.g.ld.3.fpc.bc.opt.diag.yml C:/Github/HLS_Pollings/Pollings_HLS/solution1/.autopilot/db/a.g.ld.2.m1.bc -reflow-globaldce -hls-top-function-name=pollings -reflow-float-conversion -o C:/Github/HLS_Pollings/Pollings_HLS/solution1/.autopilot/db/a.g.ld.3.fpc.bc > C:/Github/HLS_Pollings/Pollings_HLS/solution1/.autopilot/db/a.g.ld.3.fpc.bc.opt.out.log 2> C:/Github/HLS_Pollings/Pollings_HLS/solution1/.autopilot/db/a.g.ld.3.fpc.bc.opt.err.log
INFO-FLOW: 
INFO-FLOW: Running: gen_design_size_report post-opt
INFO-FLOW: Done: gen_design_size_report post-opt time: 0 seconds per iteration
Command       run_link_or_opt done; 1.418 sec.
Execute       run_link_or_opt -out C:/Github/HLS_Pollings/Pollings_HLS/solution1/.autopilot/db/a.g.ld.4.m2.bc -args C:/Github/HLS_Pollings/Pollings_HLS/solution1/.autopilot/db/a.g.ld.3.fpc.bc -only-needed C:/Xilinx/Vitis_HLS/2024.1/win64/lib/libfloatconversion_39.bc 
INFO-FLOW: run_clang exec: C:/Xilinx/Vitis_HLS/2024.1/win64/tools/clang-3.9-csynth/bin/llvm-link C:/Github/HLS_Pollings/Pollings_HLS/solution1/.autopilot/db/a.g.ld.3.fpc.bc -only-needed C:/Xilinx/Vitis_HLS/2024.1/win64/lib/libfloatconversion_39.bc -o C:/Github/HLS_Pollings/Pollings_HLS/solution1/.autopilot/db/a.g.ld.4.m2.bc > C:/Github/HLS_Pollings/Pollings_HLS/solution1/.autopilot/db/a.g.ld.4.m2.bc.llvm-link.out.log 2> C:/Github/HLS_Pollings/Pollings_HLS/solution1/.autopilot/db/a.g.ld.4.m2.bc.llvm-link.err.log
INFO-FLOW: 
Execute       run_link_or_opt -opt -out C:/Github/HLS_Pollings/Pollings_HLS/solution1/.autopilot/db/a.g.ld.5.gdce.bc -args C:/Github/HLS_Pollings/Pollings_HLS/solution1/.autopilot/db/a.g.ld.4.m2.bc -reflow-globaldce -hls-top-function-name=pollings 
INFO-FLOW: run_clang exec: C:/Xilinx/Vitis_HLS/2024.1/win64/tools/clang-3.9-csynth/bin/opt -pass-remarks-missed=reflow|pasta|unroll -pass-remarks=reflow|pasta|unroll|inline -pass-remarks-output=C:/Github/HLS_Pollings/Pollings_HLS/solution1/.autopilot/db/a.g.ld.5.gdce.bc.opt.diag.yml C:/Github/HLS_Pollings/Pollings_HLS/solution1/.autopilot/db/a.g.ld.4.m2.bc -reflow-globaldce -hls-top-function-name=pollings -o C:/Github/HLS_Pollings/Pollings_HLS/solution1/.autopilot/db/a.g.ld.5.gdce.bc > C:/Github/HLS_Pollings/Pollings_HLS/solution1/.autopilot/db/a.g.ld.5.gdce.bc.opt.out.log 2> C:/Github/HLS_Pollings/Pollings_HLS/solution1/.autopilot/db/a.g.ld.5.gdce.bc.opt.err.log
INFO-FLOW: 
INFO-FLOW: Running: gen_design_size_report post-opt
INFO-FLOW: Done: gen_design_size_report post-opt time: 0 seconds per iteration
Execute       send_msg_by_id INFO @200-777@%s Vivado 
INFO: [HLS 200-777] Using interface defaults for 'Vivado' flow target.
Execute       is_m_axi_addr64 
INFO-FLOW: Doing LTO.
INFO-FLOW: run_clang (background poll_ms 5000) exec: C:/Xilinx/Vitis_HLS/2024.1/win64/tools/clang-3.9-csynth/bin/clang -foptimization-record-file=C:/Github/HLS_Pollings/Pollings_HLS/solution1/.autopilot/db/a.g.ld.0.bc.clang.reflow.diag.yml -mllvm -pass-remarks-missed=reflow|pasta|unroll -mllvm -pass-remarks=reflow|pasta|unroll|inline -fhls -mllvm -hls-top-function-name=pollings -mllvm -hls-db-dir -mllvm C:/Github/HLS_Pollings/Pollings_HLS/solution1/.autopilot/db -emit-llvm -c -target fpga64-xilinx-none -mllvm -xcl-xmlinfo=C:/Github/HLS_Pollings/Pollings_HLS/solution1/.autopilot/db/kernel.internal.xml -mllvm -top-io-mapping-info=C:/Github/HLS_Pollings/Pollings_HLS/solution1/.autopilot/db/top-io-fe.xml -mllvm -hls-bitcode-version=3.1 -mllvm -reflow-enable-slave-interface-default-setting=true -mllvm -gen-kernel-xml=false -mllvm -default-maxi-offset=slave -mllvm -maxi-latency=0 -mllvm -hls-maxi-data-size-in-bits=8 -mllvm -hls-maxi-max-data-size-in-bits=1024 -mllvm -hls-max-widen-size-in-bits=0 -mllvm -xcl-kernel-max-mem-ports=0 -mllvm -maxi-read-trans=16 -mllvm -maxi-write-trans=16 -mllvm -maxi-read-burst-len=16 -mllvm -maxi-write-burst-len=16 -mllvm -reflow-enable-saxi-64bits=0 -mllvm -reflow-basic-block-instr-threshold=200000 -mllvm -reflow-auto-pipeline-threshold=64 -mllvm -reflow-enable-maxi-auto-id-channel=0 -mllvm -enable-fp-thr=0 -mllvm -reflow-bdd-simplify-threshold=1048576 -mllvm -reflow-fanout-threshold=16 -mllvm -reflow-complete-threshold=4 -mllvm -reflow-array-promotion-threshold=64 -mllvm -assume-maxi-align=1 -mllvm -reflow-enable-dataflow-strict-mode-checking=1 -ftime-report -mllvm -time-passes -mllvm -reflow-auto-array-partition-mode=default -mllvm -reflow-enable-auto-small-array-partition=true -mllvm -reflow-enable-auto-array-partition-for-flatten=true -mllvm -reflow-enable-auto-parallel-performance-driven=true -mllvm -reflow-enable-partition-for-automation=true -mllvm -reflow-aggregate-bitwidth-threshold=4096 -mllvm -reflow-reserved-saxilite-registers=0 -mllvm -enable-reflow-auto-loop-pipeline -mllvm -reflow-max-unroll-threshold=409600 -mllvm -auto-unroll-tripcount-threshold=0 -mllvm -reflow-assume-no-address-wrap=true -mllvm -reflow-enable-occurrence-inference=true -mllvm -reflow-emit-hint-scope=true -mllvm -reflow-enable-codegen-with-if=true -mllvm -hls -mllvm -disable-inlined-alloca-merging=true -mllvm -default-clock-period=10 -mllvm -use_read_first_ram_in_loop=1 -mllvm -default-clock-uncertainty=2.7 -x ir C:/Github/HLS_Pollings/Pollings_HLS/solution1/.autopilot/db/a.g.ld.5.gdce.bc -o C:/Github/HLS_Pollings/Pollings_HLS/solution1/.autopilot/db/a.g.lto.bc {-hls-platform-db-name=C:/Xilinx/Vitis_HLS/2024.1\common/technology\xilinx/common/platform.db} -hls-platform-name=zynq_slow -device-resource-info=BRAM_280.000000_DSP_220.000000_FF_106400.000000_LUT_53200.000000_SLICE_13300.000000_URAM_0.000000 -device-name-info=xc7z020clg400-1 2> C:/Github/HLS_Pollings/Pollings_HLS/solution1/.autopilot/db/a.g.ld.0.bc.clang.reflow.err.log bg_poll_cmd: ::AP::poll_clang_39_closed_source
Execute       send_msg_by_id INFO @200-1995@%s%s%s 91 Compile/Link C:/Github/HLS_Pollings/Pollings_HLS/solution1/syn/report/csynth_design_size.rpt 
INFO: [HLS 200-1995] There were 91 instructions in the design after the 'Compile/Link' phase of compilation. See the Design Size Report for more details: C:/Github/HLS_Pollings/Pollings_HLS/solution1/syn/report/csynth_design_size.rpt
Execute       send_msg_by_id INFO @200-1995@%s%s%s 94 Unroll/Inline (step 1) C:/Github/HLS_Pollings/Pollings_HLS/solution1/syn/report/csynth_design_size.rpt 
INFO: [HLS 200-1995] There were 94 instructions in the design after the 'Unroll/Inline (step 1)' phase of compilation. See the Design Size Report for more details: C:/Github/HLS_Pollings/Pollings_HLS/solution1/syn/report/csynth_design_size.rpt
Execute       send_msg_by_id INFO @200-1995@%s%s%s 66 Unroll/Inline (step 2) C:/Github/HLS_Pollings/Pollings_HLS/solution1/syn/report/csynth_design_size.rpt 
INFO: [HLS 200-1995] There were 66 instructions in the design after the 'Unroll/Inline (step 2)' phase of compilation. See the Design Size Report for more details: C:/Github/HLS_Pollings/Pollings_HLS/solution1/syn/report/csynth_design_size.rpt
Execute       send_msg_by_id INFO @200-1995@%s%s%s 64 Unroll/Inline (step 3) C:/Github/HLS_Pollings/Pollings_HLS/solution1/syn/report/csynth_design_size.rpt 
INFO: [HLS 200-1995] There were 64 instructions in the design after the 'Unroll/Inline (step 3)' phase of compilation. See the Design Size Report for more details: C:/Github/HLS_Pollings/Pollings_HLS/solution1/syn/report/csynth_design_size.rpt
Execute       send_msg_by_id INFO @200-1995@%s%s%s 64 Unroll/Inline (step 4) C:/Github/HLS_Pollings/Pollings_HLS/solution1/syn/report/csynth_design_size.rpt 
INFO: [HLS 200-1995] There were 64 instructions in the design after the 'Unroll/Inline (step 4)' phase of compilation. See the Design Size Report for more details: C:/Github/HLS_Pollings/Pollings_HLS/solution1/syn/report/csynth_design_size.rpt
Execute       send_msg_by_id INFO @200-1995@%s%s%s 68 Array/Struct (step 1) C:/Github/HLS_Pollings/Pollings_HLS/solution1/syn/report/csynth_design_size.rpt 
INFO: [HLS 200-1995] There were 68 instructions in the design after the 'Array/Struct (step 1)' phase of compilation. See the Design Size Report for more details: C:/Github/HLS_Pollings/Pollings_HLS/solution1/syn/report/csynth_design_size.rpt
Execute       send_msg_by_id INFO @200-1995@%s%s%s 68 Array/Struct (step 2) C:/Github/HLS_Pollings/Pollings_HLS/solution1/syn/report/csynth_design_size.rpt 
INFO: [HLS 200-1995] There were 68 instructions in the design after the 'Array/Struct (step 2)' phase of compilation. See the Design Size Report for more details: C:/Github/HLS_Pollings/Pollings_HLS/solution1/syn/report/csynth_design_size.rpt
Execute       send_msg_by_id INFO @200-1995@%s%s%s 68 Array/Struct (step 3) C:/Github/HLS_Pollings/Pollings_HLS/solution1/syn/report/csynth_design_size.rpt 
INFO: [HLS 200-1995] There were 68 instructions in the design after the 'Array/Struct (step 3)' phase of compilation. See the Design Size Report for more details: C:/Github/HLS_Pollings/Pollings_HLS/solution1/syn/report/csynth_design_size.rpt
Execute       send_msg_by_id INFO @200-1995@%s%s%s 68 Array/Struct (step 4) C:/Github/HLS_Pollings/Pollings_HLS/solution1/syn/report/csynth_design_size.rpt 
INFO: [HLS 200-1995] There were 68 instructions in the design after the 'Array/Struct (step 4)' phase of compilation. See the Design Size Report for more details: C:/Github/HLS_Pollings/Pollings_HLS/solution1/syn/report/csynth_design_size.rpt
Execute       send_msg_by_id INFO @200-1995@%s%s%s 77 Array/Struct (step 5) C:/Github/HLS_Pollings/Pollings_HLS/solution1/syn/report/csynth_design_size.rpt 
INFO: [HLS 200-1995] There were 77 instructions in the design after the 'Array/Struct (step 5)' phase of compilation. See the Design Size Report for more details: C:/Github/HLS_Pollings/Pollings_HLS/solution1/syn/report/csynth_design_size.rpt
Execute       send_msg_by_id INFO @200-1995@%s%s%s 77 Performance (step 1) C:/Github/HLS_Pollings/Pollings_HLS/solution1/syn/report/csynth_design_size.rpt 
INFO: [HLS 200-1995] There were 77 instructions in the design after the 'Performance (step 1)' phase of compilation. See the Design Size Report for more details: C:/Github/HLS_Pollings/Pollings_HLS/solution1/syn/report/csynth_design_size.rpt
Execute       send_msg_by_id INFO @200-1995@%s%s%s 77 Performance (step 2) C:/Github/HLS_Pollings/Pollings_HLS/solution1/syn/report/csynth_design_size.rpt 
INFO: [HLS 200-1995] There were 77 instructions in the design after the 'Performance (step 2)' phase of compilation. See the Design Size Report for more details: C:/Github/HLS_Pollings/Pollings_HLS/solution1/syn/report/csynth_design_size.rpt
Execute       send_msg_by_id INFO @200-1995@%s%s%s 77 Performance (step 3) C:/Github/HLS_Pollings/Pollings_HLS/solution1/syn/report/csynth_design_size.rpt 
INFO: [HLS 200-1995] There were 77 instructions in the design after the 'Performance (step 3)' phase of compilation. See the Design Size Report for more details: C:/Github/HLS_Pollings/Pollings_HLS/solution1/syn/report/csynth_design_size.rpt
Execute       send_msg_by_id INFO @200-1995@%s%s%s 77 Performance (step 4) C:/Github/HLS_Pollings/Pollings_HLS/solution1/syn/report/csynth_design_size.rpt 
INFO: [HLS 200-1995] There were 77 instructions in the design after the 'Performance (step 4)' phase of compilation. See the Design Size Report for more details: C:/Github/HLS_Pollings/Pollings_HLS/solution1/syn/report/csynth_design_size.rpt
Execute       send_msg_by_id INFO @200-1995@%s%s%s 81 HW Transforms (step 1) C:/Github/HLS_Pollings/Pollings_HLS/solution1/syn/report/csynth_design_size.rpt 
INFO: [HLS 200-1995] There were 81 instructions in the design after the 'HW Transforms (step 1)' phase of compilation. See the Design Size Report for more details: C:/Github/HLS_Pollings/Pollings_HLS/solution1/syn/report/csynth_design_size.rpt
Execute       send_msg_by_id INFO @200-1995@%s%s%s 84 HW Transforms (step 2) C:/Github/HLS_Pollings/Pollings_HLS/solution1/syn/report/csynth_design_size.rpt 
INFO: [HLS 200-1995] There were 84 instructions in the design after the 'HW Transforms (step 2)' phase of compilation. See the Design Size Report for more details: C:/Github/HLS_Pollings/Pollings_HLS/solution1/syn/report/csynth_design_size.rpt
INFO: [HLS 214-291] Loop 'VITIS_LOOP_27_3' is marked as complete unroll implied by the pipeline pragma (Include/Pollings.c:27:30)
INFO: [HLS 214-291] Loop 'VITIS_LOOP_28_4' is marked as complete unroll implied by the pipeline pragma (Include/Pollings.c:28:34)
INFO: [HLS 214-186] Unrolling loop 'VITIS_LOOP_27_3' (Include/Pollings.c:27:30) in function 'pollings' completely with a factor of 2 (Include/Pollings.c:11:0)
INFO: [HLS 214-186] Unrolling loop 'VITIS_LOOP_28_4' (Include/Pollings.c:28:34) in function 'pollings' completely with a factor of 2 (Include/Pollings.c:11:0)
INFO: [HLS 214-115] Multiple burst reads of length 2 and bit width 8 has been inferred on bundle 'gmem'. These burst requests might be further partitioned into multiple requests during RTL generation, based on max_read_burst_length or max_write_burst_length settings. (Include/Pollings.c:29:35)
INFO-FLOW: DBG:PUTS: copy_raw_kernel_xml ap_link_39: kernel.xml not generated: C:/Github/HLS_Pollings/Pollings_HLS/solution1/.autopilot/db/kernel.internal.xml
INFO: [HLS 200-111] Finished Compiling Optimization and Transform: CPU user time: 0 seconds. CPU system time: 0 seconds. Elapsed time: 10.86 seconds; current allocated memory: 180.949 MB.
INFO: [HLS 200-111] Finished Checking Pragmas: CPU user time: 0 seconds. CPU system time: 0 seconds. Elapsed time: 0.01 seconds; current allocated memory: 180.949 MB.
Execute       opt_and_import_c a -opt_level=2 -skip_syncheck=0 -ng=0 -keep_printf=0 
Execute         cleanup_all_models 
INFO: [HLS 200-10] Starting code transformations ...
INFO-FLOW: Running Standard Transforms...
Execute         transform -hls -share-std-xform -demangle-name -inline-byval-memcpy -always-inline -promote-dbg-pointer -interface-preproc -mem2reg -scalarrepl -mem2reg -keep-read-access -instcombine -dce -promote-dbg-pointer -bitop-raise -loop-simplify -indvarspre -indvars -loop-simplify -constprop -instcombine -simplifycfg -indvars -simplifycfg -dce -globaldce -basicaa -simplifycfg -mem2reg -globalopt -global-constprop -deadargelim -instcombine -simplifycfg -scalarrepl -instcombine -reassociate -licm -simplifycfg -loop-simplify -indvars -instcombine -simplifycfg -mem2reg -loop-simplify -indvars -instcombine -gvn -gvn -instcombine -adce -break-crit-edges -simplifycfg -loop-delete -global-array-opt -dce -dse -adce -find-syn-modules -top pollings -deadargelim -mem2reg -instcombine -dce -presyn-prepare -interface-preproc -syn-check -check-rec-only -find-region -simplifycfg -func-extr -function-inline -globaldce -mem2reg -instcombine -dce -gvn -globaldce -adce -adse -constprop -instcombine -bit-constprop -instcombine -dce -simplifycfg -bitop-raise -simplifycfg -dce -loop-delete -reassociate -globalopt -global-privatize -mem2reg -dce -global-constprop -pointer-simplify -constprop -dce -promote-dbg-pointer -norm-name C:/Github/HLS_Pollings/Pollings_HLS/solution1/.autopilot/db/a.g.0.bc -o C:/Github/HLS_Pollings/Pollings_HLS/solution1/.autopilot/db/a.g.1.bc -f -phase std-opt 
INFO: [HLS 200-111] Finished Standard Transforms: CPU user time: 0 seconds. CPU system time: 0 seconds. Elapsed time: 0.063 seconds; current allocated memory: 185.246 MB.
INFO: [HLS 200-10] Checking synthesizability ...
INFO-FLOW: Checking Synthesizability 1/2..
Execute         transform -hls -syn-check -check-rec-only -scalarrepl -norm-name -dce -mem2reg -instcombine -directive-preproc -mem2reg -dse -dce -dce -pag -array-normalize -instcombine -dce -array-seg-normalize -instcombine -dce -data-pack -instcombine -dce -inst-simplify -array-flatten -instcombine -dce -array-burst -dce -deadargelim -promote-global-argument -simplifycfg -mem2reg -globaldce -dce -deadargelim -dce -instcombine -function-inline -globaldce -dce -doublePtrSimplify -doublePtrElim -dce -doublePtrSimplify -promote-dbg-pointer -dce -scalarrepl -dse -adse -instcombine -ptrLegalization -simplifycfg -dce -instcombine -pointer-simplify -ptrArgReplace -dce -instcombine -resolve-double-ptr -scalarrepl -norm-name -dce -mem2reg -instcombine -ptrLegalization -simplifycfg -deadargelim -instcombine -dce -inst-simplify -directive-preproc -mem2reg -dse -dce -globaldce C:/Github/HLS_Pollings/Pollings_HLS/solution1/.autopilot/db/a.g.1.bc -o C:/Github/HLS_Pollings/Pollings_HLS/solution1/.autopilot/db/a.g.2.prechk.bc -f 
INFO-FLOW: Checking Synthesizability 2/2..
Execute         transform -syn-check C:/Github/HLS_Pollings/Pollings_HLS/solution1/.autopilot/db/a.g.2.prechk.bc -o C:/Github/HLS_Pollings/Pollings_HLS/solution1/.autopilot/db/a.g.2.bc -f -phase syn-check 
INFO: [HLS 200-111] Finished Checking Synthesizability: CPU user time: 0 seconds. CPU system time: 0 seconds. Elapsed time: 0.063 seconds; current allocated memory: 186.855 MB.
INFO-FLOW: Compiler optimizing ...
INFO-FLOW: Share syncheck's 1.bc for syn flow: copy C:/Github/HLS_Pollings/Pollings_HLS/solution1/.autopilot/db/a.g.1.bc to C:/Github/HLS_Pollings/Pollings_HLS/solution1/.autopilot/db/a.o.1.bc
INFO-FLOW: Presyn 1...
Execute         transform -hls -tmp C:/Github/HLS_Pollings/Pollings_HLS/solution1/.autopilot/db -interface-port-rename -directive-preproc -mem2reg -dse -dce -scalarrepl -norm-name -deadargelim -mem2reg -instcombine -dce -simplifycfg -dce -resource-proc -clib-intrinsic-prepare -dce -func-buffer -dce -pag -array-normalize -func-legal -instcombine -gvn -constprop -dce -simplifycfg -mem2reg -globaldce -resolve-double-ptr -dce -deadargelim -dce -instcombine -ptrArgReplace -mem2reg -dce -array-seg-normalize -deadargelim -instcombine -dce -directive-preproc -mem2reg -dse -dce -pointer-simplify -dce -port-alignment -dce -interface-preproc -data-pack -instcombine -dce -basicaa -aggr-aa -aggrmodref-aa -aggr-aa -gvn -gvn -basicaa -aggr-aa -aggrmodref-aa -aggr-aa -dse -adse -adce -loop-simplify -indvars -instcombine -gvn -loop-simplify -mem2reg -dce -find-region -instcombine -inst-simplify -interface-preproc -cfgopt -instcombine -indvars -loop-simplify -loop-bound -constprop -instcombine -simplifycfg -indvars -simplifycfg -dce -globaldce -clean-region -attach-range -gvn -inst-simplify -constprop -simplifycfg -dce -pointer-simplify -dce -globalopt -constprop -dce -array-promote -constprop -dce -ptrArgReplace -mem2reg -simplifycfg -dce -instcombine -dce -array-transform-check -array-reshape -instcombine -simplifycfg -dce -ptrArgReplace -deadargelim -mem2reg -instcombine -simplifycfg -dce -indvars -loop-simplify -loop-bound -constprop -instcombine -simplifycfg -indvars -simplifycfg -dce -globaldce -basicaa -aggr-aa -aggrmodref-aa -aggr-aa -dse -duplicate-dataflow-processes -globaldce -instcombine -array-partition -prepare-dynamic-array-partition -instcombine -simplifycfg -dce -ptrArgReplace -global-constprop -deadargelim -mem2reg -func-legal -dce -global-constprop -deadargelim -mem2reg -simplifycfg -dce -merge-param -deadargelim -globalopt -constprop -dce -array-promote -constprop -dce -ptrArgReplace -mem2reg -simplifycfg -dce -mem-intrinsic-preproc -dce -global-internalize -global-privatize -mem2reg -globaldce -lcssa -loop-simplify -phi-select-elim -promote-global-argument -ptrArgReplace -mem2reg -dce -globalopt -mergereturn -simplify-global-access -mem2reg -dce -pointer-simplify -dce -basicaa -aggr-aa -aggrmodref-aa -aggr-aa -functionattrs -basicaa -aggr-aa -aggrmodref-aa -aggr-aa -gvn -gvn -basicaa -aggr-aa -aggrmodref-aa -aggr-aa -dse -adse -adce -dce -norm-name -basicaa -aggr-aa -aggrmodref-aa -aggr-aa -accesses-merge -function-inline -complex-op-raise -inst-simplify -globaldce -func-legal -dce -loop-bound -arraycheck -bitwidthmin2 -bitwidthmin2 -on-by-dataflow -loop-delete -instcombine -simplifycfg -globaldce -dce -gvn -deadargelim -dce -loop-simplify -clean-region -simplifycfg -propagate-stable-arguments -loop-stream -instcombine -simplifycfg -dce -globaldce -duplicate-dataflow-processes -stream-intrinsic-preproc -dce -check-ap-stream -loop-simplify -eliminate-keepreads -extract-dataflow-in-loop -loop-simplify -dce -gvn -deadargelim -dse -duplicate-dataflow-processes -check-dataflow-syntax -legalize-stream-variable -globaldce -legalize-global -extract-subproc -dce -dead-channel-elimination -canonicalize-gep -globaldce -dce -gvn -hls-dead-arg-elim -deadargelim -directive-preproc -canonicalize-dataflow -dce -globaldce -scalar-preprocessing -scalar-propagation2 -scalar-stream -deadargelim -globaldce -mem2reg -check-dataflow-channels -function-stream -dce -globaldce -prop-fifo-spec -internal-stream-gen -canonicalize-gep -globaldce -dce -gvn -deadargelim -mergereturn -indvars -loop-simplify -instcombine -array-stream -array-seg-normalize -array-partition -clean-array-spec -func-legal -instcombine -simplifycfg -dce -bundle-memfifo-ops -deadargelim -directive-preproc -mem2reg -dse -dce -group-axi-access -licm -simplifycfg -dce -loop-delete -hls-display -norm-name C:/Github/HLS_Pollings/Pollings_HLS/solution1/.autopilot/db/a.o.1.bc -o C:/Github/HLS_Pollings/Pollings_HLS/solution1/.autopilot/db/a.o.1.tmp.bc -f 
INFO-FLOW: Presyn 2...
Execute         transform -hls -keep-callgraph -scalarrepl -mem2reg -port-alignment -attach-range -dce -pipe-mux-gen -indvars -loop-bound -inst-simplify -instcombine -dce -merge-array-access -mem2reg -dce -clean-region -mergereturn -if-conv -instcombine -dce -constprop -basicaa -aggr-aa -aggrmodref-aa -aggr-aa -gvn -gvn -basicaa -aggr-aa -aggrmodref-aa -aggr-aa -dse -adse -adce -scalarrepl -mem2reg -global-constprop -deadargelim -deadargelim -instcombine -dce -simplifycfg -ptrArgReplace -mem2reg -function-inline -globaldce -mem2reg -instcombine -dce -expr-balance -instcombine -dce -bitwidthmin2 -bitwidthmin2 -interface-preproc -directive-preproc -inst-rectify -instcombine -dce -basicaa -aggr-aa -aggrmodref-aa -aggr-aa -functionattrs -constprop -instcombine -bit-constprop -simplify-global-access -globalopt -globaldce -inst-simplify -instcombine -elimdeaddata -dce -loop-delete -simplifycfg -loop-simplify -barrier -norm-name C:/Github/HLS_Pollings/Pollings_HLS/solution1/.autopilot/db/a.o.1.tmp.bc -o C:/Github/HLS_Pollings/Pollings_HLS/solution1/.autopilot/db/a.o.2.bc -f -phase presyn 
INFO: [XFORM 203-11] Balancing expressions in function 'pollings' (Include/Pollings.c:8:26)...3 expression(s) balanced.
INFO: [HLS 200-111] Finished Loop, function and other optimizations: CPU user time: 0 seconds. CPU system time: 0 seconds. Elapsed time: 0.129 seconds; current allocated memory: 208.469 MB.
Execute         transform -hls -auto-function-inline -globaldce -ptrArgReplace -mem2reg -dce -reset-lda -loop-simplify -indvars -aggr-aa -licm -loop-dep -loop-bound -licm -loop-simplify -loop-sink-hoist -flattenloopnest -array-flatten -gvn -instcombine -dce -array-map -dce -func-legal -gvn -adce -instcombine -cfgopt -simplifycfg-lite -loop-simplify -array-burst -promote-global-argument -dce -array-seg-normalize -basicaa -aggrmodref-aa -globalsmodref-aa -aggr-aa -gvn -gvn -basicaa -aggrmodref-aa -globalsmodref-aa -aggr-aa -dse -adse -adce -licm -inst-simplify -dce -globaldce -instcombine -array-stream -eliminate-keepreads -instcombine -dce -deadargelim -doublePtrSimplify -doublePtrElim -dce -doublePtrSimplify -promote-dbg-pointer -dce -scalarrepl -mem2reg -norm-name -mem2reg -instcombine -dse -adse -adce -ptrLegalization -dce -array-flatten -dce -instcombine -check-doubleptr -loop-rot -constprop -inst-simplify -cfgopt -simplifycfg-lite -loop-simplify -indvars -pointer-simplify -dce -loop-bound -loop-simplify -loop-preproc -constprop -global-constprop -gvn -mem2reg -instcombine -dce -loop-bound -loop-merge -dce -deadargelim -dce -canonicalize-dataflow -dce -deadargelim -globaldce -mem2reg -bram-byte-enable -inst-simplify -inst-rectify -instcombine -adce -deadargelim -load-elim -read-loop-dep -loop-simplify -loop-extract-inner -directive-preproc -bitwidthmin2 -bitwidthmin2 -read-loop-dep -interface-preproc -directive-preproc -interface-gen -bram-byte-enable-spec-prop -mul2addshift -deadargelim -inst-simplify -dce -mem2reg -instcombine -gvn -dce -adse -loop-bound -instcombine -cfgopt -simplifycfg-lite -loop-simplify -clean-region -io-protocol -find-region -mem2reg -bitop-raise -complex-op-raise -inst-simplify -inst-rectify -instcombine -adce -deadargelim -float-op-raise -loop-simplify -phi-opt -bitop-raise -cfgopt -simplifycfg-lite -strip-dead-prototypes -interface-lower -bitop-lower -intrinsic-lower -auto-function-inline -basicaa -aggrmodref-aa -globalsmodref-aa -aggr-aa -inst-simplify -simplifycfg-lite -loop-simplify -mergereturn -inst-simplify -inst-rectify -globaldce -dce -load-elim -bitop-lower -float-op-raise -fma-raise -loop-rewind -pointer-simplify -dce -cfgopt -dce -loop-bound -loop-dep -read-loop-dep -dce -dyn-mem-reuse -dce -recurrence-min -dce -share-scalar-alloca -deadargelim -dce -check-stream -norm-name -legalize -inst-clarity -bitwidth -dce -validate-dataflow -dump-loop-dep-to-ir -check-all-ssdm -dump-complexity-metric C:/Github/HLS_Pollings/Pollings_HLS/solution1/.autopilot/db/a.o.2.bc -o C:/Github/HLS_Pollings/Pollings_HLS/solution1/.autopilot/db/a.o.3.bc -f -phase build-ssdm 
INFO: [HLS 200-2061] Successfully converted nested loops 'VITIS_LOOP_20_1'(Include/Pollings.c:20:19) and 'VITIS_LOOP_21_2'(Include/Pollings.c:21:26) in function 'pollings' into perfectly nested loops.
INFO: [XFORM 203-541] Flattening a loop nest 'VITIS_LOOP_20_1' (Include/Pollings.c:20:19) in function 'pollings'.
Execute           auto_get_db
INFO-FLOW: Building ssdm...
Execute         transform -hls -cdfg-build C:/Github/HLS_Pollings/Pollings_HLS/solution1/.autopilot/db/a.o.3.bc -o C:/Github/HLS_Pollings/Pollings_HLS/solution1/.autopilot/db/a.o.3.bc -f -phase build-ssdm 
INFO: [HLS 200-111] Finished Architecture Synthesis: CPU user time: 1 seconds. CPU system time: 0 seconds. Elapsed time: 0.139 seconds; current allocated memory: 208.523 MB.
INFO-FLOW: Finish building internal data model.
Command       opt_and_import_c done; 0.415 sec.
Command     elaborate done; 14.378 sec.
Execute     ap_eval exec zip -j C:/Github/HLS_Pollings/Pollings_HLS/solution1/.autopilot/db/dut.hcp $dbDir/a.o.3.bc $dbDir/${topname}.rtl_wrap.cfg.tcl $dbDir/apatb_${topname}.cpp $dbDir/apatb_${topname}_util.cpp $dbDir/apatb_${topname}_ir.ll $dbDir/mapper_${topname}.cpp $dbDir/top-io-fe.xml $dbDir/kernel.internal.xml $workdir/../hls.app 
Command     ap_eval done; 0.336 sec.
Execute     autosyn -from_csynth_design=1 
INFO: [HLS 200-10] Starting hardware synthesis ...
INFO-FLOW: Synthesizing C/C++ design ...
INFO: [HLS 200-10] Synthesizing 'pollings' ...
Execute       ap_set_top_model pollings 
Execute       get_model_list pollings -filter all-wo-channel -topdown 
Execute       preproc_iomode -model pollings 
Execute       get_model_list pollings -filter all-wo-channel 
INFO-FLOW: Model list for configure: pollings
INFO-FLOW: Configuring Module : pollings ...
Execute       set_default_model pollings 
Execute       apply_spec_resource_limit pollings 
INFO-FLOW: Model list for preprocess: pollings
INFO-FLOW: Preprocessing Module: pollings ...
Execute       set_default_model pollings 
Execute       cdfg_preprocess -model pollings 
Execute       rtl_gen_preprocess pollings 
INFO-FLOW: Model list for synthesis: pollings
INFO: [HLS 200-10] ----------------------------------------------------------------
INFO: [HLS 200-42] -- Implementing module 'pollings' 
INFO: [HLS 200-10] ----------------------------------------------------------------
Execute       set_default_model pollings 
Execute       schedule -model pollings 
INFO: [SCHED 204-11] Starting scheduling ...
INFO: [SCHED 204-61] Pipelining loop 'VITIS_LOOP_20_1_VITIS_LOOP_21_2'.
WARNING: [HLS 200-880] The II Violation in module 'pollings' (loop 'VITIS_LOOP_20_1_VITIS_LOOP_21_2'): Unable to enforce a carried dependence constraint (II = 1, distance = 1, offset = 1) between bus read operation ('val', Include/Pollings.c:29) on port 'gmem' (Include/Pollings.c:29) and bus read operation ('val', Include/Pollings.c:29) on port 'gmem' (Include/Pollings.c:29).
WARNING: [HLS 200-880] The II Violation in module 'pollings' (loop 'VITIS_LOOP_20_1_VITIS_LOOP_21_2'): Unable to enforce a carried dependence constraint (II = 2, distance = 1, offset = 1) between bus request operation ('empty_22', Include/Pollings.c:29) on port 'gmem' (Include/Pollings.c:29) and bus request operation ('empty_21', Include/Pollings.c:29) on port 'gmem' (Include/Pollings.c:29).
WARNING: [HLS 200-885] The II Violation in module 'pollings' (loop 'VITIS_LOOP_20_1_VITIS_LOOP_21_2'): Unable to schedule bus read operation ('val', Include/Pollings.c:29) on port 'gmem' (Include/Pollings.c:29) due to limited memory ports (II = 3). Please consider using a memory core with more ports or partitioning the array.
INFO: [HLS 200-1470] Pipelining result : Target II = 1, Final II = 4, Depth = 23, loop 'VITIS_LOOP_20_1_VITIS_LOOP_21_2'
INFO: [SCHED 204-11] Finished scheduling.
Command       schedule done; 0.272 sec.
INFO: [HLS 200-111] Finished Scheduling: CPU user time: 0 seconds. CPU system time: 0 seconds. Elapsed time: 0.688 seconds; current allocated memory: 208.523 MB.
Execute       syn_report -verbosereport -o C:/Github/HLS_Pollings/Pollings_HLS/solution1/.autopilot/db/pollings.verbose.sched.rpt 
Execute         list_part -family xc7z020-clg400-1 
Execute           ap_family_info -name xc7z020-clg400-1 -data names 
Execute           ap_part_info -quiet -name xc7z020-clg400-1 -data family 
WARNING: [HLS 200-2049] Adding the rewind optimization to the pipelined process 'VITIS_LOOP_20_1_VITIS_LOOP_21_2' with inout ports inside a dataflow region can result in the creation of loop-carried dependencies and errors. Use caution when adding the rewind optimization to such loops.
Execute       db_write -o C:/Github/HLS_Pollings/Pollings_HLS/solution1/.autopilot/db/pollings.sched.adb -f 
INFO-FLOW: Finish scheduling pollings.
Execute       set_default_model pollings 
Execute       bind -model pollings 
INFO: [BIND 205-100] Starting micro-architecture generation ...
INFO: [BIND 205-101] Performing variable lifetime analysis.
INFO: [BIND 205-101] Exploring resource sharing.
INFO: [BIND 205-101] Binding ...
INFO: [BIND 205-100] Finished micro-architecture generation.
INFO: [HLS 200-111] Finished Binding: CPU user time: 0 seconds. CPU system time: 1 seconds. Elapsed time: 0.187 seconds; current allocated memory: 208.523 MB.
Execute       syn_report -verbosereport -o C:/Github/HLS_Pollings/Pollings_HLS/solution1/.autopilot/db/pollings.verbose.bind.rpt 
Execute         list_part -family xc7z020-clg400-1 
Execute           ap_family_info -name xc7z020-clg400-1 -data names 
Execute           ap_part_info -quiet -name xc7z020-clg400-1 -data family 
Execute       db_write -o C:/Github/HLS_Pollings/Pollings_HLS/solution1/.autopilot/db/pollings.bind.adb -f 
INFO-FLOW: Finish binding pollings.
Execute       get_model_list pollings -filter all-wo-channel 
INFO-FLOW: Preprocessing for RTLGen ...
Execute       rtl_gen_preprocess pollings 
INFO-FLOW: Model list for RTL generation: pollings
INFO: [HLS 200-10] ----------------------------------------------------------------
INFO: [HLS 200-10] -- Generating RTL for module 'pollings' 
INFO: [HLS 200-10] ----------------------------------------------------------------
Execute       create_rtl_model pollings -top_prefix  -sub_prefix pollings_ -mg_file C:/Github/HLS_Pollings/Pollings_HLS/solution1/.autopilot/db/pollings.compgen.tcl 
WARNING: [RTGEN 206-101] Design contains AXI ports. Reset is fixed to synchronous and active low.
INFO: [RTGEN 206-500] Setting interface mode on port 'pollings/gmem' to 'm_axi'.
INFO: [RTGEN 206-500] Setting interface mode on port 'pollings/in_img' to 's_axilite & ap_none'.
INFO: [RTGEN 206-500] Setting interface mode on port 'pollings/max_pool' to 's_axilite & ap_none'.
INFO: [RTGEN 206-500] Setting interface mode on port 'pollings/min_pool' to 's_axilite & ap_none'.
INFO: [RTGEN 206-500] Setting interface mode on port 'pollings/avg_pool' to 's_axilite & ap_none'.
INFO: [RTGEN 206-500] Setting interface mode on function 'pollings' to 's_axilite & ap_ctrl_hs'.
INFO: [HLS 200-1030] Apply Unified Pipeline Control on module 'pollings' pipeline 'VITIS_LOOP_20_1_VITIS_LOOP_21_2' pipeline type 'loop pipeline'
INFO: [RTGEN 206-100] Bundling port 'return' to AXI-Lite port control.
INFO: [RTGEN 206-100] Bundling port 'in_img', 'max_pool', 'min_pool' and 'avg_pool' to AXI-Lite port control_r.
INFO: [RTGEN 206-100] Finished creating RTL model for 'pollings'.
Command       create_rtl_model done; 0.35 sec.
INFO: [HLS 200-111] Finished Creating RTL model: CPU user time: 0 seconds. CPU system time: 0 seconds. Elapsed time: 0.489 seconds; current allocated memory: 211.156 MB.
Execute       source C:/Github/HLS_Pollings/Pollings_HLS/solution1/.autopilot/db/pollings.rtl_wrap.cfg.tcl 
Execute       gen_rtl pollings -istop -style xilinx -f -lang vhdl -o C:/Github/HLS_Pollings/Pollings_HLS/solution1/syn/vhdl/pollings 
Execute       gen_rtl pollings -istop -style xilinx -f -lang vlog -o C:/Github/HLS_Pollings/Pollings_HLS/solution1/syn/verilog/pollings 
Execute       syn_report -csynth -model pollings -o C:/Github/HLS_Pollings/Pollings_HLS/solution1/syn/report/pollings_csynth.rpt 
Execute         list_part -family xc7z020-clg400-1 
Execute           ap_family_info -name xc7z020-clg400-1 -data names 
Execute           ap_part_info -quiet -name xc7z020-clg400-1 -data family 
Execute       syn_report -rtlxml -model pollings -o C:/Github/HLS_Pollings/Pollings_HLS/solution1/syn/report/pollings_csynth.xml 
Execute         list_part -family xc7z020-clg400-1 
Execute           ap_family_info -name xc7z020-clg400-1 -data names 
Execute           ap_part_info -quiet -name xc7z020-clg400-1 -data family 
Execute       syn_report -verbosereport -model pollings -o C:/Github/HLS_Pollings/Pollings_HLS/solution1/.autopilot/db/pollings.verbose.rpt 
Execute         list_part -family xc7z020-clg400-1 
Execute           ap_family_info -name xc7z020-clg400-1 -data names 
Execute           ap_part_info -quiet -name xc7z020-clg400-1 -data family 
Execute       db_write -model pollings -f -o C:/Github/HLS_Pollings/Pollings_HLS/solution1/.autopilot/db/pollings.adb 
Execute       db_write -model pollings -bindview -o C:/Github/HLS_Pollings/Pollings_HLS/solution1/.autopilot/db/design.bindinfo.xml 
Execute       gen_tb_info pollings -p C:/Github/HLS_Pollings/Pollings_HLS/solution1/.autopilot/db -o C:/Github/HLS_Pollings/Pollings_HLS/solution1/.autopilot/db/pollings 
Execute       export_constraint_db -f -tool general -o C:/Github/HLS_Pollings/Pollings_HLS/solution1/.autopilot/db/pollings.constraint.tcl 
Execute       syn_report -designview -model pollings -o C:/Github/HLS_Pollings/Pollings_HLS/solution1/.autopilot/db/pollings.design.xml 
Execute       syn_report -csynthDesign -model pollings -o C:/Github/HLS_Pollings/Pollings_HLS/solution1/syn/report/csynth.rpt -MHOut C:/Github/HLS_Pollings/Pollings_HLS/solution1/.autopilot/db/kernel_module_hierarchy.tcl 
Execute         list_part -family xc7z020-clg400-1 
Execute           ap_family_info -name xc7z020-clg400-1 -data names 
Execute           ap_part_info -quiet -name xc7z020-clg400-1 -data family 
Execute       syn_report -wcfg -model pollings -o C:/Github/HLS_Pollings/Pollings_HLS/solution1/.autopilot/db/pollings_dataflow_ana.wcfg 
Execute       syn_report -protoinst -model pollings -o C:/Github/HLS_Pollings/Pollings_HLS/solution1/.autopilot/db/pollings.protoinst 
Execute       sc_get_clocks pollings 
Execute       sc_get_portdomain pollings 
INFO-FLOW: Model list for RTL component generation: pollings
INFO-FLOW: Handling components in module [pollings] ... 
Execute       source C:/Github/HLS_Pollings/Pollings_HLS/solution1/.autopilot/db/pollings.compgen.tcl 
INFO-FLOW: Found component pollings_gmem_m_axi.
INFO-FLOW: Append model pollings_gmem_m_axi
INFO-FLOW: Found component pollings_control_s_axi.
INFO-FLOW: Append model pollings_control_s_axi
INFO-FLOW: Found component pollings_control_r_s_axi.
INFO-FLOW: Append model pollings_control_r_s_axi
INFO-FLOW: Found component pollings_flow_control_loop_pipe.
INFO-FLOW: Append model pollings_flow_control_loop_pipe
INFO-FLOW: Append model pollings
INFO-FLOW: Generating RTL model list ...
INFO-FLOW: All models in this session: pollings_gmem_m_axi pollings_control_s_axi pollings_control_r_s_axi pollings_flow_control_loop_pipe pollings
INFO-FLOW: Generating C:/Github/HLS_Pollings/Pollings_HLS/solution1/.autopilot/db/autopilot.rtl.models.txt file...
INFO-FLOW: To file: write model pollings_gmem_m_axi
INFO-FLOW: To file: write model pollings_control_s_axi
INFO-FLOW: To file: write model pollings_control_r_s_axi
INFO-FLOW: To file: write model pollings_flow_control_loop_pipe
INFO-FLOW: To file: write model pollings
INFO-FLOW: Generating C:/Github/HLS_Pollings/Pollings_HLS/solution1/.autopilot/db/autopilot.rtl.models.tcl file...
INFO-FLOW: Finished generating RTL model list.


INFO-FLOW: RTL Generation done.
INFO-FLOW: CAS Generation done.
INFO-FLOW: CBC Generation done.
INFO-FLOW: DBG:PROC: ::AESL_AUTOMG::auto_generate_csynth_design
INFO-FLOW: DBG:PUTS: read_platform_lib C:/Github/HLS_Pollings/Pollings_HLS/solution1/.autopilot/db/global.setting.tcl
Execute       source C:/Xilinx/Vitis_HLS/2024.1/common/technology/generic/autopilot/common.gen 
Execute         source C:/Xilinx/Vitis_HLS/2024.1/common/technology/generic/autopilot/APCoreGen.gen 
Execute       source C:/Xilinx/Vitis_HLS/2024.1/common/technology/generic/autopilot/op.gen 
Execute       source C:/Xilinx/Vitis_HLS/2024.1/common/technology/generic/autopilot/op_simcore.gen 
Execute       source C:/Xilinx/Vitis_HLS/2024.1/common/technology/generic/autopilot/interface.gen 
Execute       source C:/Github/HLS_Pollings/Pollings_HLS/solution1/.autopilot/db/global.setting.tcl 
Execute       source C:/Xilinx/Vitis_HLS/2024.1/common/technology/xilinx/common/xilinx.gen 
Execute         source C:/Xilinx/Vitis_HLS/2024.1/common/technology/xilinx/interface/plb46.gen 
Execute         source C:/Xilinx/Vitis_HLS/2024.1/common/technology/xilinx/interface/axi4.gen 
Execute         source C:/Xilinx/Vitis_HLS/2024.1/common/technology/xilinx/interface/nativeAXI4.gen 
Execute           source C:/Xilinx/Vitis_HLS/2024.1/common/technology/xilinx/interface/saxilite.gen 
Execute         source C:/Xilinx/Vitis_HLS/2024.1/common/technology/xilinx/scripts/xilinxcoregen.gen 
Execute         source C:/Xilinx/Vitis_HLS/2024.1/common/technology/xilinx/interface/XilEDKCoreGen.gen 
Execute         source C:/Xilinx/Vitis_HLS/2024.1/common/technology/xilinx/ip/dds_compiler.gen 
Execute         source C:/Xilinx/Vitis_HLS/2024.1/common/technology/xilinx/ip/util.gen 
Execute         source C:/Xilinx/Vitis_HLS/2024.1/common/technology/xilinx/ip/xfft.gen 
Command         ap_source done; 0.109 sec.
Execute         source C:/Xilinx/Vitis_HLS/2024.1/common/technology/xilinx/ip/xfir.gen 
Execute         source C:/Xilinx/Vitis_HLS/2024.1/common/technology/xilinx/DSP48/dsp48.gen 
Command       ap_source done; 0.15 sec.
INFO-FLOW: DBG:PUTS:   using AESL_AUTOCG::g_clock_period=10.000 (was NA)
INFO-FLOW: DBG:PROC: ::AESL_AUTOMG::generate_ip_cores gen_sim_model='1' gen_fp_models='0' gen_for_export='0' dstSCDir='' dstVhdlDir='C:/Github/HLS_Pollings/Pollings_HLS/solution1/.autopilot/db/vhdl' dstVlogDir='C:/Github/HLS_Pollings/Pollings_HLS/solution1/.autopilot/db/vlog' tclDir='C:/Github/HLS_Pollings/Pollings_HLS/solution1/.autopilot/db' modelList='pollings_gmem_m_axi
pollings_control_s_axi
pollings_control_r_s_axi
pollings_flow_control_loop_pipe
pollings
' expOnly='0'
Execute       source C:/Github/HLS_Pollings/Pollings_HLS/solution1/.autopilot/db/global.setting.tcl 
Execute       ap_part_info -name xc7z020-clg400-1 -data names -quiet 
Execute       ap_part_info -name xc7z020-clg400-1 -data info -quiet 
Execute       source C:/Github/HLS_Pollings/Pollings_HLS/solution1/.autopilot/db/global.setting.tcl 
Execute       source C:/Github/HLS_Pollings/Pollings_HLS/solution1/.autopilot/db/global.setting.tcl 
Execute       source C:/Github/HLS_Pollings/Pollings_HLS/solution1/.autopilot/db/pollings.compgen.tcl 
Execute         source ./control.slave.tcl 
Execute         source ./control.slave.tcl 
Execute         source ./control_r.slave.tcl 
Command       ap_source done; 0.17 sec.
INFO: [HLS 200-111] Finished Generating all RTL models: CPU user time: 0 seconds. CPU system time: 0 seconds. Elapsed time: 1.104 seconds; current allocated memory: 216.754 MB.
INFO-FLOW: DBG:PROC: ::HLSREPORTS::create_csynth_xml bind_info_var='bind_info' RtlSubPrefix='pollings_' outfile=''
INFO-FLOW: Running: create_csynth_xml read xml data
INFO-FLOW: Done: create_csynth_xml read xml data time: 0 seconds per iteration
INFO-FLOW: Running: create_csynth_xml bind info
INFO-FLOW: Done: create_csynth_xml bind info time: 0 seconds per iteration
INFO-FLOW: Running: create_csynth_xml config info
INFO-FLOW: Done: create_csynth_xml config info time: 0.6 seconds per iteration
INFO-FLOW: Running: create_csynth_xml write xml
INFO-FLOW: Done: create_csynth_xml write xml time: 0 seconds per iteration
INFO-FLOW: DBG:PUTS:      create_csynth_xml wrote csynth_xml=C:/Github/HLS_Pollings/Pollings_HLS/solution1/syn/report/csynth.xml
INFO-FLOW: DBG:PROC: ::AP::DESIGN_DATA::generate_json generate_bd_files='0' generate_xo_files='0' modelList='pollings_gmem_m_axi
pollings_control_s_axi
pollings_control_r_s_axi
pollings_flow_control_loop_pipe
pollings
' rtl_lang='both' bootstrap_tcl='false' outdir='' outfilename=''
Execute       source C:/Github/HLS_Pollings/Pollings_HLS/solution1/.autopilot/db/global.setting.tcl 
Execute       source C:/Github/HLS_Pollings/Pollings_HLS/solution1/.autopilot/db/global.setting.tcl 
Execute       source C:/Github/HLS_Pollings/Pollings_HLS/solution1/.autopilot/db/top-io-be.tcl 
Execute       source C:/Github/HLS_Pollings/Pollings_HLS/solution1/.autopilot/db/pollings.tbgen.tcl 
Execute       source C:/Github/HLS_Pollings/Pollings_HLS/solution1/.autopilot/db/pollings.compgen.dataonly.tcl 
Execute       source C:/Github/HLS_Pollings/Pollings_HLS/solution1/.autopilot/db/pollings.compgen.dataonly.tcl 
Execute       source C:/Github/HLS_Pollings/Pollings_HLS/solution1/.autopilot/db/pollings.compgen.dataonly.tcl 
Execute       source C:/Github/HLS_Pollings/Pollings_HLS/solution1/.autopilot/db/pollings.compgen.dataonly.tcl 
Execute       source C:/Github/HLS_Pollings/Pollings_HLS/solution1/.autopilot/db/pollings.rtl_wrap.cfg.tcl 
Execute       source C:/Github/HLS_Pollings/Pollings_HLS/solution1/.autopilot/db/pollings.compgen.dataonly.tcl 
Execute       source C:/Github/HLS_Pollings/Pollings_HLS/solution1/.autopilot/db/pollings.tbgen.tcl 
Execute       source C:/Github/HLS_Pollings/Pollings_HLS/solution1/.autopilot/db/global.setting.tcl 
Execute       ap_part_info -name xc7z020-clg400-1 -data names -quiet 
Execute       ap_part_info -name xc7z020-clg400-1 -data info -quiet 
Execute       source C:/Github/HLS_Pollings/Pollings_HLS/solution1/.autopilot/db/pollings.constraint.tcl 
Execute       sc_get_clocks pollings 
Execute       source C:/Github/HLS_Pollings/Pollings_HLS/solution1/.autopilot/db/global.setting.tcl 
INFO-FLOW: DBG:PROC: ::HLSREPORTS::add_csynth_report_sections bind_info_dict='adapter_nodes {{BINDTYPE adapter ID {} IMPL {} LATENCY {} OPTYPE {} PRAGMA {} RTLNAME control_s_axi_U SOURCE {} VARIABLE {} LOOP {} BUNDLEDNAME control DSP 0 BRAM 0 URAM 0 STORAGESUBTYPE s_axilite STORAGESIZE {} STORAGEUSAGE interface DISPNAME {bind_adapter }} {BINDTYPE adapter ID {} IMPL {} LATENCY {} OPTYPE {} PRAGMA {} RTLNAME control_r_s_axi_U SOURCE {} VARIABLE {} LOOP {} BUNDLEDNAME control_r DSP 0 BRAM 0 URAM 0 STORAGESUBTYPE s_axilite STORAGESIZE {} STORAGEUSAGE interface DISPNAME {bind_adapter }} {BINDTYPE adapter ID {} IMPL {} LATENCY {} OPTYPE {} PRAGMA {} RTLNAME gmem_m_axi_U SOURCE {} VARIABLE {} LOOP {} BUNDLEDNAME gmem DSP 0 BRAM 2 URAM 0 STORAGESUBTYPE m_axi STORAGESIZE {} STORAGEUSAGE interface DISPNAME {bind_adapter }}} cache_nodes {} report_dict {TOPINST pollings MODULE2INSTS {pollings pollings} INST2MODULE {pollings pollings} INSTDATA {pollings {DEPTH 1 CHILDREN {}}} MODULEDATA {pollings {BINDINFO {{BINDTYPE op ID {} IMPL auto_sel LATENCY 0 OPTYPE select PRAGMA {} RTLNAME select_ln20_fu_256_p3 SOURCE Include/Pollings.c:20 VARIABLE select_ln20 LOOP VITIS_LOOP_20_1_VITIS_LOOP_21_2 BUNDLEDNAME {} DSP 0 BRAM 0 URAM 0 STORAGESUBTYPE {} DISPNAME {bind_op select} VISIBLE false} {BINDTYPE op ID {} IMPL auto_sel LATENCY 0 OPTYPE select PRAGMA {} RTLNAME i_fu_270_p3 SOURCE Include/Pollings.c:20 VARIABLE i LOOP VITIS_LOOP_20_1_VITIS_LOOP_21_2 BUNDLEDNAME {} DSP 0 BRAM 0 URAM 0 STORAGESUBTYPE {} DISPNAME {bind_op select} VISIBLE false} {BINDTYPE op ID {} IMPL fabric LATENCY 0 OPTYPE add PRAGMA {} RTLNAME empty_17_fu_317_p2 SOURCE Include/Pollings.c:21 VARIABLE empty_17 LOOP VITIS_LOOP_20_1_VITIS_LOOP_21_2 BUNDLEDNAME {} DSP 0 BRAM 0 URAM 0 STORAGESUBTYPE {} DISPNAME {bind_op add} VISIBLE true} {BINDTYPE op ID {} IMPL fabric LATENCY 0 OPTYPE add PRAGMA {} RTLNAME tmp_fu_336_p2 SOURCE Include/Pollings.c:20 VARIABLE tmp LOOP VITIS_LOOP_20_1_VITIS_LOOP_21_2 BUNDLEDNAME {} DSP 0 BRAM 0 URAM 0 STORAGESUBTYPE {} DISPNAME {bind_op add} VISIBLE true} {BINDTYPE op ID {} IMPL fabric LATENCY 0 OPTYPE add PRAGMA {} RTLNAME empty_19_fu_341_p2 SOURCE Include/Pollings.c:20 VARIABLE empty_19 LOOP VITIS_LOOP_20_1_VITIS_LOOP_21_2 BUNDLEDNAME {} DSP 0 BRAM 0 URAM 0 STORAGESUBTYPE {} DISPNAME {bind_op add} VISIBLE true} {BINDTYPE op ID {} IMPL fabric LATENCY 0 OPTYPE add PRAGMA {} RTLNAME empty_20_fu_347_p2 SOURCE Include/Pollings.c:20 VARIABLE empty_20 LOOP VITIS_LOOP_20_1_VITIS_LOOP_21_2 BUNDLEDNAME {} DSP 0 BRAM 0 URAM 0 STORAGESUBTYPE {} DISPNAME {bind_op add} VISIBLE true} {BINDTYPE op ID {} IMPL auto LATENCY 0 OPTYPE setgt PRAGMA {} RTLNAME icmp_ln30_fu_450_p2 SOURCE Include/Pollings.c:30 VARIABLE icmp_ln30 LOOP VITIS_LOOP_20_1_VITIS_LOOP_21_2 BUNDLEDNAME {} DSP 0 BRAM 0 URAM 0 STORAGESUBTYPE {} DISPNAME {bind_op setgt} VISIBLE false} {BINDTYPE op ID {} IMPL auto_sel LATENCY 0 OPTYPE select PRAGMA {} RTLNAME max_val_1_fu_454_p3 SOURCE Include/Pollings.c:30 VARIABLE max_val_1 LOOP VITIS_LOOP_20_1_VITIS_LOOP_21_2 BUNDLEDNAME {} DSP 0 BRAM 0 URAM 0 STORAGESUBTYPE {} DISPNAME {bind_op select} VISIBLE false} {BINDTYPE op ID {} IMPL auto LATENCY 0 OPTYPE setlt PRAGMA {} RTLNAME icmp_ln31_fu_463_p2 SOURCE Include/Pollings.c:31 VARIABLE icmp_ln31 LOOP VITIS_LOOP_20_1_VITIS_LOOP_21_2 BUNDLEDNAME {} DSP 0 BRAM 0 URAM 0 STORAGESUBTYPE {} DISPNAME {bind_op setlt} VISIBLE false} {BINDTYPE op ID {} IMPL auto_sel LATENCY 0 OPTYPE select PRAGMA {} RTLNAME min_val_1_fu_467_p3 SOURCE Include/Pollings.c:31 VARIABLE min_val_1 LOOP VITIS_LOOP_20_1_VITIS_LOOP_21_2 BUNDLEDNAME {} DSP 0 BRAM 0 URAM 0 STORAGESUBTYPE {} DISPNAME {bind_op select} VISIBLE false} {BINDTYPE op ID {} IMPL auto LATENCY 0 OPTYPE setgt PRAGMA {} RTLNAME icmp_ln30_1_fu_476_p2 SOURCE Include/Pollings.c:30 VARIABLE icmp_ln30_1 LOOP VITIS_LOOP_20_1_VITIS_LOOP_21_2 BUNDLEDNAME {} DSP 0 BRAM 0 URAM 0 STORAGESUBTYPE {} DISPNAME {bind_op setgt} VISIBLE false} {BINDTYPE op ID {} IMPL auto_sel LATENCY 0 OPTYPE select PRAGMA {} RTLNAME max_val_3_fu_480_p3 SOURCE Include/Pollings.c:30 VARIABLE max_val_3 LOOP VITIS_LOOP_20_1_VITIS_LOOP_21_2 BUNDLEDNAME {} DSP 0 BRAM 0 URAM 0 STORAGESUBTYPE {} DISPNAME {bind_op select} VISIBLE false} {BINDTYPE op ID {} IMPL auto LATENCY 0 OPTYPE setlt PRAGMA {} RTLNAME icmp_ln31_1_fu_486_p2 SOURCE Include/Pollings.c:31 VARIABLE icmp_ln31_1 LOOP VITIS_LOOP_20_1_VITIS_LOOP_21_2 BUNDLEDNAME {} DSP 0 BRAM 0 URAM 0 STORAGESUBTYPE {} DISPNAME {bind_op setlt} VISIBLE false} {BINDTYPE op ID {} IMPL auto_sel LATENCY 0 OPTYPE select PRAGMA {} RTLNAME min_val_2_fu_491_p3 SOURCE Include/Pollings.c:31 VARIABLE min_val_2 LOOP VITIS_LOOP_20_1_VITIS_LOOP_21_2 BUNDLEDNAME {} DSP 0 BRAM 0 URAM 0 STORAGESUBTYPE {} DISPNAME {bind_op select} VISIBLE false} {BINDTYPE op ID {} IMPL auto LATENCY 0 OPTYPE setgt PRAGMA {} RTLNAME icmp_ln30_2_fu_501_p2 SOURCE Include/Pollings.c:30 VARIABLE icmp_ln30_2 LOOP VITIS_LOOP_20_1_VITIS_LOOP_21_2 BUNDLEDNAME {} DSP 0 BRAM 0 URAM 0 STORAGESUBTYPE {} DISPNAME {bind_op setgt} VISIBLE false} {BINDTYPE op ID {} IMPL auto_sel LATENCY 0 OPTYPE select PRAGMA {} RTLNAME max_val_5_fu_506_p3 SOURCE Include/Pollings.c:30 VARIABLE max_val_5 LOOP VITIS_LOOP_20_1_VITIS_LOOP_21_2 BUNDLEDNAME {} DSP 0 BRAM 0 URAM 0 STORAGESUBTYPE {} DISPNAME {bind_op select} VISIBLE false} {BINDTYPE op ID {} IMPL auto LATENCY 0 OPTYPE setlt PRAGMA {} RTLNAME icmp_ln31_2_fu_552_p2 SOURCE Include/Pollings.c:31 VARIABLE icmp_ln31_2 LOOP VITIS_LOOP_20_1_VITIS_LOOP_21_2 BUNDLEDNAME {} DSP 0 BRAM 0 URAM 0 STORAGESUBTYPE {} DISPNAME {bind_op setlt} VISIBLE false} {BINDTYPE op ID {} IMPL auto_sel LATENCY 0 OPTYPE select PRAGMA {} RTLNAME min_val_3_fu_556_p3 SOURCE Include/Pollings.c:31 VARIABLE min_val_3 LOOP VITIS_LOOP_20_1_VITIS_LOOP_21_2 BUNDLEDNAME {} DSP 0 BRAM 0 URAM 0 STORAGESUBTYPE {} DISPNAME {bind_op select} VISIBLE false} {BINDTYPE op ID {} IMPL fabric LATENCY 0 OPTYPE add PRAGMA {} RTLNAME add_ln32_fu_516_p2 SOURCE Include/Pollings.c:32 VARIABLE add_ln32 LOOP VITIS_LOOP_20_1_VITIS_LOOP_21_2 BUNDLEDNAME {} DSP 0 BRAM 0 URAM 0 STORAGESUBTYPE {} DISPNAME {bind_op add} VISIBLE true} {BINDTYPE op ID {} IMPL fabric LATENCY 0 OPTYPE add PRAGMA {} RTLNAME add_ln32_1_fu_526_p2 SOURCE Include/Pollings.c:32 VARIABLE add_ln32_1 LOOP VITIS_LOOP_20_1_VITIS_LOOP_21_2 BUNDLEDNAME {} DSP 0 BRAM 0 URAM 0 STORAGESUBTYPE {} DISPNAME {bind_op add} VISIBLE true} {BINDTYPE op ID {} IMPL fabric LATENCY 0 OPTYPE add PRAGMA {} RTLNAME sum_fu_536_p2 SOURCE Include/Pollings.c:32 VARIABLE sum LOOP VITIS_LOOP_20_1_VITIS_LOOP_21_2 BUNDLEDNAME {} DSP 0 BRAM 0 URAM 0 STORAGESUBTYPE {} DISPNAME {bind_op add} VISIBLE true} {BINDTYPE op ID {} IMPL fabric LATENCY 0 OPTYPE add PRAGMA {} RTLNAME add_ln35_fu_365_p2 SOURCE Include/Pollings.c:35 VARIABLE add_ln35 LOOP VITIS_LOOP_20_1_VITIS_LOOP_21_2 BUNDLEDNAME {} DSP 0 BRAM 0 URAM 0 STORAGESUBTYPE {} DISPNAME {bind_op add} VISIBLE true} {BINDTYPE op ID {} IMPL fabric LATENCY 0 OPTYPE add PRAGMA {} RTLNAME add_ln36_fu_376_p2 SOURCE Include/Pollings.c:36 VARIABLE add_ln36 LOOP VITIS_LOOP_20_1_VITIS_LOOP_21_2 BUNDLEDNAME {} DSP 0 BRAM 0 URAM 0 STORAGESUBTYPE {} DISPNAME {bind_op add} VISIBLE true} {BINDTYPE op ID {} IMPL fabric LATENCY 0 OPTYPE add PRAGMA {} RTLNAME add_ln37_fu_387_p2 SOURCE Include/Pollings.c:37 VARIABLE add_ln37 LOOP VITIS_LOOP_20_1_VITIS_LOOP_21_2 BUNDLEDNAME {} DSP 0 BRAM 0 URAM 0 STORAGESUBTYPE {} DISPNAME {bind_op add} VISIBLE true} {BINDTYPE op ID {} IMPL fabric LATENCY 0 OPTYPE add PRAGMA {} RTLNAME j_fu_398_p2 SOURCE Include/Pollings.c:21 VARIABLE j LOOP VITIS_LOOP_20_1_VITIS_LOOP_21_2 BUNDLEDNAME {} DSP 0 BRAM 0 URAM 0 STORAGESUBTYPE {} DISPNAME {bind_op add} VISIBLE true} {BINDTYPE op ID {} IMPL fabric LATENCY 0 OPTYPE add PRAGMA {} RTLNAME add_ln20_1_fu_433_p2 SOURCE Include/Pollings.c:20 VARIABLE add_ln20_1 LOOP VITIS_LOOP_20_1_VITIS_LOOP_21_2 BUNDLEDNAME {} DSP 0 BRAM 0 URAM 0 STORAGESUBTYPE {} DISPNAME {bind_op add} VISIBLE true} {BINDTYPE op ID {} IMPL auto LATENCY 0 OPTYPE seteq PRAGMA {} RTLNAME icmp_ln21_fu_403_p2 SOURCE Include/Pollings.c:21 VARIABLE icmp_ln21 LOOP VITIS_LOOP_20_1_VITIS_LOOP_21_2 BUNDLEDNAME {} DSP 0 BRAM 0 URAM 0 STORAGESUBTYPE {} DISPNAME {bind_op seteq} VISIBLE false} {BINDTYPE op ID {} IMPL fabric LATENCY 0 OPTYPE add PRAGMA {} RTLNAME add_ln20_fu_409_p2 SOURCE Include/Pollings.c:20 VARIABLE add_ln20 LOOP VITIS_LOOP_20_1_VITIS_LOOP_21_2 BUNDLEDNAME {} DSP 0 BRAM 0 URAM 0 STORAGESUBTYPE {} DISPNAME {bind_op add} VISIBLE true} {BINDTYPE op ID {} IMPL auto LATENCY 0 OPTYPE seteq PRAGMA {} RTLNAME icmp_ln20_fu_439_p2 SOURCE Include/Pollings.c:20 VARIABLE icmp_ln20 LOOP VITIS_LOOP_20_1_VITIS_LOOP_21_2 BUNDLEDNAME {} DSP 0 BRAM 0 URAM 0 STORAGESUBTYPE {} DISPNAME {bind_op seteq} VISIBLE false}} AREA {DSP 0 BRAM 2 URAM 0}}}}'
INFO-FLOW: DBG:PUTS:      update_csynth_reports json2rpt_hw_sw_interfaces
Execute       send_msg_by_id INFO @200-1603@%s  and missed bursts 
INFO: [HLS 200-1603] Design has inferred MAXI bursts and missed bursts, see Vitis HLS GUI synthesis summary report for detailed information.
INFO-FLOW: Running: gen_csynth_sec_pragma
INFO-FLOW: Done: gen_csynth_sec_pragma time: 0 seconds per iteration
INFO-FLOW: DBG:PUTS:      update_csynth_reports wrote xml
INFO-FLOW: DBG:PUTS:      update_csynth_reports appended to csynth rpt file
INFO: [HLS 200-111] Finished Updating report files: CPU user time: 1 seconds. CPU system time: 1 seconds. Elapsed time: 1.947 seconds; current allocated memory: 224.625 MB.
INFO: [VHDL 208-304] Generating VHDL RTL for pollings.
INFO: [VLOG 209-307] Generating Verilog RTL for pollings.
Execute       syn_report -model pollings -printsummary 
INFO: [HLS 200-790] **** Loop Constraint Status: All loop constraints were NOT satisfied.
INFO: [HLS 200-789] **** Estimated Fmax: 136.99 MHz
Command     autosyn done; 4.209 sec.
Command   csynth_design done; 19.146 sec.
INFO: [HLS 200-2161] Finished Command csynth_design Elapsed time: 00:00:19; Allocated memory: 47.684 MB.
Command ap_source done; 21.174 sec.
Execute cleanup_all 
INFO-FLOW: Workspace C:/Github/HLS_Pollings/Pollings_HLS/solution1 opened at Sat May 17 18:31:43 +0200 2025
Execute     ap_set_clock -name default -period 10 -unit ns -default=false 
INFO: [SYN 201-201] Setting up clock 'default' with a period of 10ns.
Execute     set_part xc7z020clg400-1 
Execute       create_platform xc7z020clg400-1 -board  
DBG:HLSDevice: Trying to load device library: C:/Xilinx/Vitis_HLS/2024.1\lib\win64.o\xv_hlsvwrap.dll
DBG:HLSDevice: first parts/arch.xml in RDI_DATADIR: C:/Xilinx/Vivado/2024.1/data/parts/arch.xml
DBG:HLSDevice: init success
INFO: [HLS 200-1611] Setting target device to 'xc7z020-clg400-1'
Command       create_platform done; 1.148 sec.
Execute       source C:/Xilinx/Vitis_HLS/2024.1/common/technology/xilinx/common/xilinx.gen 
Execute         source C:/Xilinx/Vitis_HLS/2024.1/common/technology/xilinx/interface/plb46.gen 
Execute         source C:/Xilinx/Vitis_HLS/2024.1/common/technology/xilinx/interface/axi4.gen 
Execute         source C:/Xilinx/Vitis_HLS/2024.1/common/technology/xilinx/interface/nativeAXI4.gen 
Execute           source C:/Xilinx/Vitis_HLS/2024.1/common/technology/xilinx/interface/saxilite.gen 
Execute         source C:/Xilinx/Vitis_HLS/2024.1/common/technology/xilinx/scripts/xilinxcoregen.gen 
Execute         source C:/Xilinx/Vitis_HLS/2024.1/common/technology/xilinx/interface/XilEDKCoreGen.gen 
Execute         source C:/Xilinx/Vitis_HLS/2024.1/common/technology/xilinx/ip/dds_compiler.gen 
Execute         source C:/Xilinx/Vitis_HLS/2024.1/common/technology/xilinx/ip/util.gen 
Execute         source C:/Xilinx/Vitis_HLS/2024.1/common/technology/xilinx/ip/xfft.gen 
Command         ap_source done; 0.122 sec.
Execute         source C:/Xilinx/Vitis_HLS/2024.1/common/technology/xilinx/ip/xfir.gen 
Execute         source C:/Xilinx/Vitis_HLS/2024.1/common/technology/xilinx/DSP48/dsp48.gen 
Command       ap_source done; 0.168 sec.
Execute       ap_part_info -name xc7z020-clg400-1 -data info 
Execute       config_compile -quiet -complex-mul-dsp=0 
Command     set_part done; 1.346 sec.
Execute     send_msg_by_id INFO @200-1505@%s%s  vivado 
INFO: [HLS 200-1505] Using flow_target 'vivado'
Command   open_solution done; 1.424 sec.
Execute   set_part xc7z020clg400-1 
INFO: [HLS 200-1510] Running: set_part xc7z020clg400-1 
Execute     create_platform xc7z020clg400-1 -board  
Command     create_platform done; 0.289 sec.
Execute     source C:/Xilinx/Vitis_HLS/2024.1/common/technology/xilinx/common/xilinx.gen 
Execute       source C:/Xilinx/Vitis_HLS/2024.1/common/technology/xilinx/interface/plb46.gen 
Execute       source C:/Xilinx/Vitis_HLS/2024.1/common/technology/xilinx/interface/axi4.gen 
Execute       source C:/Xilinx/Vitis_HLS/2024.1/common/technology/xilinx/interface/nativeAXI4.gen 
Execute         source C:/Xilinx/Vitis_HLS/2024.1/common/technology/xilinx/interface/saxilite.gen 
Execute       source C:/Xilinx/Vitis_HLS/2024.1/common/technology/xilinx/scripts/xilinxcoregen.gen 
Execute       source C:/Xilinx/Vitis_HLS/2024.1/common/technology/xilinx/interface/XilEDKCoreGen.gen 
Execute       source C:/Xilinx/Vitis_HLS/2024.1/common/technology/xilinx/ip/dds_compiler.gen 
Execute       source C:/Xilinx/Vitis_HLS/2024.1/common/technology/xilinx/ip/util.gen 
Execute       source C:/Xilinx/Vitis_HLS/2024.1/common/technology/xilinx/ip/xfft.gen 
Command       ap_source done; 0.104 sec.
Execute       source C:/Xilinx/Vitis_HLS/2024.1/common/technology/xilinx/ip/xfir.gen 
Execute       source C:/Xilinx/Vitis_HLS/2024.1/common/technology/xilinx/DSP48/dsp48.gen 
Command     ap_source done; 0.151 sec.
Execute     ap_part_info -name xc7z020-clg400-1 -data info 
Execute     config_compile -quiet -complex-mul-dsp=0 
Command   set_part done; 0.468 sec.
Execute   create_clock -period 10 -name default 
INFO: [HLS 200-1510] Running: create_clock -period 10 -name default 
Execute     ap_set_clock -name default -period 10 -unit ns -default=false 
INFO: [SYN 201-201] Setting up clock 'default' with a period of 10ns.
Execute   export_design -rtl verilog -format ip_catalog 
INFO: [HLS 200-1510] Running: export_design -rtl verilog -format ip_catalog 
Execute     config_export -format=ip_catalog -rtl=verilog 
INFO-FLOW: DBG:PUTS: export_design_wrap: -format ip_catalog -rtl verilog
Execute     source C:/Github/HLS_Pollings/Pollings_HLS/solution1/.autopilot/db/global.setting.tcl 
INFO-FLOW: DBG:PUTS:   auto_impl: pack: -export -rtl verilog
INFO-FLOW: DBG:PROC: ::AESL_AUTOIMPL::auto_impl args='-export -rtl verilog'
Execute     source C:/Github/HLS_Pollings/Pollings_HLS/solution1/.autopilot/db/global.setting.tcl 
INFO: [IMPL 213-8] Exporting RTL as a Vivado IP.
INFO-FLOW: DBG:PUTS: automg_wrap -export -pcore_version 1.00.a -rtl vlog -tool Vivado -impltomg_flag
INFO-FLOW: DBG:PROC: ::AESL_AUTOMG::auto_generate args='-export -pcore_version 1.00.a -rtl vlog -tool Vivado -impltomg_flag'
INFO-FLOW: DBG:PUTS:     auto_generate -export -pcore_version 1.00.a -rtl vlog -tool Vivado -impltomg_flag
Execute     source C:/Github/HLS_Pollings/Pollings_HLS/solution1/.autopilot/db/global.setting.tcl 
INFO-FLOW: DBG:PUTS: read_platform_lib C:/Github/HLS_Pollings/Pollings_HLS/solution1/.autopilot/db/global.setting.tcl
Execute     source C:/Xilinx/Vitis_HLS/2024.1/common/technology/generic/autopilot/common.gen 
Execute       source C:/Xilinx/Vitis_HLS/2024.1/common/technology/generic/autopilot/APCoreGen.gen 
Execute     source C:/Xilinx/Vitis_HLS/2024.1/common/technology/generic/autopilot/op.gen 
Execute     source C:/Xilinx/Vitis_HLS/2024.1/common/technology/generic/autopilot/op_simcore.gen 
Execute     source C:/Xilinx/Vitis_HLS/2024.1/common/technology/generic/autopilot/interface.gen 
Execute     source C:/Github/HLS_Pollings/Pollings_HLS/solution1/.autopilot/db/global.setting.tcl 
Execute     source C:/Xilinx/Vitis_HLS/2024.1/common/technology/xilinx/common/xilinx.gen 
Execute       source C:/Xilinx/Vitis_HLS/2024.1/common/technology/xilinx/interface/plb46.gen 
Execute       source C:/Xilinx/Vitis_HLS/2024.1/common/technology/xilinx/interface/axi4.gen 
Execute       source C:/Xilinx/Vitis_HLS/2024.1/common/technology/xilinx/interface/nativeAXI4.gen 
Execute         source C:/Xilinx/Vitis_HLS/2024.1/common/technology/xilinx/interface/saxilite.gen 
Execute       source C:/Xilinx/Vitis_HLS/2024.1/common/technology/xilinx/scripts/xilinxcoregen.gen 
Execute       source C:/Xilinx/Vitis_HLS/2024.1/common/technology/xilinx/interface/XilEDKCoreGen.gen 
Execute       source C:/Xilinx/Vitis_HLS/2024.1/common/technology/xilinx/ip/dds_compiler.gen 
Execute       source C:/Xilinx/Vitis_HLS/2024.1/common/technology/xilinx/ip/util.gen 
Execute       source C:/Xilinx/Vitis_HLS/2024.1/common/technology/xilinx/ip/xfft.gen 
Command       ap_source done; 0.122 sec.
Execute       source C:/Xilinx/Vitis_HLS/2024.1/common/technology/xilinx/ip/xfir.gen 
Execute       source C:/Xilinx/Vitis_HLS/2024.1/common/technology/xilinx/DSP48/dsp48.gen 
Command     ap_source done; 0.171 sec.
INFO-FLOW: DBG:PUTS:   using AESL_AUTOCG::g_clock_period=10.000 (was NA)
INFO-FLOW: DBG:PUTS:       initCTypeInfo top_module=pollings xml_exists=0
Execute     source C:/Github/HLS_Pollings/Pollings_HLS/solution1/.autopilot/db/pollings.rtl_wrap.cfg.tcl 
Execute     source C:/Github/HLS_Pollings/Pollings_HLS/solution1/.autopilot/db/pollings.rtl_wrap.cfg.tcl 
Execute     source C:/Github/HLS_Pollings/Pollings_HLS/solution1/.autopilot/db/pollings.rtl_wrap.cfg.tcl 
Execute     source C:/Github/HLS_Pollings/Pollings_HLS/solution1/.autopilot/db/pollings.tbgen.tcl 
Execute     source C:/Github/HLS_Pollings/Pollings_HLS/solution1/.autopilot/db/pollings.tbgen.tcl 
Execute     source C:/Github/HLS_Pollings/Pollings_HLS/solution1/.autopilot/db/pollings.tbgen.tcl 
Execute     source C:/Github/HLS_Pollings/Pollings_HLS/solution1/.autopilot/db/global.setting.tcl 
Execute     source C:/Github/HLS_Pollings/Pollings_HLS/solution1/.autopilot/db/pollings.tbgen.tcl 
INFO-FLOW: DBG:PUTS:       cosim_export_main adding deadlock detection to pollings
INFO-FLOW: DBG:PUTS:       generate_datafile_ip_script ip_types={vitis sysgen} #gSsdmPorts=0
INFO-FLOW: DBG:PUTS: Skipping loadAnalyze_DB, #g_database=5
INFO-FLOW: DBG:PUTS:       generate_json generate_bd_files=0 generate_xo_files=false #modelList=5 #gSsdmPorts=0
INFO-FLOW: DBG:PROC: ::AP::DESIGN_DATA::generate_json generate_bd_files='0' generate_xo_files='false' modelList='pollings_gmem_m_axi
pollings_control_s_axi
pollings_control_r_s_axi
pollings_flow_control_loop_pipe
pollings
' rtl_lang='vlog' bootstrap_tcl='false' outdir='' outfilename=''
Execute     source C:/Xilinx/Vitis_HLS/2024.1/tps/tcl/tcllib1.11.1/yaml/huddle.tcl 
Execute     source C:/Xilinx/Vitis_HLS/2024.1/tps/tcl/tcllib1.11.1/yaml/json2huddle.tcl 
Execute       source C:/Xilinx/Vitis_HLS/2024.1/tps/tcl/tcllib1.11.1/try/try.tcl 
Execute     source C:/Github/HLS_Pollings/Pollings_HLS/solution1/.autopilot/db/global.setting.tcl 
Execute     source C:/Github/HLS_Pollings/Pollings_HLS/solution1/.autopilot/db/global.setting.tcl 
Execute     source C:/Github/HLS_Pollings/Pollings_HLS/solution1/.autopilot/db/top-io-be.tcl 
Execute     source C:/Github/HLS_Pollings/Pollings_HLS/solution1/.autopilot/db/pollings.tbgen.tcl 
Execute     source C:/Github/HLS_Pollings/Pollings_HLS/solution1/.autopilot/db/pollings.compgen.dataonly.tcl 
Execute     source C:/Github/HLS_Pollings/Pollings_HLS/solution1/.autopilot/db/pollings.compgen.dataonly.tcl 
Execute     source C:/Github/HLS_Pollings/Pollings_HLS/solution1/.autopilot/db/pollings.compgen.dataonly.tcl 
Execute     source C:/Github/HLS_Pollings/Pollings_HLS/solution1/.autopilot/db/pollings.compgen.dataonly.tcl 
Execute     source C:/Github/HLS_Pollings/Pollings_HLS/solution1/.autopilot/db/pollings.rtl_wrap.cfg.tcl 
Execute     source C:/Github/HLS_Pollings/Pollings_HLS/solution1/.autopilot/db/pollings.compgen.dataonly.tcl 
Execute     source C:/Github/HLS_Pollings/Pollings_HLS/solution1/.autopilot/db/pollings.tbgen.tcl 
Execute     source C:/Github/HLS_Pollings/Pollings_HLS/solution1/.autopilot/db/global.setting.tcl 
Execute     ap_part_info -name xc7z020-clg400-1 -data names -quiet 
Execute     ap_part_info -name xc7z020-clg400-1 -data info -quiet 
Execute     source C:/Github/HLS_Pollings/Pollings_HLS/solution1/.autopilot/db/pollings.constraint.tcl 
Execute     sc_get_clocks pollings 
Execute     source C:/Github/HLS_Pollings/Pollings_HLS/solution1/.autopilot/db/global.setting.tcl 
INFO-FLOW: DBG:PUTS:       generate_syn_sh
Execute     ap_part_info -name xc7z020-clg400-1 -data names -quiet 
Execute     ap_part_info -name xc7z020-clg400-1 -data info -quiet 
Execute     source C:/Github/HLS_Pollings/Pollings_HLS/solution1/.autopilot/db/global.setting.tcl 
INFO-FLOW: DBG:PUTS:       generate_imp_constraints
Execute     ap_part_info -name xc7z020-clg400-1 -data names -quiet 
Execute     ap_part_info -name xc7z020-clg400-1 -data info -quiet 
Execute     source C:/Github/HLS_Pollings/Pollings_HLS/solution1/.autopilot/db/pollings.constraint.tcl 
Execute     source C:/Github/HLS_Pollings/Pollings_HLS/solution1/.autopilot/db/pollings.tbgen.tcl 
INFO-FLOW: DBG:PUTS:       delete-temp-dirs (skipped for debug)
Execute     ap_part_info -name xc7z020-clg400-1 -data names -quiet 
Execute     ap_part_info -name xc7z020-clg400-1 -data info -quiet 
INFO-FLOW: DBG:PUTS: read_platform_lib C:/Github/HLS_Pollings/Pollings_HLS/solution1/.autopilot/db/global.setting.tcl
Execute     source C:/Xilinx/Vitis_HLS/2024.1/common/technology/generic/autopilot/common.gen 
Execute       source C:/Xilinx/Vitis_HLS/2024.1/common/technology/generic/autopilot/APCoreGen.gen 
Execute     source C:/Xilinx/Vitis_HLS/2024.1/common/technology/generic/autopilot/op.gen 
Execute     source C:/Xilinx/Vitis_HLS/2024.1/common/technology/generic/autopilot/op_simcore.gen 
Execute     source C:/Xilinx/Vitis_HLS/2024.1/common/technology/generic/autopilot/interface.gen 
Execute     source C:/Github/HLS_Pollings/Pollings_HLS/solution1/.autopilot/db/global.setting.tcl 
Execute     source C:/Xilinx/Vitis_HLS/2024.1/common/technology/xilinx/common/xilinx.gen 
Execute       source C:/Xilinx/Vitis_HLS/2024.1/common/technology/xilinx/interface/plb46.gen 
Execute       source C:/Xilinx/Vitis_HLS/2024.1/common/technology/xilinx/interface/axi4.gen 
Execute       source C:/Xilinx/Vitis_HLS/2024.1/common/technology/xilinx/interface/nativeAXI4.gen 
Execute         source C:/Xilinx/Vitis_HLS/2024.1/common/technology/xilinx/interface/saxilite.gen 
Execute       source C:/Xilinx/Vitis_HLS/2024.1/common/technology/xilinx/scripts/xilinxcoregen.gen 
Execute       source C:/Xilinx/Vitis_HLS/2024.1/common/technology/xilinx/interface/XilEDKCoreGen.gen 
Execute       source C:/Xilinx/Vitis_HLS/2024.1/common/technology/xilinx/ip/dds_compiler.gen 
Execute       source C:/Xilinx/Vitis_HLS/2024.1/common/technology/xilinx/ip/util.gen 
Execute       source C:/Xilinx/Vitis_HLS/2024.1/common/technology/xilinx/ip/xfft.gen 
Command       ap_source done; 0.12 sec.
Execute       source C:/Xilinx/Vitis_HLS/2024.1/common/technology/xilinx/ip/xfir.gen 
Execute       source C:/Xilinx/Vitis_HLS/2024.1/common/technology/xilinx/DSP48/dsp48.gen 
Command     ap_source done; 0.162 sec.
INFO-FLOW: DBG:PUTS:     IP package: exec C:/Github/HLS_Pollings/Pollings_HLS/solution1/impl/ip/pack.bat
INFO-FLOW: DBG:PUTS:     IP package: success C:/Github/HLS_Pollings/Pollings_HLS/solution1/impl/ip/pack.bat
Execute     send_msg_by_id INFO @200-802@%s Pollings_HLS/solution1/impl/export.zip 
INFO: [HLS 200-802] Generated output file Pollings_HLS/solution1/impl/export.zip
Command   export_design done; 48.324 sec.
INFO: [HLS 200-2161] Finished Command export_design Elapsed time: 00:00:48; Allocated memory: 6.703 MB.
Command ap_source done; 50.593 sec.
Execute cleanup_all 
