================================================================
== Design Size Report
================================================================

* Total Instructions per Compilation Phase
+---------------+-----------------------------+--------------+----------------------------------------------------------------------------------------+
| Phase         | Step                        | Instructions | Description                                                                            |
+---------------+-----------------------------+--------------+----------------------------------------------------------------------------------------+
| Compile/Link  |                             | 255          | After all functions are compiled and linked into a single design                       |
|               |                             |              |                                                                                        |
| Unroll/Inline |                             |              | After user unroll and inline pragmas are applied                                       |
|               | (1) unroll                  | 315          | user unroll pragmas are applied                                                        |
|               | (2) simplification          | 232          | simplification of applied user unroll pragmas                                          |
|               | (3) inline                  | 216          | user inline pragmas are applied                                                        |
|               | (4) simplification          | 203          | simplification of applied user inline pragmas                                          |
|               |                             |              |                                                                                        |
| Array/Struct  |                             |              | After user array partition and struct aggregate/disaggregate pragmas are applied       |
|               | (1) array partition         | 199          | user array partition pragmas are applied                                               |
|               | (2) simplification          | 199          | simplification of applied user array partition & struct aggregate/disaggregate pragmas |
|               | (3) aggregate/disaggregate  | 199          | user struct aggregate/disaggregate pragmas are applied                                 |
|               | (4) array reshape           | 199          | apply array reshape pragmas                                                            |
|               | (5) access patterns         | 209          | array access pattern optmizations                                                      |
|               |                             |              |                                                                                        |
| Performance   |                             |              | After transformations are applied to meet performance pragma targets                   |
|               | (1) loop simplification     | 209          | loop and instruction simplification                                                    |
|               | (2) parallelization         | 209          | loops are unrolled or pipelined to meet performance targets                            |
|               | (3) array partition         | 207          | arrays are partitioned to meet performance targets                                     |
|               | (4) simplification          | 207          | simplification of design after performance transformations                             |
|               |                             |              |                                                                                        |
| HW Transforms |                             |              | After hardware transfomations                                                          |
|               | (1) lowering                | 259          | initial conversion to HW specific instructions                                         |
|               | (2) optimizations           | 273          | high level synthesis optimizations                                                     |
+---------------+-----------------------------+--------------+----------------------------------------------------------------------------------------+

* Instructions per Function for each Compilation Phase
+------------------+----------+--------------+---------------+--------------+-------------+---------------+
| Function         | Location | Compile/Link | Unroll/Inline | Array/Struct | Performance | HW Transforms |
+------------------+----------+--------------+---------------+--------------+-------------+---------------+
| + full_pipeline  | HLS.c:66 | 255          | 203           | 209          | 207         | 273           |
|    convolution2D | HLS.c:4  |  60          |               |              |             |               |
|    max_pooling   | HLS.c:19 |  59          |               |              |             |               |
|    min_pooling   | HLS.c:35 |  59          |               |              |             |               |
|    avg_pooling   | HLS.c:51 |  57          |               |              |             |               |
+------------------+----------+--------------+---------------+--------------+-------------+---------------+

* Design Size Message Settings
+---------------------------------------------+--------+------------------------------------------------------------------+
| Message Setting                             | Value  | Description                                                      |
+---------------------------------------------+--------+------------------------------------------------------------------+
| config_compile -design_size_maximum_warning | 100000 | Show a warning when total design instructions exceeds this value |
+---------------------------------------------+--------+------------------------------------------------------------------+


