

================================================================
== Vitis HLS Report for 'full_pipeline_Pipeline_VITIS_LOOP_36_1_VITIS_LOOP_37_2'
================================================================
* Date:           Thu May 15 15:32:07 2025

* Version:        2024.1 (Build 5069499 on May 21 2024)
* Project:        HLS_Eindoefening
* Solution:       solution1 (Vivado IP Flow Target)
* Product family: zynq
* Target device:  xc7z020-clg400-1


================================================================
== Performance Estimates
================================================================
+ Timing: 
    * Summary: 
    +--------+----------+----------+------------+
    |  Clock |  Target  | Estimated| Uncertainty|
    +--------+----------+----------+------------+
    |ap_clk  |  10.00 ns|  7.300 ns|     2.70 ns|
    +--------+----------+----------+------------+

+ Latency: 
    * Summary: 
    +---------+---------------------+-----------+-------------+-----+---------------------+-----------------------------------------------+
    |        Latency (cycles)       |    Latency (absolute)   |          Interval         |                    Pipeline                   |
    |   min   |         max         |    min    |     max     | min |         max         |                      Type                     |
    +---------+---------------------+-----------+-------------+-----+---------------------+-----------------------------------------------+
    |        3|  4611686009837453312|  30.000 ns|  4.6e+10 sec|    2|  4611686009837453312|  loop auto-rewind stp(delay=0 clock cycles(s))|
    +---------+---------------------+-----------+-------------+-----+---------------------+-----------------------------------------------+

    + Detail: 
        * Instance: 
        N/A

        * Loop: 
        +-----------------------------------+---------+---------------------+----------+-----------+-----------+-------------------------+----------+
        |                                   |        Latency (cycles)       | Iteration|  Initiation Interval  |           Trip          |          |
        |             Loop Name             |   min   |         max         |  Latency |  achieved |   target  |          Count          | Pipelined|
        +-----------------------------------+---------+---------------------+----------+-----------+-----------+-------------------------+----------+
        |- VITIS_LOOP_36_1_VITIS_LOOP_37_2  |        1|  4611686009837453312|        23|          4|          1|  0 ~ 1152921502459363329|       yes|
        +-----------------------------------+---------+---------------------+----------+-----------+-----------+-------------------------+----------+



================================================================
== Utilization Estimates
================================================================
* Summary: 
+-----------------+---------+-----+--------+-------+-----+
|       Name      | BRAM_18K| DSP |   FF   |  LUT  | URAM|
+-----------------+---------+-----+--------+-------+-----+
|DSP              |        -|    -|       -|      -|    -|
|Expression       |        -|    -|       0|   1352|    -|
|FIFO             |        -|    -|       -|      -|    -|
|Instance         |        -|    -|       -|      -|    -|
|Memory           |        -|    -|       -|      -|    -|
|Multiplexer      |        -|    -|       0|    138|    -|
|Register         |        -|    -|     894|     32|    -|
+-----------------+---------+-----+--------+-------+-----+
|Total            |        0|    0|     894|   1522|    0|
+-----------------+---------+-----+--------+-------+-----+
|Available        |      280|  220|  106400|  53200|    0|
+-----------------+---------+-----+--------+-------+-----+
|Utilization (%)  |        0|    0|      ~0|      2|    0|
+-----------------+---------+-----+--------+-------+-----+

+ Detail: 
    * Instance: 
    N/A

    * DSP: 
    N/A

    * Memory: 
    N/A

    * FIFO: 
    N/A

    * Expression: 
    +-----------------------------------+----------+----+---+----+------------+------------+
    |           Variable Name           | Operation| DSP| FF| LUT| Bitwidth P0| Bitwidth P1|
    +-----------------------------------+----------+----+---+----+------------+------------+
    |add_ln36_1_fu_508_p2               |         +|   0|  0|  71|          64|          64|
    |add_ln36_2_fu_272_p2               |         +|   0|  0|  39|          32|           1|
    |add_ln36_3_fu_310_p2               |         +|   0|  0|  53|          46|          46|
    |add_ln36_4_fu_398_p2               |         +|   0|  0|  46|          46|          46|
    |add_ln36_5_fu_414_p2               |         +|   0|  0|  46|          46|          46|
    |add_ln36_fu_238_p2                 |         +|   0|  0|  71|          64|           1|
    |add_ln37_fu_486_p2                 |         +|   0|  0|  38|          31|           1|
    |empty_35_fu_447_p2                 |         +|   0|  0|  47|          47|          47|
    |empty_36_fu_480_p2                 |         +|   0|  0|  47|          47|          47|
    |empty_37_fu_545_p2                 |         +|   0|  0|  71|          64|          64|
    |empty_38_fu_551_p2                 |         +|   0|  0|  71|          64|          64|
    |p_add14_fu_376_p2                  |         +|   0|  0|  54|          47|          47|
    |p_add16_fu_464_p2                  |         +|   0|  0|  47|          47|          47|
    |p_add21_fu_346_p2                  |         +|   0|  0|  54|          47|          47|
    |p_add23_fu_431_p2                  |         +|   0|  0|  47|          47|          47|
    |tmp14_fu_540_p2                    |         +|   0|  0|  71|          64|          64|
    |ap_block_pp0_stage0_11001          |       and|   0|  0|   2|           1|           1|
    |ap_block_pp0_stage2_01001          |       and|   0|  0|   2|           1|           1|
    |ap_block_state24_pp0_stage3_iter5  |       and|   0|  0|   2|           1|           1|
    |first_iter_1_fu_316_p2             |      icmp|   0|  0|  38|          31|           1|
    |icmp_ln36_fu_233_p2                |      icmp|   0|  0|  71|          64|          64|
    |icmp_ln37_1_fu_495_p2              |      icmp|   0|  0|  39|          32|          32|
    |icmp_ln37_fu_256_p2                |      icmp|   0|  0|  39|          32|          32|
    |icmp_ln43_1_fu_623_p2              |      icmp|   0|  0|  39|          32|          32|
    |icmp_ln43_2_fu_637_p2              |      icmp|   0|  0|  39|          32|          32|
    |icmp_ln43_fu_613_p2                |      icmp|   0|  0|  39|          32|          32|
    |ap_block_pp0_stage1_11001          |        or|   0|  0|   2|           1|           1|
    |ap_block_pp0_stage2_11001          |        or|   0|  0|   2|           1|           1|
    |ap_block_pp0_stage3_11001          |        or|   0|  0|   2|           1|           1|
    |ap_block_state6_io                 |        or|   0|  0|   2|           1|           1|
    |min_1_fu_617_p3                    |    select|   0|  0|  32|           1|          32|
    |min_3_fu_629_p3                    |    select|   0|  0|  32|           1|          32|
    |min_4_fu_642_p3                    |    select|   0|  0|  32|           1|          32|
    |select_ln36_1_fu_278_p3            |    select|   0|  0|  32|           1|          32|
    |select_ln36_fu_264_p3              |    select|   0|  0|  31|           1|          31|
    |ap_enable_pp0                      |       xor|   0|  0|   2|           1|           2|
    +-----------------------------------+----------+----+---+----+------------+------------+
    |Total                              |          |   0|  0|1352|        1071|        1072|
    +-----------------------------------+----------+----+---+----+------------+------------+

    * Multiplexer: 
    +-------------------------+----+-----------+-----+-----------+
    |           Name          | LUT| Input Size| Bits| Total Bits|
    +-------------------------+----+-----------+-----+-----------+
    |ap_NS_fsm                |  25|          5|    1|          5|
    |ap_done_int              |   9|          2|    1|          2|
    |ap_enable_reg_pp0_iter0  |   9|          2|    1|          2|
    |ap_enable_reg_pp0_iter1  |   9|          2|    1|          2|
    |gmem_blk_n_AR            |   9|          2|    1|          2|
    |gmem_blk_n_AW            |   9|          2|    1|          2|
    |gmem_blk_n_B             |   9|          2|    1|          2|
    |gmem_blk_n_R             |   9|          2|    1|          2|
    |gmem_blk_n_W             |   9|          2|    1|          2|
    |i_fu_126                 |   9|          2|   32|         64|
    |indvar_flatten21_fu_130  |   9|          2|   64|        128|
    |j_2_fu_122               |   9|          2|   31|         62|
    |m_axi_gmem_ARADDR        |  14|          3|   64|        192|
    +-------------------------+----+-----------+-----+-----------+
    |Total                    | 138|         30|  200|        467|
    +-------------------------+----+-----------+-----+-----------+

    * Register: 
    +----------------------------------+----+----+-----+-----------+
    |               Name               | FF | LUT| Bits| Const Bits|
    +----------------------------------+----+----+-----+-----------+
    |add_ln36_3_reg_716                |  38|   0|   46|          8|
    |add_ln36_5_reg_735                |  42|   0|   46|          4|
    |ap_CS_fsm                         |   4|   0|    4|          0|
    |ap_done_reg                       |   1|   0|    1|          0|
    |ap_enable_reg_pp0_iter0_reg       |   1|   0|    1|          0|
    |ap_enable_reg_pp0_iter1           |   1|   0|    1|          0|
    |ap_enable_reg_pp0_iter2           |   1|   0|    1|          0|
    |ap_enable_reg_pp0_iter3           |   1|   0|    1|          0|
    |ap_enable_reg_pp0_iter4           |   1|   0|    1|          0|
    |ap_enable_reg_pp0_iter5           |   1|   0|    1|          0|
    |ap_loop_exit_ready_pp0_iter1_reg  |   1|   0|    1|          0|
    |ap_loop_exit_ready_pp0_iter2_reg  |   1|   0|    1|          0|
    |ap_loop_exit_ready_pp0_iter3_reg  |   1|   0|    1|          0|
    |ap_loop_exit_ready_pp0_iter4_reg  |   1|   0|    1|          0|
    |empty_35_reg_740                  |  42|   0|   47|          5|
    |empty_36_reg_745                  |  42|   0|   47|          5|
    |first_iter_1_reg_721              |   1|   0|    1|          0|
    |gmem_addr_7_reg_759               |  64|   0|   64|          0|
    |gmem_addr_8_reg_765               |  64|   0|   64|          0|
    |i_fu_126                          |  32|   0|   32|          0|
    |icmp_ln36_reg_696                 |   1|   0|    1|          0|
    |icmp_ln37_1_reg_750               |   1|   0|    1|          0|
    |indvar_flatten21_fu_130           |  64|   0|   64|          0|
    |j_2_fu_122                        |  31|   0|   31|          0|
    |min_3_reg_789                     |  32|   0|   32|          0|
    |min_4_reg_795                     |  32|   0|   32|          0|
    |p_add14_reg_730                   |  38|   0|   47|          9|
    |p_add21_reg_725                   |  38|   0|   47|          9|
    |reg_207                           |  32|   0|   32|          0|
    |select_ln36_1_reg_706             |  32|   0|   32|          0|
    |select_ln36_reg_700               |  31|   0|   31|          0|
    |sext_ln37_mid2_v_reg_754          |  62|   0|   62|          0|
    |val_3_reg_777                     |  32|   0|   32|          0|
    |val_reg_783                       |  32|   0|   32|          0|
    |zext_ln20_cast_reg_691            |  32|   0|   64|         32|
    |icmp_ln37_1_reg_750               |  64|  32|    1|          0|
    +----------------------------------+----+----+-----+-----------+
    |Total                             | 894|  32|  903|         72|
    +----------------------------------+----+----+-----+-----------+



================================================================
== Interface
================================================================
* Summary: 
+---------------------+-----+-----+------------+--------------------------------------------------------+--------------+
|      RTL Ports      | Dir | Bits|  Protocol  |                      Source Object                     |    C Type    |
+---------------------+-----+-----+------------+--------------------------------------------------------+--------------+
|ap_clk               |   in|    1|  ap_ctrl_hs|  full_pipeline_Pipeline_VITIS_LOOP_36_1_VITIS_LOOP_37_2|  return value|
|ap_rst               |   in|    1|  ap_ctrl_hs|  full_pipeline_Pipeline_VITIS_LOOP_36_1_VITIS_LOOP_37_2|  return value|
|ap_start             |   in|    1|  ap_ctrl_hs|  full_pipeline_Pipeline_VITIS_LOOP_36_1_VITIS_LOOP_37_2|  return value|
|ap_done              |  out|    1|  ap_ctrl_hs|  full_pipeline_Pipeline_VITIS_LOOP_36_1_VITIS_LOOP_37_2|  return value|
|ap_idle              |  out|    1|  ap_ctrl_hs|  full_pipeline_Pipeline_VITIS_LOOP_36_1_VITIS_LOOP_37_2|  return value|
|ap_ready             |  out|    1|  ap_ctrl_hs|  full_pipeline_Pipeline_VITIS_LOOP_36_1_VITIS_LOOP_37_2|  return value|
|m_axi_gmem_AWVALID   |  out|    1|       m_axi|                                                    gmem|       pointer|
|m_axi_gmem_AWREADY   |   in|    1|       m_axi|                                                    gmem|       pointer|
|m_axi_gmem_AWADDR    |  out|   64|       m_axi|                                                    gmem|       pointer|
|m_axi_gmem_AWID      |  out|    1|       m_axi|                                                    gmem|       pointer|
|m_axi_gmem_AWLEN     |  out|   32|       m_axi|                                                    gmem|       pointer|
|m_axi_gmem_AWSIZE    |  out|    3|       m_axi|                                                    gmem|       pointer|
|m_axi_gmem_AWBURST   |  out|    2|       m_axi|                                                    gmem|       pointer|
|m_axi_gmem_AWLOCK    |  out|    2|       m_axi|                                                    gmem|       pointer|
|m_axi_gmem_AWCACHE   |  out|    4|       m_axi|                                                    gmem|       pointer|
|m_axi_gmem_AWPROT    |  out|    3|       m_axi|                                                    gmem|       pointer|
|m_axi_gmem_AWQOS     |  out|    4|       m_axi|                                                    gmem|       pointer|
|m_axi_gmem_AWREGION  |  out|    4|       m_axi|                                                    gmem|       pointer|
|m_axi_gmem_AWUSER    |  out|    1|       m_axi|                                                    gmem|       pointer|
|m_axi_gmem_WVALID    |  out|    1|       m_axi|                                                    gmem|       pointer|
|m_axi_gmem_WREADY    |   in|    1|       m_axi|                                                    gmem|       pointer|
|m_axi_gmem_WDATA     |  out|   32|       m_axi|                                                    gmem|       pointer|
|m_axi_gmem_WSTRB     |  out|    4|       m_axi|                                                    gmem|       pointer|
|m_axi_gmem_WLAST     |  out|    1|       m_axi|                                                    gmem|       pointer|
|m_axi_gmem_WID       |  out|    1|       m_axi|                                                    gmem|       pointer|
|m_axi_gmem_WUSER     |  out|    1|       m_axi|                                                    gmem|       pointer|
|m_axi_gmem_ARVALID   |  out|    1|       m_axi|                                                    gmem|       pointer|
|m_axi_gmem_ARREADY   |   in|    1|       m_axi|                                                    gmem|       pointer|
|m_axi_gmem_ARADDR    |  out|   64|       m_axi|                                                    gmem|       pointer|
|m_axi_gmem_ARID      |  out|    1|       m_axi|                                                    gmem|       pointer|
|m_axi_gmem_ARLEN     |  out|   32|       m_axi|                                                    gmem|       pointer|
|m_axi_gmem_ARSIZE    |  out|    3|       m_axi|                                                    gmem|       pointer|
|m_axi_gmem_ARBURST   |  out|    2|       m_axi|                                                    gmem|       pointer|
|m_axi_gmem_ARLOCK    |  out|    2|       m_axi|                                                    gmem|       pointer|
|m_axi_gmem_ARCACHE   |  out|    4|       m_axi|                                                    gmem|       pointer|
|m_axi_gmem_ARPROT    |  out|    3|       m_axi|                                                    gmem|       pointer|
|m_axi_gmem_ARQOS     |  out|    4|       m_axi|                                                    gmem|       pointer|
|m_axi_gmem_ARREGION  |  out|    4|       m_axi|                                                    gmem|       pointer|
|m_axi_gmem_ARUSER    |  out|    1|       m_axi|                                                    gmem|       pointer|
|m_axi_gmem_RVALID    |   in|    1|       m_axi|                                                    gmem|       pointer|
|m_axi_gmem_RREADY    |  out|    1|       m_axi|                                                    gmem|       pointer|
|m_axi_gmem_RDATA     |   in|   32|       m_axi|                                                    gmem|       pointer|
|m_axi_gmem_RLAST     |   in|    1|       m_axi|                                                    gmem|       pointer|
|m_axi_gmem_RID       |   in|    1|       m_axi|                                                    gmem|       pointer|
|m_axi_gmem_RFIFONUM  |   in|    9|       m_axi|                                                    gmem|       pointer|
|m_axi_gmem_RUSER     |   in|    1|       m_axi|                                                    gmem|       pointer|
|m_axi_gmem_RRESP     |   in|    2|       m_axi|                                                    gmem|       pointer|
|m_axi_gmem_BVALID    |   in|    1|       m_axi|                                                    gmem|       pointer|
|m_axi_gmem_BREADY    |  out|    1|       m_axi|                                                    gmem|       pointer|
|m_axi_gmem_BRESP     |   in|    2|       m_axi|                                                    gmem|       pointer|
|m_axi_gmem_BID       |   in|    1|       m_axi|                                                    gmem|       pointer|
|m_axi_gmem_BUSER     |   in|    1|       m_axi|                                                    gmem|       pointer|
|div2_i               |   in|   32|     ap_none|                                                  div2_i|        scalar|
|bound                |   in|   64|     ap_none|                                                   bound|        scalar|
|input_r              |   in|   64|     ap_none|                                                 input_r|        scalar|
|zext_ln20            |   in|   32|     ap_none|                                               zext_ln20|        scalar|
|min_out              |   in|   64|     ap_none|                                                 min_out|        scalar|
+---------------------+-----+-----+------------+--------------------------------------------------------+--------------+

