

================================================================
== Vitis HLS Report for 'pollings'
================================================================
* Date:           Sat May 17 19:12:36 2025

* Version:        2024.1 (Build 5069499 on May 21 2024)
* Project:        Pollings_HLS
* Solution:       solution1 (Vivado IP Flow Target)
* Product family: zynq
* Target device:  xc7z020-clg400-1


================================================================
== Performance Estimates
================================================================
+ Timing: 
    * Summary: 
    +--------+----------+----------+------------+
    |  Clock |  Target  | Estimated| Uncertainty|
    +--------+----------+----------+------------+
    |ap_clk  |  10.00 ns|  7.300 ns|     2.70 ns|
    +--------+----------+----------+------------+

+ Latency: 
    * Summary: 
    +---------+---------+-----------+-----------+------+------+-----------------------------------------------+
    |  Latency (cycles) |   Latency (absolute)  |   Interval  |                    Pipeline                   |
    |   min   |   max   |    min    |    max    |  min |  max |                      Type                     |
    +---------+---------+-----------+-----------+------+------+-----------------------------------------------+
    |     4116|     4116|  41.160 us|  41.160 us|  4096|  4096|  loop auto-rewind stp(delay=0 clock cycles(s))|
    +---------+---------+-----------+-----------+------+------+-----------------------------------------------+

    + Detail: 
        * Instance: 
        N/A

        * Loop: 
        +-----------------------------------+---------+---------+----------+-----------+-----------+------+----------+
        |                                   |  Latency (cycles) | Iteration|  Initiation Interval  | Trip |          |
        |             Loop Name             |   min   |   max   |  Latency |  achieved |   target  | Count| Pipelined|
        +-----------------------------------+---------+---------+----------+-----------+-----------+------+----------+
        |- VITIS_LOOP_24_1_VITIS_LOOP_25_2  |     4114|     4114|        23|          4|          1|  1024|       yes|
        +-----------------------------------+---------+---------+----------+-----------+-----------+------+----------+



================================================================
== Utilization Estimates
================================================================
* Summary: 
+-----------------+---------+-----+--------+-------+-----+
|       Name      | BRAM_18K| DSP |   FF   |  LUT  | URAM|
+-----------------+---------+-----+--------+-------+-----+
|DSP              |        -|    -|       -|      -|    -|
|Expression       |        -|    -|       0|    722|    -|
|FIFO             |        -|    -|       -|      -|    -|
|Instance         |        2|    -|    1176|   1395|    -|
|Memory           |        -|    -|       -|      -|    -|
|Multiplexer      |        -|    -|       0|    259|    -|
|Register         |        -|    -|     957|    128|    -|
+-----------------+---------+-----+--------+-------+-----+
|Total            |        2|    0|    2133|   2504|    0|
+-----------------+---------+-----+--------+-------+-----+
|Available        |      280|  220|  106400|  53200|    0|
+-----------------+---------+-----+--------+-------+-----+
|Utilization (%)  |       ~0|    0|       2|      4|    0|
+-----------------+---------+-----+--------+-------+-----+

+ Detail: 
    * Instance: 
    +-----------------+---------------+---------+----+-----+-----+-----+
    |     Instance    |     Module    | BRAM_18K| DSP|  FF | LUT | URAM|
    +-----------------+---------------+---------+----+-----+-----+-----+
    |control_s_axi_U  |control_s_axi  |        0|   0|  316|  552|    0|
    |gmem_m_axi_U     |gmem_m_axi     |        2|   0|  860|  843|    0|
    +-----------------+---------------+---------+----+-----+-----+-----+
    |Total            |               |        2|   0| 1176| 1395|    0|
    +-----------------+---------------+---------+----+-----+-----+-----+

    * DSP: 
    N/A

    * Memory: 
    N/A

    * FIFO: 
    N/A

    * Expression: 
    +---------------------------+----------+----+---+----+------------+------------+
    |       Variable Name       | Operation| DSP| FF| LUT| Bitwidth P0| Bitwidth P1|
    +---------------------------+----------+----+---+----+------------+------------+
    |add_ln24_1_fu_433_p2       |         +|   0|  0|  13|          10|           1|
    |add_ln24_fu_409_p2         |         +|   0|  0|  14|           6|           1|
    |add_ln36_1_fu_526_p2       |         +|   0|  0|  14|           9|           9|
    |add_ln36_fu_516_p2         |         +|   0|  0|  14|           9|           9|
    |add_ln39_fu_365_p2         |         +|   0|  0|  71|          64|          64|
    |add_ln40_fu_376_p2         |         +|   0|  0|  71|          64|          64|
    |add_ln41_fu_387_p2         |         +|   0|  0|  71|          64|          64|
    |empty_17_fu_317_p2         |         +|   0|  0|  13|          10|          10|
    |empty_19_fu_341_p2         |         +|   0|  0|  71|          64|          64|
    |empty_20_fu_347_p2         |         +|   0|  0|  71|          64|          64|
    |j_fu_398_p2                |         +|   0|  0|  14|           6|           1|
    |sum_fu_536_p2              |         +|   0|  0|  13|          10|          10|
    |tmp_fu_336_p2              |         +|   0|  0|  71|          64|          64|
    |ap_block_pp0_stage3_01001  |       and|   0|  0|   2|           1|           1|
    |ap_condition_769           |       and|   0|  0|   2|           1|           1|
    |ap_condition_773           |       and|   0|  0|   2|           1|           1|
    |ap_condition_777           |       and|   0|  0|   2|           1|           1|
    |icmp_ln24_fu_439_p2        |      icmp|   0|  0|  13|          10|           2|
    |icmp_ln25_fu_403_p2        |      icmp|   0|  0|  14|           6|           7|
    |icmp_ln34_1_fu_476_p2      |      icmp|   0|  0|  15|           8|           8|
    |icmp_ln34_2_fu_501_p2      |      icmp|   0|  0|  15|           8|           8|
    |icmp_ln34_fu_450_p2        |      icmp|   0|  0|  15|           8|           8|
    |icmp_ln35_1_fu_486_p2      |      icmp|   0|  0|  15|           8|           8|
    |icmp_ln35_2_fu_552_p2      |      icmp|   0|  0|  15|           8|           8|
    |icmp_ln35_fu_463_p2        |      icmp|   0|  0|  15|           8|           8|
    |ap_block_pp0_stage0_01001  |        or|   0|  0|   2|           1|           1|
    |ap_block_pp0_stage0_11001  |        or|   0|  0|   2|           1|           1|
    |ap_block_pp0_stage1_01001  |        or|   0|  0|   2|           1|           1|
    |ap_block_pp0_stage1_11001  |        or|   0|  0|   2|           1|           1|
    |ap_block_pp0_stage2_11001  |        or|   0|  0|   2|           1|           1|
    |ap_block_pp0_stage3_11001  |        or|   0|  0|   2|           1|           1|
    |ap_block_state16_io        |        or|   0|  0|   2|           1|           1|
    |i_fu_270_p3                |    select|   0|  0|   6|           1|           6|
    |max_val_1_fu_454_p3        |    select|   0|  0|   8|           1|           8|
    |max_val_3_fu_480_p3        |    select|   0|  0|   8|           1|           8|
    |max_val_5_fu_506_p3        |    select|   0|  0|   8|           1|           8|
    |min_val_1_fu_467_p3        |    select|   0|  0|   8|           1|           8|
    |min_val_2_fu_491_p3        |    select|   0|  0|   8|           1|           8|
    |min_val_3_fu_556_p3        |    select|   0|  0|   8|           1|           8|
    |select_ln24_fu_256_p3      |    select|   0|  0|   6|           1|           1|
    |ap_enable_pp0              |       xor|   0|  0|   2|           1|           2|
    +---------------------------+----------+----+---+----+------------+------------+
    |Total                      |          |   0|  0| 722|         528|         550|
    +---------------------------+----------+----+---+----+------------+------------+

    * Multiplexer: 
    +-------------------------------------+----+-----------+-----+-----------+
    |                 Name                | LUT| Input Size| Bits| Total Bits|
    +-------------------------------------+----+-----------+-----+-----------+
    |add_ln249_fu_122                     |   9|          2|    6|         12|
    |ap_NS_fsm                            |  25|          5|    1|          5|
    |ap_done_int                          |   9|          2|    1|          2|
    |ap_enable_reg_pp0_iter0              |   9|          2|    1|          2|
    |ap_enable_reg_pp0_iter5              |   9|          2|    1|          2|
    |ap_loop_exit_ready_pp0_iter1_reg     |   9|          2|    1|          2|
    |ap_loop_exit_ready_pp0_iter2_reg     |   9|          2|    1|          2|
    |ap_loop_exit_ready_pp0_iter3_reg     |   9|          2|    1|          2|
    |ap_loop_exit_ready_pp0_iter4_reg     |   9|          2|    1|          2|
    |ap_loop_exit_ready_pp0_iter5_reg     |   9|          2|    1|          2|
    |ap_phi_mux_icmp_ln258_phi_fu_225_p4  |   9|          2|    1|          2|
    |ap_sig_allocacmp_j7_load             |   9|          2|    6|         12|
    |gmem_ARADDR                          |  14|          3|   64|        192|
    |gmem_AWADDR                          |  20|          4|   64|        256|
    |gmem_WDATA                           |  20|          4|    8|         32|
    |gmem_blk_n_AR                        |   9|          2|    1|          2|
    |gmem_blk_n_AW                        |   9|          2|    1|          2|
    |gmem_blk_n_B                         |   9|          2|    1|          2|
    |gmem_blk_n_R                         |   9|          2|    1|          2|
    |gmem_blk_n_W                         |   9|          2|    1|          2|
    |i6_fu_114                            |   9|          2|    6|         12|
    |icmp_ln258_reg_222                   |   9|          2|    1|          2|
    |indvar_flatten5_fu_110               |   9|          2|   10|         20|
    |j7_fu_118                            |   9|          2|    6|         12|
    +-------------------------------------+----+-----------+-----+-----------+
    |Total                                | 259|         56|  186|        583|
    +-------------------------------------+----+-----------+-----+-----------+

    * Register: 
    +----------------------------------+----+----+-----+-----------+
    |               Name               | FF | LUT| Bits| Const Bits|
    +----------------------------------+----+----+-----+-----------+
    |add_ln249_fu_122                  |   6|   0|    6|          0|
    |ap_CS_fsm                         |   4|   0|    4|          0|
    |ap_done_reg                       |   1|   0|    1|          0|
    |ap_enable_reg_pp0_iter0_reg       |   1|   0|    1|          0|
    |ap_enable_reg_pp0_iter1           |   1|   0|    1|          0|
    |ap_enable_reg_pp0_iter2           |   1|   0|    1|          0|
    |ap_enable_reg_pp0_iter3           |   1|   0|    1|          0|
    |ap_enable_reg_pp0_iter4           |   1|   0|    1|          0|
    |ap_enable_reg_pp0_iter5           |   1|   0|    1|          0|
    |ap_loop_exit_ready_pp0_iter1_reg  |   1|   0|    1|          0|
    |ap_loop_exit_ready_pp0_iter2_reg  |   1|   0|    1|          0|
    |ap_loop_exit_ready_pp0_iter3_reg  |   1|   0|    1|          0|
    |ap_loop_exit_ready_pp0_iter4_reg  |   1|   0|    1|          0|
    |ap_loop_exit_ready_pp0_iter5_reg  |   1|   0|    1|          0|
    |avg_pool_read_reg_590             |  64|   0|   64|          0|
    |gmem_addr_1_reg_623               |  64|   0|   64|          0|
    |gmem_addr_2_reg_629               |  64|   0|   64|          0|
    |gmem_addr_3_reg_635               |  64|   0|   64|          0|
    |gmem_addr_4_reg_641               |  64|   0|   64|          0|
    |gmem_addr_reg_617                 |  64|   0|   64|          0|
    |i6_fu_114                         |   6|   0|    6|          0|
    |icmp_ln24_reg_652                 |   1|   0|    1|          0|
    |icmp_ln258_reg_222                |   1|   0|    1|          0|
    |icmp_ln25_reg_647                 |   1|   0|    1|          0|
    |in_img_read_reg_605               |  64|   0|   64|          0|
    |indvar_flatten5_fu_110            |  10|   0|   10|          0|
    |j7_fu_118                         |   6|   0|    6|          0|
    |max_pool_read_reg_600             |  64|   0|   64|          0|
    |max_val_1_reg_683                 |   8|   0|    8|          0|
    |max_val_5_reg_704                 |   8|   0|    8|          0|
    |min_pool_read_reg_595             |  64|   0|   64|          0|
    |min_val_2_reg_698                 |   8|   0|    8|          0|
    |min_val_3_reg_714                 |   8|   0|    8|          0|
    |select_ln24_reg_610               |   6|   0|    6|          0|
    |trunc_ln_reg_709                  |   8|   0|    8|          0|
    |val_1_reg_665                     |   8|   0|    8|          0|
    |val_2_reg_674                     |   8|   0|    8|          0|
    |val_3_reg_689                     |   8|   0|    8|          0|
    |val_reg_656                       |   8|   0|    8|          0|
    |gmem_addr_2_reg_629               |  64|  32|   64|          0|
    |gmem_addr_3_reg_635               |  64|  32|   64|          0|
    |gmem_addr_4_reg_641               |  64|  32|   64|          0|
    |icmp_ln24_reg_652                 |  64|  32|    1|          0|
    +----------------------------------+----+----+-----+-----------+
    |Total                             | 957| 128|  894|          0|
    +----------------------------------+----+----+-----+-----------+



================================================================
== Interface
================================================================
* Summary: 
+-----------------------+-----+-----+------------+--------------+--------------+
|       RTL Ports       | Dir | Bits|  Protocol  | Source Object|    C Type    |
+-----------------------+-----+-----+------------+--------------+--------------+
|s_axi_control_AWVALID  |   in|    1|       s_axi|       control|        scalar|
|s_axi_control_AWREADY  |  out|    1|       s_axi|       control|        scalar|
|s_axi_control_AWADDR   |   in|    6|       s_axi|       control|        scalar|
|s_axi_control_WVALID   |   in|    1|       s_axi|       control|        scalar|
|s_axi_control_WREADY   |  out|    1|       s_axi|       control|        scalar|
|s_axi_control_WDATA    |   in|   32|       s_axi|       control|        scalar|
|s_axi_control_WSTRB    |   in|    4|       s_axi|       control|        scalar|
|s_axi_control_ARVALID  |   in|    1|       s_axi|       control|        scalar|
|s_axi_control_ARREADY  |  out|    1|       s_axi|       control|        scalar|
|s_axi_control_ARADDR   |   in|    6|       s_axi|       control|        scalar|
|s_axi_control_RVALID   |  out|    1|       s_axi|       control|        scalar|
|s_axi_control_RREADY   |   in|    1|       s_axi|       control|        scalar|
|s_axi_control_RDATA    |  out|   32|       s_axi|       control|        scalar|
|s_axi_control_RRESP    |  out|    2|       s_axi|       control|        scalar|
|s_axi_control_BVALID   |  out|    1|       s_axi|       control|        scalar|
|s_axi_control_BREADY   |   in|    1|       s_axi|       control|        scalar|
|s_axi_control_BRESP    |  out|    2|       s_axi|       control|        scalar|
|ap_clk                 |   in|    1|  ap_ctrl_hs|      pollings|  return value|
|ap_rst_n               |   in|    1|  ap_ctrl_hs|      pollings|  return value|
|interrupt              |  out|    1|  ap_ctrl_hs|      pollings|  return value|
|m_axi_gmem_AWVALID     |  out|    1|       m_axi|          gmem|       pointer|
|m_axi_gmem_AWREADY     |   in|    1|       m_axi|          gmem|       pointer|
|m_axi_gmem_AWADDR      |  out|   64|       m_axi|          gmem|       pointer|
|m_axi_gmem_AWID        |  out|    1|       m_axi|          gmem|       pointer|
|m_axi_gmem_AWLEN       |  out|    8|       m_axi|          gmem|       pointer|
|m_axi_gmem_AWSIZE      |  out|    3|       m_axi|          gmem|       pointer|
|m_axi_gmem_AWBURST     |  out|    2|       m_axi|          gmem|       pointer|
|m_axi_gmem_AWLOCK      |  out|    2|       m_axi|          gmem|       pointer|
|m_axi_gmem_AWCACHE     |  out|    4|       m_axi|          gmem|       pointer|
|m_axi_gmem_AWPROT      |  out|    3|       m_axi|          gmem|       pointer|
|m_axi_gmem_AWQOS       |  out|    4|       m_axi|          gmem|       pointer|
|m_axi_gmem_AWREGION    |  out|    4|       m_axi|          gmem|       pointer|
|m_axi_gmem_AWUSER      |  out|    1|       m_axi|          gmem|       pointer|
|m_axi_gmem_WVALID      |  out|    1|       m_axi|          gmem|       pointer|
|m_axi_gmem_WREADY      |   in|    1|       m_axi|          gmem|       pointer|
|m_axi_gmem_WDATA       |  out|   32|       m_axi|          gmem|       pointer|
|m_axi_gmem_WSTRB       |  out|    4|       m_axi|          gmem|       pointer|
|m_axi_gmem_WLAST       |  out|    1|       m_axi|          gmem|       pointer|
|m_axi_gmem_WID         |  out|    1|       m_axi|          gmem|       pointer|
|m_axi_gmem_WUSER       |  out|    1|       m_axi|          gmem|       pointer|
|m_axi_gmem_ARVALID     |  out|    1|       m_axi|          gmem|       pointer|
|m_axi_gmem_ARREADY     |   in|    1|       m_axi|          gmem|       pointer|
|m_axi_gmem_ARADDR      |  out|   64|       m_axi|          gmem|       pointer|
|m_axi_gmem_ARID        |  out|    1|       m_axi|          gmem|       pointer|
|m_axi_gmem_ARLEN       |  out|    8|       m_axi|          gmem|       pointer|
|m_axi_gmem_ARSIZE      |  out|    3|       m_axi|          gmem|       pointer|
|m_axi_gmem_ARBURST     |  out|    2|       m_axi|          gmem|       pointer|
|m_axi_gmem_ARLOCK      |  out|    2|       m_axi|          gmem|       pointer|
|m_axi_gmem_ARCACHE     |  out|    4|       m_axi|          gmem|       pointer|
|m_axi_gmem_ARPROT      |  out|    3|       m_axi|          gmem|       pointer|
|m_axi_gmem_ARQOS       |  out|    4|       m_axi|          gmem|       pointer|
|m_axi_gmem_ARREGION    |  out|    4|       m_axi|          gmem|       pointer|
|m_axi_gmem_ARUSER      |  out|    1|       m_axi|          gmem|       pointer|
|m_axi_gmem_RVALID      |   in|    1|       m_axi|          gmem|       pointer|
|m_axi_gmem_RREADY      |  out|    1|       m_axi|          gmem|       pointer|
|m_axi_gmem_RDATA       |   in|   32|       m_axi|          gmem|       pointer|
|m_axi_gmem_RLAST       |   in|    1|       m_axi|          gmem|       pointer|
|m_axi_gmem_RID         |   in|    1|       m_axi|          gmem|       pointer|
|m_axi_gmem_RUSER       |   in|    1|       m_axi|          gmem|       pointer|
|m_axi_gmem_RRESP       |   in|    2|       m_axi|          gmem|       pointer|
|m_axi_gmem_BVALID      |   in|    1|       m_axi|          gmem|       pointer|
|m_axi_gmem_BREADY      |  out|    1|       m_axi|          gmem|       pointer|
|m_axi_gmem_BRESP       |   in|    2|       m_axi|          gmem|       pointer|
|m_axi_gmem_BID         |   in|    1|       m_axi|          gmem|       pointer|
|m_axi_gmem_BUSER       |   in|    1|       m_axi|          gmem|       pointer|
+-----------------------+-----+-----+------------+--------------+--------------+

