#-----------------------------------------------------------
# Vivado v2024.2 (64-bit)
# SW Build 5239630 on Fri Nov 08 22:35:27 MST 2024
# IP Build 5239520 on Sun Nov 10 16:12:51 MST 2024
# SharedData Build 5239561 on Fri Nov 08 14:39:27 MST 2024
# Start of session at: Wed May 14 20:39:52 2025
# Process ID         : 14480
# Current directory  : C:/SchoolWerk/HAC/HLSEindoefening/solution1/impl/ip
# Command line       : vivado.exe -notrace -mode batch -source run_ippack.tcl
# Log file           : C:/SchoolWerk/HAC/HLSEindoefening/solution1/impl/ip/vivado.log
# Journal file       : C:/SchoolWerk/HAC/HLSEindoefening/solution1/impl/ip\vivado.jou
# Running On         : Bowen
# Platform           : Windows Server 2016 or Windows 10
# Operating System   : 26100
# Processor Detail   : AMD Ryzen 5 9600X 6-Core Processor             
# CPU Frequency      : 3900 MHz
# CPU Physical cores : 6
# CPU Logical cores  : 12
# Host memory        : 33456 MB
# Swap memory        : 14495 MB
# Total Virtual      : 47952 MB
# Available Virtual  : 20188 MB
#-----------------------------------------------------------
source run_ippack.tcl -notrace
INFO: calling package_hls_ip ip_types=vitis sysgen json_file=C:/SchoolWerk/HAC/HLSEindoefening/solution1/solution1_data.json outdir=C:/SchoolWerk/HAC/HLSEindoefening/solution1/impl/ip srcdir=C:/SchoolWerk/HAC/HLSEindoefening/solution1 sort_interfaces_ports=false
INFO: Copied 1 ipmisc file(s) to C:/SchoolWerk/HAC/HLSEindoefening/solution1/impl/ip/misc
INFO: Copied 27 verilog file(s) to C:/SchoolWerk/HAC/HLSEindoefening/solution1/impl/ip/hdl/verilog
INFO: Copied 24 vhdl file(s) to C:/SchoolWerk/HAC/HLSEindoefening/solution1/impl/ip/hdl/vhdl
INFO: Copied 10 swdriver file(s) to C:/SchoolWerk/HAC/HLSEindoefening/solution1/impl/ip/drivers
WARNING: [Common 17-1496] Vivado tclapp support version doesn't have install/uninstall hooks. Please update support using ::tclapp::update_support command.
WARNING: [Common 17-1496] Vivado tclapp support version doesn't have install/uninstall hooks. Please update support using ::tclapp::update_support command.
WARNING: [Common 17-1496] Vivado tclapp support version doesn't have install/uninstall hooks. Please update support using ::tclapp::update_support command.
WARNING: [Common 17-1496] Vivado tclapp support version doesn't have install/uninstall hooks. Please update support using ::tclapp::update_support command.
WARNING: [Common 17-1496] Vivado tclapp support version doesn't have install/uninstall hooks. Please update support using ::tclapp::update_support command.
INFO: Import ports from HDL: C:/SchoolWerk/HAC/HLSEindoefening/solution1/impl/ip/hdl/vhdl/process_images.vhd (process_images)
INFO: Add axi4lite interface s_axi_control
INFO: Add axi4lite interface s_axi_control_r
INFO: Add clock interface ap_clk
INFO: Add reset interface ap_rst_n
INFO: Add interrupt interface interrupt
INFO: [IP_Flow 19-234] Refreshing IP repositories
INFO: [IP_Flow 19-1704] No user IP repositories specified
INFO: [IP_Flow 19-2313] Loaded Vivado IP repository 'C:/Xilinx/Vivado/2024.2/data/ip'.
INFO: Add axi4full interface m_axi_gmem
INFO: Calling post_process_vitis to specialize IP
INFO: Calling post_process_sysgen to specialize IP
Generating sysgen info xml from json file
INFO: Created IP C:/SchoolWerk/HAC/HLSEindoefening/solution1/impl/ip/component.xml
INFO: Created IP archive C:/SchoolWerk/HAC/HLSEindoefening/solution1/impl/ip/xilinx_com_hls_process_images_1_0.zip
INFO: [Common 17-206] Exiting Vivado at Wed May 14 20:39:58 2025...
