

================================================================
== Vitis HLS Report for 'Block_entry_gmem_wr_proc'
================================================================
* Date:           Wed May 14 20:37:45 2025

* Version:        2024.2 (Build 5238294 on Nov  8 2024)
* Project:        HLSEindoefening
* Solution:       solution1 (Vivado IP Flow Target)
* Product family: zynq
* Target device:  xc7z020-clg400-1


================================================================
== Performance Estimates
================================================================
+ Timing: 
    * Summary: 
    +--------+----------+----------+------------+
    |  Clock |  Target  | Estimated| Uncertainty|
    +--------+----------+----------+------------+
    |ap_clk  |  12.00 ns|  8.760 ns|     3.24 ns|
    +--------+----------+----------+------------+

+ Latency: 
    * Summary: 
    +---------+---------+-----------+----------+-----+-----+---------+
    |  Latency (cycles) |  Latency (absolute)  |  Interval | Pipeline|
    |   min   |   max   |    min    |    max   | min | max |   Type  |
    +---------+---------+-----------+----------+-----+-----+---------+
    |        2|        ?|  24.000 ns|         ?|    2|    ?|       no|
    +---------+---------+-----------+----------+-----+-----+---------+

    + Detail: 
        * Instance: 
        N/A

        * Loop: 
        +-------------------+---------+---------+----------+-----------+-----------+-------+----------+
        |                   |  Latency (cycles) | Iteration|  Initiation Interval  |  Trip |          |
        |     Loop Name     |   min   |   max   |  Latency |  achieved |   target  | Count | Pipelined|
        +-------------------+---------+---------+----------+-----------+-----------+-------+----------+
        |- VITIS_LOOP_83_1  |        3|        ?|         3|          -|          -|  1 ~ ?|        no|
        |- VITIS_LOOP_91_2  |       10|        ?|        10|          -|          -|  1 ~ ?|        no|
        +-------------------+---------+---------+----------+-----------+-----------+-------+----------+



================================================================
== Utilization Estimates
================================================================
* Summary: 
+-----------------+---------+-----+--------+-------+-----+
|       Name      | BRAM_18K| DSP |   FF   |  LUT  | URAM|
+-----------------+---------+-----+--------+-------+-----+
|DSP              |        -|    -|       -|      -|    -|
|Expression       |        -|    -|       0|    517|    -|
|FIFO             |        -|    -|       -|      -|    -|
|Instance         |        -|    -|       -|      -|    -|
|Memory           |        -|    -|       -|      -|    -|
|Multiplexer      |        -|    -|       0|    260|    -|
|Register         |        -|    -|     695|      -|    -|
+-----------------+---------+-----+--------+-------+-----+
|Total            |        0|    0|     695|    777|    0|
+-----------------+---------+-----+--------+-------+-----+
|Available        |      280|  220|  106400|  53200|    0|
+-----------------+---------+-----+--------+-------+-----+
|Utilization (%)  |        0|    0|      ~0|      1|    0|
+-----------------+---------+-----+--------+-------+-----+

+ Detail: 
    * Instance: 
    N/A

    * DSP: 
    N/A

    * Memory: 
    N/A

    * FIFO: 
    N/A

    * Expression: 
    +-----------------------+----------+----+---+----+------------+------------+
    |     Variable Name     | Operation| DSP| FF| LUT| Bitwidth P0| Bitwidth P1|
    +-----------------------+----------+----+---+----+------------+------------+
    |add_ln83_fu_292_p2     |         +|   0|  0|  39|          32|           1|
    |add_ln91_fu_333_p2     |         +|   0|  0|  39|          32|           1|
    |add_ln93_fu_346_p2     |         +|   0|  0|  71|          64|          64|
    |add_ln94_fu_357_p2     |         +|   0|  0|  71|          64|          64|
    |add_ln95_fu_368_p2     |         +|   0|  0|  71|          64|          64|
    |ap_block_state10       |       and|   0|  0|   2|           1|           1|
    |icmp_ln83_1_fu_287_p2  |      icmp|   0|  0|  39|          32|          32|
    |icmp_ln83_fu_272_p2    |      icmp|   0|  0|  39|          32|           1|
    |icmp_ln91_1_fu_328_p2  |      icmp|   0|  0|  39|          32|          32|
    |icmp_ln91_fu_308_p2    |      icmp|   0|  0|  39|          32|           1|
    |ap_block_state1        |        or|   0|  0|   2|           1|           1|
    |ap_block_state13_io    |        or|   0|  0|   2|           1|           1|
    |select_ln83_fu_277_p3  |    select|   0|  0|  32|           1|          32|
    |select_ln91_fu_313_p3  |    select|   0|  0|  32|           1|          32|
    +-----------------------+----------+----+---+----+------------+------------+
    |Total                  |          |   0|  0| 517|         389|         327|
    +-----------------------+----------+----+---+----+------------+------------+

    * Multiplexer: 
    +---------------------+-----+-----------+-----+-----------+
    |         Name        | LUT | Input Size| Bits| Total Bits|
    +---------------------+-----+-----------+-----+-----------+
    |ap_NS_fsm            |  106|         21|    1|         21|
    |ap_done              |    9|          2|    1|          2|
    |avg_output_blk_n     |    9|          2|    1|          2|
    |conv_output_blk_n    |    9|          2|    1|          2|
    |gmem_blk_n_AW        |    9|          2|    1|          2|
    |gmem_blk_n_B         |    9|          2|    1|          2|
    |gmem_blk_n_W         |    9|          2|    1|          2|
    |i_1_fu_90            |    9|          2|   32|         64|
    |i_fu_86              |    9|          2|   32|         64|
    |m_axi_gmem_0_AWADDR  |   25|          5|   64|        320|
    |m_axi_gmem_0_AWLEN   |   14|          3|   32|         96|
    |m_axi_gmem_0_WDATA   |   25|          5|    8|         40|
    |max_output_blk_n     |    9|          2|    1|          2|
    |min_output_blk_n     |    9|          2|    1|          2|
    +---------------------+-----+-----------+-----+-----------+
    |Total                |  260|         54|  177|        621|
    +---------------------+-----+-----------+-----+-----------+

    * Register: 
    +--------------------------+----+----+-----+-----------+
    |           Name           | FF | LUT| Bits| Const Bits|
    +--------------------------+----+----+-----+-----------+
    |ap_CS_fsm                 |  20|   0|   20|          0|
    |ap_done_reg               |   1|   0|    1|          0|
    |avg_output_read_reg_405   |  64|   0|   64|          0|
    |avg_result_load_reg_509   |   8|   0|    8|          0|
    |conv_result_load_reg_446  |   8|   0|    8|          0|
    |gmem_addr_10_reg_482      |  64|   0|   64|          0|
    |gmem_addr_11_reg_493      |  64|   0|   64|          0|
    |gmem_addr_9_reg_471       |  64|   0|   64|          0|
    |gmem_addr_reg_427         |  64|   0|   64|          0|
    |i_1_fu_90                 |  32|   0|   32|          0|
    |i_fu_86                   |  32|   0|   32|          0|
    |max_output_read_reg_415   |  64|   0|   64|          0|
    |max_result_load_reg_499   |   8|   0|    8|          0|
    |min_output_read_reg_410   |  64|   0|   64|          0|
    |min_result_load_reg_504   |   8|   0|    8|          0|
    |p_read33_reg_401          |   1|   0|    1|          0|
    |p_read_1_reg_384          |  32|   0|   32|          0|
    |p_read_2_reg_390          |   1|   0|    1|          0|
    |p_read_3_reg_394          |  32|   0|   32|          0|
    |select_ln83_reg_433       |  32|   0|   32|          0|
    |select_ln91_reg_458       |  32|   0|   32|          0|
    +--------------------------+----+----+-----+-----------+
    |Total                     | 695|   0|  695|          0|
    +--------------------------+----+----+-----+-----------+



================================================================
== Interface
================================================================
* Summary: 
+----------------------------+-----+-----+------------+--------------------------+--------------+
|          RTL Ports         | Dir | Bits|  Protocol  |       Source Object      |    C Type    |
+----------------------------+-----+-----+------------+--------------------------+--------------+
|ap_clk                      |   in|    1|  ap_ctrl_hs|  Block_entry_gmem_wr_proc|  return value|
|ap_rst                      |   in|    1|  ap_ctrl_hs|  Block_entry_gmem_wr_proc|  return value|
|ap_start                    |   in|    1|  ap_ctrl_hs|  Block_entry_gmem_wr_proc|  return value|
|ap_done                     |  out|    1|  ap_ctrl_hs|  Block_entry_gmem_wr_proc|  return value|
|ap_continue                 |   in|    1|  ap_ctrl_hs|  Block_entry_gmem_wr_proc|  return value|
|ap_idle                     |  out|    1|  ap_ctrl_hs|  Block_entry_gmem_wr_proc|  return value|
|ap_ready                    |  out|    1|  ap_ctrl_hs|  Block_entry_gmem_wr_proc|  return value|
|p_read                      |   in|    1|     ap_none|                    p_read|        scalar|
|p_read1                     |   in|   32|     ap_none|                   p_read1|        scalar|
|m_axi_gmem_0_AWVALID        |  out|    1|       m_axi|                      gmem|       pointer|
|m_axi_gmem_0_AWREADY        |   in|    1|       m_axi|                      gmem|       pointer|
|m_axi_gmem_0_AWADDR         |  out|   64|       m_axi|                      gmem|       pointer|
|m_axi_gmem_0_AWID           |  out|    1|       m_axi|                      gmem|       pointer|
|m_axi_gmem_0_AWLEN          |  out|   32|       m_axi|                      gmem|       pointer|
|m_axi_gmem_0_AWSIZE         |  out|    3|       m_axi|                      gmem|       pointer|
|m_axi_gmem_0_AWBURST        |  out|    2|       m_axi|                      gmem|       pointer|
|m_axi_gmem_0_AWLOCK         |  out|    2|       m_axi|                      gmem|       pointer|
|m_axi_gmem_0_AWCACHE        |  out|    4|       m_axi|                      gmem|       pointer|
|m_axi_gmem_0_AWPROT         |  out|    3|       m_axi|                      gmem|       pointer|
|m_axi_gmem_0_AWQOS          |  out|    4|       m_axi|                      gmem|       pointer|
|m_axi_gmem_0_AWREGION       |  out|    4|       m_axi|                      gmem|       pointer|
|m_axi_gmem_0_AWUSER         |  out|    1|       m_axi|                      gmem|       pointer|
|m_axi_gmem_0_WVALID         |  out|    1|       m_axi|                      gmem|       pointer|
|m_axi_gmem_0_WREADY         |   in|    1|       m_axi|                      gmem|       pointer|
|m_axi_gmem_0_WDATA          |  out|    8|       m_axi|                      gmem|       pointer|
|m_axi_gmem_0_WSTRB          |  out|    1|       m_axi|                      gmem|       pointer|
|m_axi_gmem_0_WLAST          |  out|    1|       m_axi|                      gmem|       pointer|
|m_axi_gmem_0_WID            |  out|    1|       m_axi|                      gmem|       pointer|
|m_axi_gmem_0_WUSER          |  out|    1|       m_axi|                      gmem|       pointer|
|m_axi_gmem_0_ARVALID        |  out|    1|       m_axi|                      gmem|       pointer|
|m_axi_gmem_0_ARREADY        |   in|    1|       m_axi|                      gmem|       pointer|
|m_axi_gmem_0_ARADDR         |  out|   64|       m_axi|                      gmem|       pointer|
|m_axi_gmem_0_ARID           |  out|    1|       m_axi|                      gmem|       pointer|
|m_axi_gmem_0_ARLEN          |  out|   32|       m_axi|                      gmem|       pointer|
|m_axi_gmem_0_ARSIZE         |  out|    3|       m_axi|                      gmem|       pointer|
|m_axi_gmem_0_ARBURST        |  out|    2|       m_axi|                      gmem|       pointer|
|m_axi_gmem_0_ARLOCK         |  out|    2|       m_axi|                      gmem|       pointer|
|m_axi_gmem_0_ARCACHE        |  out|    4|       m_axi|                      gmem|       pointer|
|m_axi_gmem_0_ARPROT         |  out|    3|       m_axi|                      gmem|       pointer|
|m_axi_gmem_0_ARQOS          |  out|    4|       m_axi|                      gmem|       pointer|
|m_axi_gmem_0_ARREGION       |  out|    4|       m_axi|                      gmem|       pointer|
|m_axi_gmem_0_ARUSER         |  out|    1|       m_axi|                      gmem|       pointer|
|m_axi_gmem_0_RVALID         |   in|    1|       m_axi|                      gmem|       pointer|
|m_axi_gmem_0_RREADY         |  out|    1|       m_axi|                      gmem|       pointer|
|m_axi_gmem_0_RDATA          |   in|    8|       m_axi|                      gmem|       pointer|
|m_axi_gmem_0_RLAST          |   in|    1|       m_axi|                      gmem|       pointer|
|m_axi_gmem_0_RID            |   in|    1|       m_axi|                      gmem|       pointer|
|m_axi_gmem_0_RFIFONUM       |   in|   11|       m_axi|                      gmem|       pointer|
|m_axi_gmem_0_RUSER          |   in|    1|       m_axi|                      gmem|       pointer|
|m_axi_gmem_0_RRESP          |   in|    2|       m_axi|                      gmem|       pointer|
|m_axi_gmem_0_BVALID         |   in|    1|       m_axi|                      gmem|       pointer|
|m_axi_gmem_0_BREADY         |  out|    1|       m_axi|                      gmem|       pointer|
|m_axi_gmem_0_BRESP          |   in|    2|       m_axi|                      gmem|       pointer|
|m_axi_gmem_0_BID            |   in|    1|       m_axi|                      gmem|       pointer|
|m_axi_gmem_0_BUSER          |   in|    1|       m_axi|                      gmem|       pointer|
|conv_output_dout            |   in|   64|     ap_fifo|               conv_output|       pointer|
|conv_output_empty_n         |   in|    1|     ap_fifo|               conv_output|       pointer|
|conv_output_read            |  out|    1|     ap_fifo|               conv_output|       pointer|
|conv_output_num_data_valid  |   in|    3|     ap_fifo|               conv_output|       pointer|
|conv_output_fifo_cap        |   in|    3|     ap_fifo|               conv_output|       pointer|
|conv_result_address0        |  out|   22|   ap_memory|               conv_result|         array|
|conv_result_ce0             |  out|    1|   ap_memory|               conv_result|         array|
|conv_result_q0              |   in|    8|   ap_memory|               conv_result|         array|
|p_read2                     |   in|    1|     ap_none|                   p_read2|        scalar|
|p_read3                     |   in|   32|     ap_none|                   p_read3|        scalar|
|max_result_address0         |  out|   20|   ap_memory|                max_result|         array|
|max_result_ce0              |  out|    1|   ap_memory|                max_result|         array|
|max_result_q0               |   in|    8|   ap_memory|                max_result|         array|
|max_output_dout             |   in|   64|     ap_fifo|                max_output|       pointer|
|max_output_empty_n          |   in|    1|     ap_fifo|                max_output|       pointer|
|max_output_read             |  out|    1|     ap_fifo|                max_output|       pointer|
|max_output_num_data_valid   |   in|    3|     ap_fifo|                max_output|       pointer|
|max_output_fifo_cap         |   in|    3|     ap_fifo|                max_output|       pointer|
|min_result_address0         |  out|   20|   ap_memory|                min_result|         array|
|min_result_ce0              |  out|    1|   ap_memory|                min_result|         array|
|min_result_q0               |   in|    8|   ap_memory|                min_result|         array|
|min_output_dout             |   in|   64|     ap_fifo|                min_output|       pointer|
|min_output_empty_n          |   in|    1|     ap_fifo|                min_output|       pointer|
|min_output_read             |  out|    1|     ap_fifo|                min_output|       pointer|
|min_output_num_data_valid   |   in|    3|     ap_fifo|                min_output|       pointer|
|min_output_fifo_cap         |   in|    3|     ap_fifo|                min_output|       pointer|
|avg_result_address0         |  out|   20|   ap_memory|                avg_result|         array|
|avg_result_ce0              |  out|    1|   ap_memory|                avg_result|         array|
|avg_result_q0               |   in|    8|   ap_memory|                avg_result|         array|
|avg_output_dout             |   in|   64|     ap_fifo|                avg_output|       pointer|
|avg_output_empty_n          |   in|    1|     ap_fifo|                avg_output|       pointer|
|avg_output_read             |  out|    1|     ap_fifo|                avg_output|       pointer|
|avg_output_num_data_valid   |   in|    3|     ap_fifo|                avg_output|       pointer|
|avg_output_fifo_cap         |   in|    3|     ap_fifo|                avg_output|       pointer|
+----------------------------+-----+-----+------------+--------------------------+--------------+

