================================================================
== Design Size Report
================================================================

* Total Instructions per Compilation Phase
+---------------+-----------------------------+--------------+----------------------------------------------------------------------------------------+
| Phase         | Step                        | Instructions | Description                                                                            |
+---------------+-----------------------------+--------------+----------------------------------------------------------------------------------------+
| Compile/Link  |                             | 741          | After all functions are compiled and linked into a single design                       |
|               |                             |              |                                                                                        |
| Unroll/Inline |                             |              | After user unroll and inline pragmas are applied                                       |
|               | (1) unroll                  | 790          | user unroll pragmas are applied                                                        |
|               | (2) simplification          | 458          | simplification of applied user unroll pragmas                                          |
|               | (3) inline                  | 438          | user inline pragmas are applied                                                        |
|               | (4) simplification          | 377          | simplification of applied user inline pragmas                                          |
|               |                             |              |                                                                                        |
| Array/Struct  |                             |              | After user array partition and struct aggregate/disaggregate pragmas are applied       |
|               | (1) array partition         | 306          | user array partition pragmas are applied                                               |
|               | (2) simplification          | 306          | simplification of applied user array partition & struct aggregate/disaggregate pragmas |
|               | (3) aggregate/disaggregate  | 306          | user struct aggregate/disaggregate pragmas are applied                                 |
|               | (4) array reshape           | 306          | apply array reshape pragmas                                                            |
|               | (5) access patterns         | 323          | array access pattern optmizations                                                      |
|               |                             |              |                                                                                        |
| Performance   |                             |              | After transformations are applied to meet performance pragma targets                   |
|               | (1) loop simplification     | 332          | loop and instruction simplification                                                    |
|               | (2) parallelization         | 332          | loops are unrolled or pipelined to meet performance targets                            |
|               | (3) array partition         | 324          | arrays are partitioned to meet performance targets                                     |
|               | (4) simplification          | 324          | simplification of design after performance transformations                             |
|               |                             |              |                                                                                        |
| HW Transforms |                             |              | After hardware transfomations                                                          |
|               | (1) lowering                | 346          | initial conversion to HW specific instructions                                         |
|               | (2) optimizations           | 386          | high level synthesis optimizations                                                     |
+---------------+-----------------------------+--------------+----------------------------------------------------------------------------------------+

* Instructions per Function for each Compilation Phase
+------------------+-------------------------+---------------+---------------+---------------+---------------+---------------+
| Function         | Location                | Compile/Link  | Unroll/Inline | Array/Struct  | Performance   | HW Transforms |
+------------------+-------------------------+---------------+---------------+---------------+---------------+---------------+
| + process_images | hls_process_images.c:52 | 741           | 377           | 323           | 324           | 386           |
|    convolution   | hls_process_images.c:4  |  83           |  97           |  97           |  95           |               |
|    pooling       | hls_process_images.c:27 | 567 (3 calls) | 216 (3 calls) | 162 (3 calls) | 165 (3 calls) |               |
+------------------+-------------------------+---------------+---------------+---------------+---------------+---------------+

* Design Size Message Settings
+---------------------------------------------+--------+------------------------------------------------------------------+
| Message Setting                             | Value  | Description                                                      |
+---------------------------------------------+--------+------------------------------------------------------------------+
| config_compile -design_size_maximum_warning | 100000 | Show a warning when total design instructions exceeds this value |
+---------------------------------------------+--------+------------------------------------------------------------------+


